[Device Install Log]
     OS Version = 10.0.16299
     Service Pack = 0.0
     Suite = 0x0100
     ProductType = 1
     Architecture = amd64

[BeginLog]

[Boot Session: 2019/01/18 22:04:08.488]

>>>  [Sysprep Specialize - {b92e4d56-0afb-caa9-7083-db35ae926b09}]
>>>  Section start 2019/01/18 22:04:30.471
<<<  Section end 2019/01/18 22:04:35.988
<<<  [Exit status: SUCCESS]


>>>  [Setup Update Driver Package Signatures]
>>>  Section start 2019/01/18 22:04:30.611
     set: No driver package signatures to update.
<<<  Section end 2019/01/18 22:04:30.689
<<<  [Exit status: SUCCESS]


>>>  [Setup Plug and Play Device Install]
>>>  Section start 2019/01/18 22:04:30.689
     set: ACPI\PNP0C02\4 -> Configured [machine.inf:*PNP0C02,NO_DRV_MBRES] (ConfigFlags = 0x00000000).
     set: ACPI\ACPI0003\1 -> Configured [cmbatt.inf:ACPI\ACPI0003,AcAdapter_Inst] and started (ConfigFlags = 0x00000000).
     set: ACPI\PNP0A05\10 -> Configured [machine.inf:*PNP0A05,NO_DRV_X_PNP] and started (ConfigFlags = 0x00000000).
     set: ACPI\PNP0A05\11 -> Configured [machine.inf:*PNP0A05,NO_DRV_X_PNP] and started (ConfigFlags = 0x00000000).
     set: ACPI\PNP0A05\12 -> Configured [machine.inf:*PNP0A05,NO_DRV_X_PNP] and started (ConfigFlags = 0x00000000).
     set: ACPI\PNP0A05\13 -> Configured [machine.inf:*PNP0A05,NO_DRV_X_PNP] and started (ConfigFlags = 0x00000000).
     set: ACPI\PNP0A05\14 -> Configured [machine.inf:*PNP0A05,NO_DRV_X_PNP] and started (ConfigFlags = 0x00000000).
     set: ACPI\PNP0A05\15 -> Configured [machine.inf:*PNP0A05,NO_DRV_X_PNP] and started (ConfigFlags = 0x00000000).
     set: ACPI\PNP0A05\16 -> Configured [machine.inf:*PNP0A05,NO_DRV_X_PNP] and started (ConfigFlags = 0x00000000).
     set: ACPI\PNP0A05\17 -> Configured [machine.inf:*PNP0A05,NO_DRV_X_PNP] and started (ConfigFlags = 0x00000000).
     set: ACPI\PNP0A05\18 -> Configured [machine.inf:*PNP0A05,NO_DRV_X_PNP] and started (ConfigFlags = 0x00000000).
     set: ACPI\PNP0A05\19 -> Configured [machine.inf:*PNP0A05,NO_DRV_X_PNP] and started (ConfigFlags = 0x00000000).
     set: ACPI\PNP0A05\1A -> Configured [machine.inf:*PNP0A05,NO_DRV_X_PNP] and started (ConfigFlags = 0x00000000).
     set: ACPI\PNP0A05\1B -> Configured [machine.inf:*PNP0A05,NO_DRV_X_PNP] and started (ConfigFlags = 0x00000000).
     set: ACPI\PNP0A05\1C -> Configured [machine.inf:*PNP0A05,NO_DRV_X_PNP] and started (ConfigFlags = 0x00000000).
     set: ACPI\PNP0A05\1D -> Configured [machine.inf:*PNP0A05,NO_DRV_X_PNP] and started (ConfigFlags = 0x00000000).
     set: ACPI\PNP0A05\1E -> Configured [machine.inf:*PNP0A05,NO_DRV_X_PNP] and started (ConfigFlags = 0x00000000).
     set: ACPI\PNP0A05\1F -> Configured [machine.inf:*PNP0A05,NO_DRV_X_PNP] and started (ConfigFlags = 0x00000000).
     set: ACPI\PNP0A05\20 -> Configured [machine.inf:*PNP0A05,NO_DRV_X_PNP] and started (ConfigFlags = 0x00000000).
     set: ACPI\PNP0A05\21 -> Configured [machine.inf:*PNP0A05,NO_DRV_X_PNP] and started (ConfigFlags = 0x00000000).
     set: ACPI\PNP0A05\22 -> Configured [machine.inf:*PNP0A05,NO_DRV_X_PNP] and started (ConfigFlags = 0x00000000).
     set: ACPI\PNP0A05\23 -> Configured [machine.inf:*PNP0A05,NO_DRV_X_PNP] and started (ConfigFlags = 0x00000000).
     set: ACPI\PNP0A05\24 -> Configured [machine.inf:*PNP0A05,NO_DRV_X_PNP] and started (ConfigFlags = 0x00000000).
     set: ACPI\PNP0A05\25 -> Configured [machine.inf:*PNP0A05,NO_DRV_X_PNP] and started (ConfigFlags = 0x00000000).
     set: ACPI\PNP0A05\26 -> Configured [machine.inf:*PNP0A05,NO_DRV_X_PNP] and started (ConfigFlags = 0x00000000).
     set: ACPI\PNP0A05\27 -> Configured [machine.inf:*PNP0A05,NO_DRV_X_PNP] and started (ConfigFlags = 0x00000000).
     set: ACPI\PNP0A05\28 -> Configured [machine.inf:*PNP0A05,NO_DRV_X_PNP] and started (ConfigFlags = 0x00000000).
     set: ACPI\PNP0A05\29 -> Configured [machine.inf:*PNP0A05,NO_DRV_X_PNP] and started (ConfigFlags = 0x00000000).
     set: ACPI\PNP0A05\2A -> Configured [machine.inf:*PNP0A05,NO_DRV_X_PNP] and started (ConfigFlags = 0x00000000).
     set: ACPI\PNP0A05\2B -> Configured [machine.inf:*PNP0A05,NO_DRV_X_PNP] and started (ConfigFlags = 0x00000000).
     set: ACPI\PNP0A05\2C -> Configured [machine.inf:*PNP0A05,NO_DRV_X_PNP] and started (ConfigFlags = 0x00000000).
     set: ACPI\PNP0A05\2D -> Configured [machine.inf:*PNP0A05,NO_DRV_X_PNP] and started (ConfigFlags = 0x00000000).
     set: ACPI\PNP0A05\2E -> Configured [machine.inf:*PNP0A05,NO_DRV_X_PNP] and started (ConfigFlags = 0x00000000).
     set: ACPI\PNP0A05\2F -> Configured [machine.inf:*PNP0A05,NO_DRV_X_PNP] and started (ConfigFlags = 0x00000000).
     set: ACPI\PNP0A05\30 -> Configured [machine.inf:*PNP0A05,NO_DRV_X_PNP] and started (ConfigFlags = 0x00000000).
     set: ACPI\PNP0A05\31 -> Configured [machine.inf:*PNP0A05,NO_DRV_X_PNP] and started (ConfigFlags = 0x00000000).
     set: ACPI\PNP0A05\32 -> Configured [machine.inf:*PNP0A05,NO_DRV_X_PNP] and started (ConfigFlags = 0x00000000).
     set: ACPI\PNP0A05\33 -> Configured [machine.inf:*PNP0A05,NO_DRV_X_PNP] and started (ConfigFlags = 0x00000000).
     set: ACPI\PNP0A05\34 -> Configured [machine.inf:*PNP0A05,NO_DRV_X_PNP] and started (ConfigFlags = 0x00000000).
     set: ACPI\PNP0A05\35 -> Configured [machine.inf:*PNP0A05,NO_DRV_X_PNP] and started (ConfigFlags = 0x00000000).
     set: ACPI\PNP0A05\36 -> Configured [machine.inf:*PNP0A05,NO_DRV_X_PNP] and started (ConfigFlags = 0x00000000).
     set: ACPI\PNP0A05\37 -> Configured [machine.inf:*PNP0A05,NO_DRV_X_PNP] and started (ConfigFlags = 0x00000000).
     set: ACPI\PNP0A05\38 -> Configured [machine.inf:*PNP0A05,NO_DRV_X_PNP] and started (ConfigFlags = 0x00000000).
     set: ACPI\PNP0A05\39 -> Configured [machine.inf:*PNP0A05,NO_DRV_X_PNP] and started (ConfigFlags = 0x00000000).
     set: ACPI\PNP0A05\3A -> Configured [machine.inf:*PNP0A05,NO_DRV_X_PNP] and started (ConfigFlags = 0x00000000).
     set: ACPI\PNP0A05\3B -> Configured [machine.inf:*PNP0A05,NO_DRV_X_PNP] and started (ConfigFlags = 0x00000000).
     set: ACPI\PNP0A05\3C -> Configured [machine.inf:*PNP0A05,NO_DRV_X_PNP] and started (ConfigFlags = 0x00000000).
     set: ACPI\PNP0A05\3D -> Configured [machine.inf:*PNP0A05,NO_DRV_X_PNP] and started (ConfigFlags = 0x00000000).
     set: ACPI\PNP0A05\3E -> Configured [machine.inf:*PNP0A05,NO_DRV_X_PNP] and started (ConfigFlags = 0x00000000).
     set: ACPI\PNP0A05\3F -> Configured [machine.inf:*PNP0A05,NO_DRV_X_PNP] and started (ConfigFlags = 0x00000000).
     set: ACPI\PNP0A05\40 -> Configured [machine.inf:*PNP0A05,NO_DRV_X_PNP] and started (ConfigFlags = 0x00000000).
     set: ACPI\PNP0A05\41 -> Configured [machine.inf:*PNP0A05,NO_DRV_X_PNP] and started (ConfigFlags = 0x00000000).
     set: ACPI\PNP0A05\42 -> Configured [machine.inf:*PNP0A05,NO_DRV_X_PNP] and started (ConfigFlags = 0x00000000).
     set: ACPI\PNP0A05\43 -> Configured [machine.inf:*PNP0A05,NO_DRV_X_PNP] and started (ConfigFlags = 0x00000000).
     set: ACPI\PNP0A05\44 -> Configured [machine.inf:*PNP0A05,NO_DRV_X_PNP] and started (ConfigFlags = 0x00000000).
     set: ACPI\PNP0A05\45 -> Configured [machine.inf:*PNP0A05,NO_DRV_X_PNP] and started (ConfigFlags = 0x00000000).
     set: ACPI\PNP0A05\46 -> Configured [machine.inf:*PNP0A05,NO_DRV_X_PNP] and started (ConfigFlags = 0x00000000).
     set: ACPI\PNP0A05\47 -> Configured [machine.inf:*PNP0A05,NO_DRV_X_PNP] and started (ConfigFlags = 0x00000000).
     set: ACPI\PNP0A05\48 -> Configured [machine.inf:*PNP0A05,NO_DRV_X_PNP] and started (ConfigFlags = 0x00000000).
     set: ACPI\PNP0A05\49 -> Configured [machine.inf:*PNP0A05,NO_DRV_X_PNP] and started (ConfigFlags = 0x00000000).
     set: ACPI\PNP0A05\4A -> Configured [machine.inf:*PNP0A05,NO_DRV_X_PNP] and started (ConfigFlags = 0x00000000).
     set: ACPI\PNP0A05\4B -> Configured [machine.inf:*PNP0A05,NO_DRV_X_PNP] and started (ConfigFlags = 0x00000000).
     set: ACPI\PNP0A05\4C -> Configured [machine.inf:*PNP0A05,NO_DRV_X_PNP] and started (ConfigFlags = 0x00000000).
     set: ACPI\PNP0A05\4D -> Configured [machine.inf:*PNP0A05,NO_DRV_X_PNP] and started (ConfigFlags = 0x00000000).
     set: ACPI\PNP0A05\4E -> Configured [machine.inf:*PNP0A05,NO_DRV_X_PNP] and started (ConfigFlags = 0x00000000).
     set: ACPI\PNP0A05\4F -> Configured [machine.inf:*PNP0A05,NO_DRV_X_PNP] and started (ConfigFlags = 0x00000000).
     set: ACPI\PNP0A05\50 -> Configured [machine.inf:*PNP0A05,NO_DRV_X_PNP] and started (ConfigFlags = 0x00000000).
     set: ACPI\PNP0A05\51 -> Configured [machine.inf:*PNP0A05,NO_DRV_X_PNP] and started (ConfigFlags = 0x00000000).
     set: ACPI\PNP0A05\52 -> Configured [machine.inf:*PNP0A05,NO_DRV_X_PNP] and started (ConfigFlags = 0x00000000).
     set: ACPI\PNP0A05\53 -> Configured [machine.inf:*PNP0A05,NO_DRV_X_PNP] and started (ConfigFlags = 0x00000000).
     set: ACPI\PNP0A05\54 -> Configured [machine.inf:*PNP0A05,NO_DRV_X_PNP] and started (ConfigFlags = 0x00000000).
     set: ACPI\PNP0A05\55 -> Configured [machine.inf:*PNP0A05,NO_DRV_X_PNP] and started (ConfigFlags = 0x00000000).
     set: ACPI\PNP0A05\56 -> Configured [machine.inf:*PNP0A05,NO_DRV_X_PNP] and started (ConfigFlags = 0x00000000).
     set: ACPI\PNP0A05\57 -> Configured [machine.inf:*PNP0A05,NO_DRV_X_PNP] and started (ConfigFlags = 0x00000000).
     set: PCI\VEN_1000&DEV_0054&SUBSYS_197615AD&REV_01\4&2509F6E&0&00A8 -> Configured [lsi_sas.inf:PCI\VEN_1000&DEV_0054,LSI_SAS_Inst] and started (ConfigFlags = 0x00000000).
     set: PCI\VEN_8086&DEV_7191&SUBSYS_00000000&REV_01\3&61AAA01&0&08 -> Configured [pci.inf:PCI\CC_0604,PCI_BRIDGE] and started (ConfigFlags = 0x00000000).
     set: PCI\VEN_15AD&DEV_07E0&SUBSYS_07E015AD&REV_00\4&BBF9765&0&2088 -> Configured [mshdc.inf:PCI\CC_010601,msahci_Inst] and started (ConfigFlags = 0x00000000).
     set: ROOT\VOLMGR\0000 -> Configured [volmgr.inf:ROOT\VOLMGR,Volmgr] and started (ConfigFlags = 0x00040000).
     set: ACPI\PNP0A03\2&DABA3FF&0 -> Configured [pci.inf:*PNP0A03,PCI_ROOT] and started (ConfigFlags = 0x00000000).
     set: STORAGE\VOLUME\{08A84D47-1BB0-11E9-ABC3-806E6F6E6963}#0000000025700000 -> Configured [volume.inf:STORAGE\Volume,volume_install.NT] and started (ConfigFlags = 0x00000000).
     set: ACPI\VMW0001\7 -> Configured [wgencounter.inf:VM_Gen_Counter,VmGenCounter.NT] and started (ConfigFlags = 0x00000000).
     set: ROOT\BASICDISPLAY\0000 -> Configured [basicdisplay.inf:ROOT\BasicDisplay,MSBDD_Fallback] and started (ConfigFlags = 0x00000000).
     set: USB\VID_0E0F&PID_0003&MI_00\7&1FFDA586&0&0000 -> Configured [input.inf:USB\Class_03,HID_Inst.NT] and started (ConfigFlags = 0x00000000).
     set: STORAGE\VOLUME\{08A84D47-1BB0-11E9-ABC3-806E6F6E6963}#0000000000100000 -> Configured [volume.inf:STORAGE\Volume,volume_install.NT] and started (ConfigFlags = 0x00000000).
     set: USB\ROOT_HUB30\5&20BE2FCD&0&0 -> Configured [usbhub3.inf:USB\ROOT_HUB30,Generic.Install.NT] and started (ConfigFlags = 0x00000000).
     set: ACPI\PNP0103\4&1BD7F811&0 -> Configured [machine.inf:*PNP0103,NO_DRV_HPET] (ConfigFlags = 0x00000000).
     set: ROOT\COMPOSITEBUS\0000 -> Configured [compositebus.inf:ROOT\CompositeBus,CompositeBus_Device.NT] and started (ConfigFlags = 0x00000000).
     set: ROOT\VDRVROOT\0000 -> Configured [vdrvroot.inf:ROOT\vdrvroot,VDRVROOT] and started (ConfigFlags = 0x00000000).
     set: ROOT\SPACEPORT\0000 -> Configured [spaceport.inf:Root\Spaceport,Spaceport_Install] and started (ConfigFlags = 0x00040000).
     set: ACPI\PNP0B00\4&1BD7F811&0 -> Configured [machine.inf:*PNP0B00,NO_DRV_X] and started (ConfigFlags = 0x00000000).
     set: USB\VID_0E0F&PID_0002\6&30C8CA5F&0&7 -> Configured [usbhub3.inf:USB\USB20_HUB,Generic.Install.NT] and started (ConfigFlags = 0x00000000).
     set: USB\VID_0E0F&PID_0002\6&30C8CA5F&0&8 -> Configured [usbhub3.inf:USB\USB20_HUB,Generic.Install.NT] and started (ConfigFlags = 0x00000000).
     set: ACPI\PNP0501\1 -> Configured [msports.inf:*PNP0501,ComPort.NT] and started (ConfigFlags = 0x00000400).
     set: ROOT\KDNIC\0000 -> Configured [kdnic.inf:root\kdnic,KdNic.ndi] and started (ConfigFlags = 0x00000000).
     set: ACPI\PNP0303\4&1BD7F811&0 -> Configured [keyboard.inf:*PNP0303,STANDARD_Inst] and started (ConfigFlags = 0x00000000).
     set: USB\VID_0E0F&PID_0003&MI_01\7&1FFDA586&0&0001 -> Configured [input.inf:USB\Class_03,HID_Inst.NT] and started (ConfigFlags = 0x00000000).
     set: SCSI\DISK&VEN_VMWARE_&PROD_VMWARE_VIRTUAL_S\5&1EC51BF7&0&000000 -> Configured [disk.inf:GenDisk,disk_install.NT] and started (ConfigFlags = 0x00000000).
!    set: USB\VID_0E0F&PID_0008\000650268328 -> Setting CONFIGFLAG_REINSTALL on unstarted device (ProblemCode = 18, ProblemStatus = 0xC0000493).
     set: PCI\VEN_15AD&DEV_07A0&SUBSYS_07A015AD&REV_01\3&61AAA01&0&A8 -> Configured [pci.inf:PCI\CC_0604&DT_4,PCI_BRIDGE] and started (ConfigFlags = 0x00000000).
     set: PCI\VEN_15AD&DEV_07A0&SUBSYS_07A015AD&REV_01\3&61AAA01&0&A9 -> Configured [pci.inf:PCI\CC_0604&DT_4,PCI_BRIDGE] and started (ConfigFlags = 0x00000000).
     set: PCI\VEN_15AD&DEV_07A0&SUBSYS_07A015AD&REV_01\3&61AAA01&0&AA -> Configured [pci.inf:PCI\CC_0604&DT_4,PCI_BRIDGE] and started (ConfigFlags = 0x00000000).
     set: PCI\VEN_15AD&DEV_07A0&SUBSYS_07A015AD&REV_01\3&61AAA01&0&AB -> Configured [pci.inf:PCI\CC_0604&DT_4,PCI_BRIDGE] and started (ConfigFlags = 0x00000000).
     set: PCI\VEN_15AD&DEV_07A0&SUBSYS_07A015AD&REV_01\3&61AAA01&0&AC -> Configured [pci.inf:PCI\CC_0604&DT_4,PCI_BRIDGE] and started (ConfigFlags = 0x00000000).
     set: PCI\VEN_15AD&DEV_07A0&SUBSYS_07A015AD&REV_01\3&61AAA01&0&AD -> Configured [pci.inf:PCI\CC_0604&DT_4,PCI_BRIDGE] and started (ConfigFlags = 0x00000000).
     set: PCI\VEN_15AD&DEV_07A0&SUBSYS_07A015AD&REV_01\3&61AAA01&0&AE -> Configured [pci.inf:PCI\CC_0604&DT_4,PCI_BRIDGE] and started (ConfigFlags = 0x00000000).
     set: PCI\VEN_15AD&DEV_07A0&SUBSYS_07A015AD&REV_01\3&61AAA01&0&AF -> Configured [pci.inf:PCI\CC_0604&DT_4,PCI_BRIDGE] and started (ConfigFlags = 0x00000000).
     set: PCI\VEN_15AD&DEV_07A0&SUBSYS_07A015AD&REV_01\3&61AAA01&0&B0 -> Configured [pci.inf:PCI\CC_0604&DT_4,PCI_BRIDGE] and started (ConfigFlags = 0x00000000).
     set: PCI\VEN_15AD&DEV_07A0&SUBSYS_07A015AD&REV_01\3&61AAA01&0&B1 -> Configured [pci.inf:PCI\CC_0604&DT_4,PCI_BRIDGE] and started (ConfigFlags = 0x00000000).
     set: PCI\VEN_15AD&DEV_07A0&SUBSYS_07A015AD&REV_01\3&61AAA01&0&B2 -> Configured [pci.inf:PCI\CC_0604&DT_4,PCI_BRIDGE] and started (ConfigFlags = 0x00000000).
     set: PCI\VEN_15AD&DEV_07A0&SUBSYS_07A015AD&REV_01\3&61AAA01&0&B3 -> Configured [pci.inf:PCI\CC_0604&DT_4,PCI_BRIDGE] and started (ConfigFlags = 0x00000000).
     set: PCI\VEN_15AD&DEV_07A0&SUBSYS_07A015AD&REV_01\3&61AAA01&0&B4 -> Configured [pci.inf:PCI\CC_0604&DT_4,PCI_BRIDGE] and started (ConfigFlags = 0x00000000).
     set: PCI\VEN_15AD&DEV_07A0&SUBSYS_07A015AD&REV_01\3&61AAA01&0&B5 -> Configured [pci.inf:PCI\CC_0604&DT_4,PCI_BRIDGE] and started (ConfigFlags = 0x00000000).
     set: PCI\VEN_15AD&DEV_07A0&SUBSYS_07A015AD&REV_01\3&61AAA01&0&B6 -> Configured [pci.inf:PCI\CC_0604&DT_4,PCI_BRIDGE] and started (ConfigFlags = 0x00000000).
     set: PCI\VEN_15AD&DEV_07A0&SUBSYS_07A015AD&REV_01\3&61AAA01&0&B7 -> Configured [pci.inf:PCI\CC_0604&DT_4,PCI_BRIDGE] and started (ConfigFlags = 0x00000000).
     set: PCI\VEN_15AD&DEV_07A0&SUBSYS_07A015AD&REV_01\3&61AAA01&0&B8 -> Configured [pci.inf:PCI\CC_0604&DT_4,PCI_BRIDGE] and started (ConfigFlags = 0x00000000).
     set: PCI\VEN_15AD&DEV_07A0&SUBSYS_07A015AD&REV_01\3&61AAA01&0&B9 -> Configured [pci.inf:PCI\CC_0604&DT_4,PCI_BRIDGE] and started (ConfigFlags = 0x00000000).
     set: PCI\VEN_15AD&DEV_07A0&SUBSYS_07A015AD&REV_01\3&61AAA01&0&BA -> Configured [pci.inf:PCI\CC_0604&DT_4,PCI_BRIDGE] and started (ConfigFlags = 0x00000000).
     set: PCI\VEN_15AD&DEV_07A0&SUBSYS_07A015AD&REV_01\3&61AAA01&0&BB -> Configured [pci.inf:PCI\CC_0604&DT_4,PCI_BRIDGE] and started (ConfigFlags = 0x00000000).
     set: PCI\VEN_15AD&DEV_07A0&SUBSYS_07A015AD&REV_01\3&61AAA01&0&BC -> Configured [pci.inf:PCI\CC_0604&DT_4,PCI_BRIDGE] and started (ConfigFlags = 0x00000000).
     set: PCI\VEN_15AD&DEV_07A0&SUBSYS_07A015AD&REV_01\3&61AAA01&0&BD -> Configured [pci.inf:PCI\CC_0604&DT_4,PCI_BRIDGE] and started (ConfigFlags = 0x00000000).
     set: PCI\VEN_15AD&DEV_07A0&SUBSYS_07A015AD&REV_01\3&61AAA01&0&BE -> Configured [pci.inf:PCI\CC_0604&DT_4,PCI_BRIDGE] and started (ConfigFlags = 0x00000000).
     set: PCI\VEN_15AD&DEV_07A0&SUBSYS_07A015AD&REV_01\3&61AAA01&0&BF -> Configured [pci.inf:PCI\CC_0604&DT_4,PCI_BRIDGE] and started (ConfigFlags = 0x00000000).
     set: PCI\VEN_15AD&DEV_07A0&SUBSYS_07A015AD&REV_01\3&61AAA01&0&C0 -> Configured [pci.inf:PCI\CC_0604&DT_4,PCI_BRIDGE] and started (ConfigFlags = 0x00000000).
     set: PCI\VEN_15AD&DEV_07A0&SUBSYS_07A015AD&REV_01\3&61AAA01&0&C1 -> Configured [pci.inf:PCI\CC_0604&DT_4,PCI_BRIDGE] and started (ConfigFlags = 0x00000000).
     set: PCI\VEN_15AD&DEV_07A0&SUBSYS_07A015AD&REV_01\3&61AAA01&0&C2 -> Configured [pci.inf:PCI\CC_0604&DT_4,PCI_BRIDGE] and started (ConfigFlags = 0x00000000).
     set: PCI\VEN_15AD&DEV_07A0&SUBSYS_07A015AD&REV_01\3&61AAA01&0&C3 -> Configured [pci.inf:PCI\CC_0604&DT_4,PCI_BRIDGE] and started (ConfigFlags = 0x00000000).
     set: PCI\VEN_15AD&DEV_07A0&SUBSYS_07A015AD&REV_01\3&61AAA01&0&C4 -> Configured [pci.inf:PCI\CC_0604&DT_4,PCI_BRIDGE] and started (ConfigFlags = 0x00000000).
     set: PCI\VEN_15AD&DEV_07A0&SUBSYS_07A015AD&REV_01\3&61AAA01&0&C5 -> Configured [pci.inf:PCI\CC_0604&DT_4,PCI_BRIDGE] and started (ConfigFlags = 0x00000000).
     set: PCI\VEN_15AD&DEV_07A0&SUBSYS_07A015AD&REV_01\3&61AAA01&0&C6 -> Configured [pci.inf:PCI\CC_0604&DT_4,PCI_BRIDGE] and started (ConfigFlags = 0x00000000).
     set: PCI\VEN_15AD&DEV_07A0&SUBSYS_07A015AD&REV_01\3&61AAA01&0&C7 -> Configured [pci.inf:PCI\CC_0604&DT_4,PCI_BRIDGE] and started (ConfigFlags = 0x00000000).
!    set: HDAUDIO\FUNC_01&VEN_15AD&DEV_1975&SUBSYS_15AD1975&REV_1001\5&217BE3D6&0&0001 -> Setting CONFIGFLAG_REINSTALL on unstarted device (ProblemCode = 18, ProblemStatus = 0xC0000493).
     set: ACPI\PNP0200\4&1BD7F811&0 -> Configured [machine.inf:*PNP0200,NO_DRV_X] (ConfigFlags = 0x00000000).
     set: ROOT\UMBUS\0000 -> Configured [umbus.inf:root\umbus,UmBusRoot_Device.NT] and started (ConfigFlags = 0x00000000).
     set: PCI\VEN_15AD&DEV_0774&SUBSYS_197615AD&REV_00\4&BBF9765&0&0088 -> Configured [usbport.inf:PCI\CC_0C0300,UHCI.Dev.NT] and started (ConfigFlags = 0x00000000).
     set: STORAGE\VOLUME\{08A84D47-1BB0-11E9-ABC3-806E6F6E6963}#000000001F400000 -> Configured [volume.inf:STORAGE\Volume,volume_install.NT] and started (ConfigFlags = 0x00000000).
     set: ROOT\ACPI_HAL\0000 -> Configured [hal.inf:acpiapic,ACPI_AMD64_HAL] and started (ConfigFlags = 0x00040000).
     set: DISPLAY\DEFAULT_MONITOR\1&8713BCA&0&UID0 -> Configured [monitor.inf:MONITOR\Default_Monitor,NonPnPMonitor.Install] and started (ConfigFlags = 0x00000000).
!    set: PCI\VEN_8086&DEV_10D3&SUBSYS_07D015AD&REV_00\000C29FFFF926B0900 -> Setting CONFIGFLAG_REINSTALL on unstarted device (ProblemCode = 18, ProblemStatus = 0xC0000493).
     set: PCI\VEN_15AD&DEV_0770&SUBSYS_077015AD&REV_00\4&BBF9765&0&1088 -> Configured [usbport.inf:PCI\CC_0C0320,EHCI.Dev.NT] and started (ConfigFlags = 0x00000000).
     set: PCI\VEN_15AD&DEV_1977&SUBSYS_197715AD&REV_09\4&BBF9765&0&0888 -> Configured [hdaudbus.inf:PCI\CC_0403,HDAudio_Device.NT] and started (ConfigFlags = 0x00000000).
     set: ACPI_HAL\PNP0C08\0 -> Configured [acpi.inf:*PNP0C08,ACPI_Inst.NT] and started (ConfigFlags = 0x00000000).
     set: ROOT\BASICRENDER\0000 -> Configured [BasicRender.inf:ROOT\BasicRender,BasicRender] and started (ConfigFlags = 0x00000000).
!    set: PCI\VEN_15AD&DEV_0740&SUBSYS_074015AD&REV_10\3&61AAA01&0&3F -> Configured [null] and unstarted (ProblemCode = 28, ProblemStatus = 0xC0000490, ConfigFlags = 0x00000040).
     set: SCSI\CDROM&VEN_NECVMWAR&PROD_VMWARE_SATA_CD01\5&2EDF08DD&0&010000 -> Configured [cdrom.inf:GenCdRom,cdrom_install] and started (ConfigFlags = 0x00000000).
     set: ACPI\FIXEDBUTTON\2&DABA3FF&0 -> Configured [machine.inf:ACPI\FixedButton,NO_DRV] and started (ConfigFlags = 0x00000000).
     set: PCI\VEN_8086&DEV_7110&SUBSYS_197615AD&REV_08\3&61AAA01&0&38 -> Configured [machine.inf:PCI\VEN_8086&DEV_7110&CC_0601,MSISADRV] and started (ConfigFlags = 0x00000000).
     set: ACPI\PNP0C02\1F -> Configured [machine.inf:*PNP0C02,NO_DRV_MBRES] (ConfigFlags = 0x00000000).
     set: HID\VID_0E0F&PID_0003&MI_00\8&1230C469&0&0000 -> Configured [msmouse.inf:HID_DEVICE_SYSTEM_MOUSE,HID_Mouse_Inst.NT] and started (ConfigFlags = 0x00000000).
     set: PCI\VEN_15AD&DEV_0779&SUBSYS_077915AD&REV_00\4&3B50545D&0&00B8 -> Configured [usbxhci.inf:PCI\CC_0C0330,Generic.Install.NT] and started (ConfigFlags = 0x00000000).
     set: PCI\VEN_8086&DEV_7111&SUBSYS_197615AD&REV_01\3&61AAA01&0&39 -> Configured [mshdc.inf:PCI\VEN_8086&DEV_7111,intelide_Inst] and started (ConfigFlags = 0x00000000).
     set: PCIIDE\IDECHANNEL\4&23686003&0&0 -> Configured [mshdc.inf:Internal_IDE_Channel,atapi_Inst] and started (ConfigFlags = 0x00000000).
     set: PCIIDE\IDECHANNEL\4&23686003&0&1 -> Configured [mshdc.inf:Internal_IDE_Channel,atapi_Inst] and started (ConfigFlags = 0x00000000).
     set: HID\VID_0E0F&PID_0003&MI_01\8&3608022B&0&0000 -> Configured [msmouse.inf:HID_DEVICE_SYSTEM_MOUSE,HID_Mouse_Inst.NT] and started (ConfigFlags = 0x00000000).
     set: USB\ROOT_HUB20\5&36A4B5D6&0 -> Configured [usbport.inf:USB\ROOT_HUB20,ROOTHUB.Dev.NT] and started (ConfigFlags = 0x00000000).
     set: ACPI\PNP0800\4&1BD7F811&0 -> Configured [machine.inf:*PNP0800,NO_DRV_X] (ConfigFlags = 0x00000000).
     set: ACPI\PNP0001\4&1BD7F811&0 -> Configured [machine.inf:*PNP0001,NO_DRV_PIC] (ConfigFlags = 0x00000000).
     set: ROOT\NDISVIRTUALBUS\0000 -> Configured [ndisvirtualbus.inf:ROOT\NdisVirtualBus,NdisVirtualBus_Device.NT] and started (ConfigFlags = 0x00000000).
     set: PCI\VEN_8086&DEV_7190&SUBSYS_197615AD&REV_01\3&61AAA01&0&00 -> Configured [machine.inf:PCI\VEN_8086&DEV_7190,NO_DRV] and started (ConfigFlags = 0x00000000).
     set: USB\ROOT_HUB\5&2891968B&0 -> Configured [usbport.inf:USB\ROOT_HUB,ROOTHUB.Dev.NT] and started (ConfigFlags = 0x00000000).
!    set: PCI\VEN_15AD&DEV_0405&SUBSYS_040515AD&REV_00\3&61AAA01&0&78 -> Setting CONFIGFLAG_REINSTALL on unstarted device (ProblemCode = 18, ProblemStatus = 0xC0000493).
     set: USB\VID_0E0F&PID_0003\6&30C8CA5F&0&5 -> Configured [usb.inf:USB\COMPOSITE,Composite.Dev.NT] and started (ConfigFlags = 0x00000000).
     set: ACPI\PNP0100\4&1BD7F811&0 -> Configured [machine.inf:*PNP0100,NO_DRV_X] (ConfigFlags = 0x00000000).
     set: ROOT\MSSMBIOS\0000 -> Configured [mssmbios.inf:ROOT\mssmbios,MSSMBIOS_DRV] and started (ConfigFlags = 0x00000000).
     set: PCI\VEN_15AD&DEV_0790&SUBSYS_079015AD&REV_02\3&61AAA01&0&88 -> Configured [pci.inf:PCI\CC_0604,PCI_BRIDGE] and started (ConfigFlags = 0x00000000).
     set: ROOT\SYSTEM\0000 -> Configured [swenum.inf:ROOT\SWENUM,SWENUM] and started (ConfigFlags = 0x00000000).
     set: ACPI\VMW0003\4&1BD7F811&0 -> Configured [msmouse.inf:*PNP0F13,PS2_Inst] and started (ConfigFlags = 0x00000000).
     set: ROOT\RDPBUS\0000 -> Configured [rdpbus.inf:ROOT\RDPBUS,RDPBUS] and started (ConfigFlags = 0x00000000).
     set: ACPI\PNP0A05\4&1BD7F811&0 -> Configured [machine.inf:*PNP0A05,NO_DRV_X_PNP] and started (ConfigFlags = 0x00000000).
     set: STORAGE\VOLUME\{08A84D47-1BB0-11E9-ABC3-806E6F6E6963}#0000000026700000 -> Configured [volume.inf:STORAGE\Volume,volume_install.NT] and started (ConfigFlags = 0x00000000).
     set: ACPI\GENUINEINTEL_-_INTEL64_FAMILY_6_MODEL_60_-_INTEL(R)_CORE(TM)_I7-4710HQ_CPU_@_2.50GHZ\_0 -> Configured [cpu.inf:ACPI\GenuineIntel_-_Intel64,IntelPPM_Inst.NT] and started (ConfigFlags = 0x00000000).
     set: ACPI\GENUINEINTEL_-_INTEL64_FAMILY_6_MODEL_60_-_INTEL(R)_CORE(TM)_I7-4710HQ_CPU_@_2.50GHZ\_1 -> Configured [cpu.inf:ACPI\GenuineIntel_-_Intel64,IntelPPM_Inst.NT] and started (ConfigFlags = 0x00000000).
     set: Devices configured: 167
     set: Devices legacy-installed: 0
     set: Devices need (re)install: 5
     set: Waiting for system services to start... 22:04:30.752
     set: Completed waiting for system services to start. 22:04:32.831
     set: DeviceInstall service already running. 22:04:32.847
     set: Waiting for pending device installs... 22:04:32.862
     set: Completed pending device installs. 22:04:35.910
<<<  Section end 2019/01/18 22:04:35.910
<<<  [Exit status: SUCCESS]


>>>  [Setup online Device Install (Hardware initiated) - PCI\VEN_8086&DEV_10D3&SUBSYS_07D015AD&REV_00\000C29FFFF926B0900]
>>>  Section start 2019/01/18 22:04:32.956
     dvi: {Build Driver List} 22:04:33.003
     dvi:      Searching for hardware ID(s):
     dvi:           pci\ven_8086&dev_10d3&subsys_07d015ad&rev_00
     dvi:           pci\ven_8086&dev_10d3&subsys_07d015ad
     dvi:           pci\ven_8086&dev_10d3&cc_020000
     dvi:           pci\ven_8086&dev_10d3&cc_0200
     dvi:      Searching for compatible ID(s):
     dvi:           pci\ven_8086&dev_10d3&rev_00
     dvi:           pci\ven_8086&dev_10d3
     dvi:           pci\ven_8086&cc_020000
     dvi:           pci\ven_8086&cc_0200
     dvi:           pci\ven_8086
     dvi:           pci\cc_020000&dt_0
     dvi:           pci\cc_020000
     dvi:           pci\cc_0200&dt_0
     dvi:           pci\cc_0200
     dvi:      Created Driver Node:
     dvi:           HardwareID   - PCI\VEN_8086&DEV_10D3
     dvi:           InfName      - C:\Windows\System32\DriverStore\FileRepository\net1ic64.inf_amd64_6d54118cb65f3bfe\net1ic64.inf
     dvi:           DevDesc      - Intel(R) 82574L Gigabit Network Connection
     dvi:           Section      - E10D3.6.2
     dvi:           Rank         - 0x00ff2001
     dvi:           Signer Score - INBOX
     dvi:           DrvDate      - 04/05/2016
     dvi:           Version      - 12.15.22.6
     dvi: {Build Driver List - exit(0x00000000)} 22:04:33.347
     dvi: {DIF_SELECTBESTCOMPATDRV} 22:04:33.347
     dvi:      Default installer: Enter 22:04:33.347
     dvi:           {Select Best Driver}
     dvi:                Class GUID of device changed to: {4d36e972-e325-11ce-bfc1-08002be10318}.
     dvi:                Selected Driver:
     dvi:                     Description - Intel(R) 82574L Gigabit Network Connection
     dvi:                     InfFile     - c:\windows\system32\driverstore\filerepository\net1ic64.inf_amd64_6d54118cb65f3bfe\net1ic64.inf
     dvi:                     Section     - E10D3.6.2
     dvi:           {Select Best Driver - exit(0x00000000)}
     dvi:      Default installer: Exit
     dvi: {DIF_SELECTBESTCOMPATDRV - exit(0x00000000)} 22:04:33.503
     dvi: {Core Device Install} 22:04:33.503
     dvi:      {Install Device - PCI\VEN_8086&DEV_10D3&SUBSYS_07D015AD&REV_00\000C29FFFF926B0900} 22:04:33.503
     dvi:           Device Status: 0x01806400, Problem: 0x12 (0xc0000493)
     dvi:           Parent device: PCI\VEN_15AD&DEV_07A0&SUBSYS_07A015AD&REV_01\3&61aaa01&0&B0
     dvi:           {Configure Device - PCI\VEN_8086&DEV_10D3&SUBSYS_07D015AD&REV_00\000C29FFFF926B0900} 22:04:33.535
     dvi:                Device Status: 0x01806400, Problem: 0x12 (0xc0000493)
     dvi:                Parent device: PCI\VEN_15AD&DEV_07A0&SUBSYS_07A015AD&REV_01\3&61aaa01&0&B0
     sto:                {Configure Driver Package: C:\Windows\System32\DriverStore\FileRepository\net1ic64.inf_amd64_6d54118cb65f3bfe\net1ic64.inf}
     sto:                     Source Filter  = pci\ven_8086&dev_10d3
     inf:                     Class GUID     = {4d36e972-e325-11ce-bfc1-08002be10318}
     inf:                     Class Options  = Configurable
!    inf:                     Needed section [PciIoSpaceNotRequired] found in included INF "pci.inf", not referenced from [E10DF.6.2.Hw]. Code = 1313, Line = 205
!    inf:                     Needed section [PciIoSpaceNotRequired] found in included INF "pci.inf", not referenced from [E10EA.6.2.Hw]. Code = 1313, Line = 227
!    inf:                     Needed section [PciIoSpaceNotRequired] found in included INF "pci.inf", not referenced from [E10EB.6.2.Hw]. Code = 1313, Line = 248
!    inf:                     Needed section [PciIoSpaceNotRequired] found in included INF "pci.inf", not referenced from [E10EF.6.2.Hw]. Code = 1313, Line = 270
!    inf:                     Needed section [PciIoSpaceNotRequired] found in included INF "pci.inf", not referenced from [E10F0.6.2.Hw]. Code = 1313, Line = 291
!    inf:                     Needed section [PciIoSpaceNotRequired] found in included INF "pci.inf", not referenced from [E1502.6.2.Hw]. Code = 1313, Line = 315
!    inf:                     Needed section [PciIoSpaceNotRequired] found in included INF "pci.inf", not referenced from [E1503.6.2.Hw]. Code = 1313, Line = 339
!    inf:                     Needed section [PciIoSpaceNotRequired] found in included INF "pci.inf", not referenced from [E153A.6.2.Hw]. Code = 1313, Line = 363
!    inf:                     Needed section [PciIoSpaceNotRequired] found in included INF "pci.inf", not referenced from [E153B.6.2.Hw]. Code = 1313, Line = 479
!    inf:                     Needed section [PciIoSpaceNotRequired] found in included INF "pci.inf", not referenced from [E155A.6.2.Hw]. Code = 1313, Line = 503
!    inf:                     Needed section [PciIoSpaceNotRequired] found in included INF "pci.inf", not referenced from [E1559.6.2.Hw]. Code = 1313, Line = 527
!    inf:                     Needed section [PciIoSpaceNotRequired] found in included INF "pci.inf", not referenced from [E156F.6.2.Hw]. Code = 1313, Line = 642
!    inf:                     Needed section [PciIoSpaceNotRequired] found in included INF "pci.inf", not referenced from [E1570.6.2.Hw]. Code = 1313, Line = 386
!    inf:                     Needed section [PciIoSpaceNotRequired] found in included INF "pci.inf", not referenced from [E15B7.6.2.Hw]. Code = 1313, Line = 596
!    inf:                     Needed section [PciIoSpaceNotRequired] found in included INF "pci.inf", not referenced from [E15B8.6.2.Hw]. Code = 1313, Line = 409
!    inf:                     Needed section [PciIoSpaceNotRequired] found in included INF "pci.inf", not referenced from [E15B9.6.2.Hw]. Code = 1313, Line = 619
!    inf:                     Needed section [PciIoSpaceNotRequired] found in included INF "pci.inf", not referenced from [E15D7.6.2.Hw]. Code = 1313, Line = 550
!    inf:                     Needed section [PciIoSpaceNotRequired] found in included INF "pci.inf", not referenced from [E15D8.6.2.Hw]. Code = 1313, Line = 432
!    inf:                     Needed section [PciIoSpaceNotRequired] found in included INF "pci.inf", not referenced from [E15E3.6.2.Hw]. Code = 1313, Line = 573
!    inf:                     Needed section [PciIoSpaceNotRequired] found in included INF "pci.inf", not referenced from [E15D6.6.2.Hw]. Code = 1313, Line = 455
!    inf:                     Needed section [PciIoSpaceNotRequired] found in included INF "pci.inf", not referenced from [E10A7.6.2.Hw]. Code = 1313, Line = 665
!    inf:                     Needed section [PciIoSpaceNotRequired] found in included INF "pci.inf", not referenced from [E10A9.6.2.Hw]. Code = 1313, Line = 686
!    inf:                     Needed section [PciIoSpaceNotRequired] found in included INF "pci.inf", not referenced from [E10D3.6.2.Hw]. Code = 1313, Line = 710
     inf:                     {Configure Driver: Intel(R) 82574L Gigabit Network Connection}
     inf:                          Section Name = E10D3.6.2
     inf:                          {Add Service: e1iexpress}
     inf:                               Start Type    = 3
     inf:                               Service Type  = 1
     inf:                               Error Control = 1
     inf:                               Image Path    = \SystemRoot\System32\drivers\e1i63x64.sys
     inf:                               Display Name  = Intel(R) PRO/1000 PCI Express Network Connection Driver I
     inf:                               Group         = NDIS
     inf:                               Created new service 'e1iexpress'.
     inf:                          {Add Service: exit(0x00000000)}
     inf:                          Hardware Id  = PCI\VEN_8086&DEV_10D3
     inf:                          {Configure Driver Configuration: E10D3.6.2}
     inf:                               Service Name  = e1iexpress
     inf:                               Included INFs = machine.inf
     inf:                                               pci.inf
     inf:                               Config Flags  = 0x00000000
     inf:                          {Configure Driver Configuration: exit(0x00000000)}
     inf:                     {Configure Driver: exit(0x00000000)}
!    inf:                     Needed section [PciIoSpaceNotRequired] found in included INF "pci.inf", not referenced from [E10C9.6.2.Hw]. Code = 1313, Line = 758
!    inf:                     Needed section [PciIoSpaceNotRequired] found in included INF "pci.inf", not referenced from [E10E6.6.2.Hw]. Code = 1313, Line = 828
!    inf:                     Needed section [PciIoSpaceNotRequired] found in included INF "pci.inf", not referenced from [E10C9PM.6.2.Hw]. Code = 1313, Line = 876
!    inf:                     Needed section [PciIoSpaceNotRequired] found in included INF "pci.inf", not referenced from [E10E6PM.6.2.Hw]. Code = 1313, Line = 851
!    inf:                     Needed section [PciIoSpaceNotRequired] found in included INF "pci.inf", not referenced from [E10E8PM.6.2.Hw]. Code = 1313, Line = 900
!    inf:                     Needed section [PciIoSpaceNotRequired] found in included INF "pci.inf", not referenced from [E150A.6.2.Hw]. Code = 1313, Line = 782
!    inf:                     Needed section [PciIoSpaceNotRequired] found in included INF "pci.inf", not referenced from [E1518.6.2.Hw]. Code = 1313, Line = 805
!    inf:                     Needed section [PciIoSpaceNotRequired] found in included INF "pci.inf", not referenced from [E150C.6.2.Hw]. Code = 1313, Line = 733
!    inf:                     Needed section [PciIoSpaceNotRequired] found in included INF "pci.inf", not referenced from [E150AFTS.6.2.Hw]. Code = 1313, Line = 923
!    inf:                     Needed section [PciIoSpaceNotRequired] found in included INF "pci.inf", not referenced from [E150E.6.2.Hw]. Code = 1313, Line = 946
!    inf:                     Needed section [PciIoSpaceNotRequired] found in included INF "pci.inf", not referenced from [E150F.6.2.Hw]. Code = 1313, Line = 968
!    inf:                     Needed section [PciIoSpaceNotRequired] found in included INF "pci.inf", not referenced from [E1527NC.6.2.Hw]. Code = 1313, Line = 1036
!    inf:                     Needed section [PciIoSpaceNotRequired] found in included INF "pci.inf", not referenced from [E150EPM.6.2.Hw]. Code = 1313, Line = 991
!    inf:                     Needed section [PciIoSpaceNotRequired] found in included INF "pci.inf", not referenced from [E1516PM.6.2.Hw]. Code = 1313, Line = 1014
!    inf:                     Needed section [PciIoSpaceNotRequired] found in included INF "pci.inf", not referenced from [E1521.6.2.Hw]. Code = 1313, Line = 1060
!    inf:                     Needed section [PciIoSpaceNotRequired] found in included INF "pci.inf", not referenced from [E1522.6.2.Hw]. Code = 1313, Line = 1083
!    inf:                     Needed section [PciIoSpaceNotRequired] found in included INF "pci.inf", not referenced from [E1521PM.6.2.Hw]. Code = 1313, Line = 1107
!    inf:                     Needed section [PciIoSpaceNotRequired] found in included INF "pci.inf", not referenced from [E1522PM.6.2.Hw]. Code = 1313, Line = 1130
!    inf:                     Needed section [PciIoSpaceNotRequired] found in included INF "pci.inf", not referenced from [E1524.6.2.Hw]. Code = 1313, Line = 1154
!    inf:                     Needed section [PciIoSpaceNotRequired] found in included INF "pci.inf", not referenced from [E1533.6.2.Hw]. Code = 1313, Line = 1177
!    inf:                     Needed section [PciIoSpaceNotRequired] found in included INF "pci.inf", not referenced from [E1536.6.2.Hw]. Code = 1313, Line = 1199
!    inf:                     Needed section [PciIoSpaceNotRequired] found in included INF "pci.inf", not referenced from [E1538.6.2.Hw]. Code = 1313, Line = 1222
!    inf:                     Needed section [PciIoSpaceNotRequired] found in included INF "pci.inf", not referenced from [E1539.6.2.Hw]. Code = 1313, Line = 1245
     flq:                     Hardlinking 'C:\Windows\System32\DriverStore\FileRepository\net1ic64.inf_amd64_6d54118cb65f3bfe\e1i63x64.sys' to 'C:\Windows\System32\drivers\e1i63x64.sys'.
     dvi:                     Existing files modified, may need to restart related services.
     sto:                {Configure Driver Package: exit(0x00000bc3)}
     dvi:                Restart required for any devices using this driver.
     dvi:                Install Device: Configuring device (net1ic64.inf:pci\ven_8086&dev_10d3,E10D3.6.2). 22:04:33.753
     dvi:                Install Device: Configuring device completed. 22:04:33.753
     dvi:                Device Status: 0x01806000, Problem: 0x0 (0x00000000)
     dvi:                {Restarting Devices} 22:04:33.753
     dvi:                     Start: PCI\VEN_8086&DEV_10D3&SUBSYS_07D015AD&REV_00\000C29FFFF926B0900
!    dvi:                     Device pending start: Device has problem: 0x38 (CM_PROB_NEED_CLASS_CONFIG), problem status: 0x00000000.
     dvi:                {Restarting Devices exit} 22:04:33.880
     dvi:           {Configure Device - exit(0x00000000)} 22:04:33.880
     dvi:           Device Status: 0x01806400, Problem: 0x38
     dvi:      {Install Device - exit(0x00000000)} 22:04:33.894
     dvi: {Core Device Install - exit(0x00000000)} 22:04:33.894
     dvi: Waiting for device post-install to complete. 22:04:33.894
     dvi: Device post-install completed. 22:04:34.362
<<<  Section end 2019/01/18 22:04:34.378
<<<  [Exit status: SUCCESS]


>>>  [Setup online Device Install (Hardware initiated) - PCI\VEN_15AD&DEV_0405&SUBSYS_040515AD&REV_00\3&61aaa01&0&78]
>>>  Section start 2019/01/18 22:04:32.956
     dvi: {Build Driver List} 22:04:33.034
     dvi:      Searching for hardware ID(s):
     dvi:           pci\ven_15ad&dev_0405&subsys_040515ad&rev_00
     dvi:           pci\ven_15ad&dev_0405&subsys_040515ad
     dvi:           pci\ven_15ad&dev_0405&cc_030000
     dvi:           pci\ven_15ad&dev_0405&cc_0300
     dvi:      Searching for compatible ID(s):
     dvi:           pci\ven_15ad&dev_0405&rev_00
     dvi:           pci\ven_15ad&dev_0405
     dvi:           pci\ven_15ad&cc_030000
     dvi:           pci\ven_15ad&cc_0300
     dvi:           pci\ven_15ad
     dvi:           pci\cc_030000
     dvi:           pci\cc_0300
     dvi:      Created Driver Node:
     dvi:           HardwareID   - PCI\CC_0300
     dvi:           InfName      - C:\Windows\System32\DriverStore\FileRepository\display.inf_amd64_60c1a4bf569f6de9\display.inf
     dvi:           DevDesc      - Microsoft Basic Display Adapter
     dvi:           Section      - MSBDA
     dvi:           Rank         - 0x00fb2006
     dvi:           Signer Score - INBOX
     dvi:           DrvDate      - 06/21/2006
     dvi:           Version      - 10.0.16299.15
     dvi: {Build Driver List - exit(0x00000000)} 22:04:33.237
     dvi: {DIF_SELECTBESTCOMPATDRV} 22:04:33.237
     dvi:      Default installer: Enter 22:04:33.237
     dvi:           {Select Best Driver}
     dvi:                Class GUID of device changed to: {4d36e968-e325-11ce-bfc1-08002be10318}.
     dvi:                Selected Driver:
     dvi:                     Description - Microsoft Basic Display Adapter
     dvi:                     InfFile     - c:\windows\system32\driverstore\filerepository\display.inf_amd64_60c1a4bf569f6de9\display.inf
     dvi:                     Section     - MSBDA
     dvi:           {Select Best Driver - exit(0x00000000)}
     dvi:      Default installer: Exit
     dvi: {DIF_SELECTBESTCOMPATDRV - exit(0x00000000)} 22:04:33.237
     dvi: Waiting for previous device install to complete. 22:04:33.237
     dvi: {Core Device Install} 22:04:33.300
     dvi:      {Install Device - PCI\VEN_15AD&DEV_0405&SUBSYS_040515AD&REV_00\3&61AAA01&0&78} 22:04:33.331
     dvi:           Device Status: 0x01802400, Problem: 0x12 (0xc0000493)
     dvi:           Parent device: ACPI\PNP0A03\2&daba3ff&0
     dvi:           {Configure Device - PCI\VEN_15AD&DEV_0405&SUBSYS_040515AD&REV_00\3&61AAA01&0&78} 22:04:33.331
     dvi:                Device Status: 0x01802400, Problem: 0x12 (0xc0000493)
     dvi:                Parent device: ACPI\PNP0A03\2&daba3ff&0
     sto:                {Configure Driver Package: C:\Windows\System32\DriverStore\FileRepository\display.inf_amd64_60c1a4bf569f6de9\display.inf}
     sto:                     Source Filter  = pci\cc_0300
     inf:                     Class GUID     = {4d36e968-e325-11ce-bfc1-08002be10318}
     inf:                     Class Options  = Configurable
     inf:                     {Configure Driver: Microsoft Basic Display Adapter}
     inf:                          Section Name = MSBDA
     inf:                          {Add Service: BasicDisplay}
     inf:                               Start Type    = 1
     inf:                               Service Type  = 1
     inf:                               Error Control = 0
     inf:                               Image Path    = \SystemRoot\System32\drivers\BasicDisplay.sys
     inf:                               Group         = Video
     inf:                               Updated service 'BasicDisplay'.
     inf:                          {Add Service: exit(0x00000000)}
     inf:                          Hardware Id  = PCI\CC_0300
     inf:                          {Configure Driver Configuration: MSBDA}
     inf:                               Service Name  = BasicDisplay
     inf:                               Exclude IDs   = PCI\VEN_1414&DEV_5353
     inf:                               Included INFs = basicdisplay.inf
     inf:                               Config Flags  = 0x00000000
     inf:                          {Configure Driver Configuration: exit(0x00000000)}
     inf:                     {Configure Driver: exit(0x00000000)}
     sto:                {Configure Driver Package: exit(0x00000000)}
     dvi:                Install Device: Configuring device (display.inf:pci\cc_0300,MSBDA). 22:04:33.362
     dvi:                Install Device: Configuring device completed. 22:04:33.362
     dvi:                Device Status: 0x01802000, Problem: 0x0 (0x00000000)
!    dvi:                Device restart was skipped (DONOTCALLCONFIGMG).
     dvi:           {Configure Device - exit(0x00000000)} 22:04:33.378
     dvi:      {Install Device - exit(0x00000000)} 22:04:33.378
     dvi:      Device Status: 0x01802000, Problem: 0x0 (0x00000000)
     dvi:      Install Device: Starting device 'PCI\VEN_15AD&DEV_0405&SUBSYS_040515AD&REV_00\3&61AAA01&0&78'. 22:04:33.378
     dvi:      Install Device: Starting device completed. 22:04:33.399
     dvi: {Core Device Install - exit(0x00000000)} 22:04:33.399
<<<  Section end 2019/01/18 22:04:33.399
<<<  [Exit status: SUCCESS]


>>>  [Setup online Device Install (Hardware initiated) - ACPI\PNP0501\1]
>>>  Section start 2019/01/18 22:04:32.956
     dvi: {Build Driver List} 22:04:33.034
     dvi:      Searching for hardware ID(s):
     dvi:           acpi\ven_pnp&dev_0501
     dvi:           acpi\pnp0501
     dvi:           *pnp0501
     dvi:      Created Driver Node:
     dvi:           HardwareID   - *PNP0501
     dvi:           InfName      - C:\Windows\System32\DriverStore\FileRepository\msports.inf_amd64_0310aabbba631e19\msports.inf
     dvi:           DevDesc      - Communications Port
     dvi:           Section      - ComPort.NT
     dvi:           Rank         - 0x00ff1002
     dvi:           Signer Score - INBOX
     dvi:           DrvDate      - 06/21/2006
     dvi:           Version      - 10.0.16299.15
     dvi:      Created Driver Node:
     dvi:           HardwareID   - *PNP0501
     dvi:           InfName      - C:\Windows\System32\DriverStore\FileRepository\msports.inf_amd64_0310aabbba631e19\msports.inf
     dvi:           DevDesc      - Communications Port
     dvi:           Section      - ComPort.NT
     dvi:           Rank         - 0x00ff0002
     dvi:           Signer Score - INBOX
     dvi:           DrvDate      - 06/21/2006
     dvi:           Version      - 10.0.16299.15
     dvi: {Build Driver List - exit(0x00000000)} 22:04:33.066
     dvi: {DIF_SELECTBESTCOMPATDRV} 22:04:33.066
     dvi:      Using exported function 'PortsClassInstaller' in module 'C:\Windows\system32\MsPorts.Dll'.
     dvi:      Class installer == MsPorts.Dll,PortsClassInstaller
     dvi:      Class installer: Enter 22:04:33.081
     dvi:      Class installer: Exit
     dvi:      Default installer: Enter 22:04:33.081
     dvi:           {Select Best Driver}
     dvi:                Class GUID of device remains: {4d36e978-e325-11ce-bfc1-08002be10318}.
     dvi:                Selected Driver:
     dvi:                     Description - Communications Port
     dvi:                     InfFile     - c:\windows\system32\driverstore\filerepository\msports.inf_amd64_0310aabbba631e19\msports.inf
     dvi:                     Section     - ComPort
     dvi:                Skipped Basic Driver:
     dvi:                     Description - Communications Port
     dvi:                     InfFile     - C:\Windows\INF\msports.inf
     dvi:                     Section     - ComPort
     dvi:           {Select Best Driver - exit(0x00000000)}
     dvi:      Default installer: Exit
     dvi: {DIF_SELECTBESTCOMPATDRV - exit(0x00000000)} 22:04:33.097
     dvi: {Core Device Install} 22:04:33.097
     dvi:      {Install Device - ACPI\PNP0501\1} 22:04:33.097
     dvi:           Device Status: 0x0180200a, Problem: 0x0 (0x00000000)
     dvi:           Parent device: ACPI\PNP0A05\4&1bd7f811&0
     dvi:           {Configure Device - ACPI\PNP0501\1} 22:04:33.112
     dvi:                Device Status: 0x0180200a, Problem: 0x0 (0x00000000)
     dvi:                Parent device: ACPI\PNP0A05\4&1bd7f811&0
!    dvi:                Device class {4d36e978-e325-11ce-bfc1-08002be10318} is not configurable.
     dvi:           {Configure Device - exit(0x00000032)} 22:04:33.112
     dvi:           {DIF_ALLOW_INSTALL} 22:04:33.112
     dvi:                Class installer: Enter 22:04:33.112
     dvi:                Class installer: Exit
     dvi:                Default installer: Enter 22:04:33.112
     dvi:                Default installer: Exit
     dvi:           {DIF_ALLOW_INSTALL - exit(0xe000020e)} 22:04:33.112
     dvi:           {DIF_INSTALLDEVICEFILES} 22:04:33.112
     dvi:                Class installer: Enter 22:04:33.112
     dvi:                Class installer: Exit
     dvi:                Default installer: Enter 22:04:33.112
     dvi:                Default installer: Exit
     dvi:           {DIF_INSTALLDEVICEFILES - exit(0x00000000)} 22:04:33.128
     flq:           File 'C:\Windows\system32\DRIVERS\serial.sys' pruned from copy.
     flq:           File 'C:\Windows\system32\DRIVERS\serenum.sys' pruned from copy.
     dvi:           {DIF_REGISTER_COINSTALLERS} 22:04:33.128
     dvi:                Reset Device: Resetting device configuration. 22:04:33.128
     dvi:                Reset Device: Resetting device configuration completed. 22:04:33.128
     dvi:                Class installer: Enter 22:04:33.128
     dvi:                Class installer: Exit
     dvi:                Default installer: Enter 22:04:33.128
     dvi:                Default installer: Exit
     dvi:           {DIF_REGISTER_COINSTALLERS - exit(0x00000000)} 22:04:33.128
     dvi:           {DIF_INSTALLINTERFACES} 22:04:33.128
     dvi:                Class installer: Enter 22:04:33.128
     dvi:                Class installer: Exit
     dvi:                Default installer: Enter 22:04:33.144
     dvi:                Default installer: Exit
     dvi:           {DIF_INSTALLINTERFACES - exit(0x00000000)} 22:04:33.144
     dvi:           {DIF_INSTALLDEVICE} 22:04:33.144
     dvi:                Class installer: Enter 22:04:33.144
     dvi:                     {Install DEVICE}
     dvi:                          {Writing Device Properties}
     dvi:                               Strong Name=msports.inf:10809047de66d223:ComPort:10.0.16299.15:*pnp0501
     dvi:                          {Writing Device Properties - Complete}
     inf:                          AddService=Serial,0x00000002,Serial_Service_Inst,Serial_EventLog_Inst  (msports.inf line 275)
     dvi:                          Add Service: Modified existing service 'Serial'.
     inf:                          AddService=Serenum,,Serenum_Service_Inst  (msports.inf line 276)
     dvi:                          Add Service: Modified existing service 'Serenum'.
     dvi:                     {Install DEVICE exit (0x00000000)}
     dvi:                     Install Device: Configuring device class. 22:04:33.160
     dvi:                     Install Device: Configuring device class completed. 22:04:33.160
     dvi:                     Device Status: 0x0180200a, Problem: 0x0 (0x00000000)
     dvi:                     Install Device: Removing device 'ACPI\PNP0501\1' and sub-tree. 22:04:33.160
     dvi:                     Install Device: Removing device sub-tree completed. 22:04:33.269
     dvi:                     Install Device: Restarting device. 22:04:33.269
     dvi:                     Install Device: Restarting device completed. 22:04:33.284
     dvi:                Class installer: Exit
     dvi:           {DIF_INSTALLDEVICE - exit(0x00000000)} 22:04:33.284
     dvi:           {DIF_NEWDEVICEWIZARD_FINISHINSTALL} 22:04:33.284
     dvi:                Class installer: Enter 22:04:33.284
     dvi:                Class installer: Exit
     dvi:                Default installer: Enter 22:04:33.284
     dvi:                Default installer: Exit
     dvi:           {DIF_NEWDEVICEWIZARD_FINISHINSTALL - exit(0xe000020e)} 22:04:33.284
     dvi:      {Install Device - exit(0x00000000)} 22:04:33.300
     dvi: {Core Device Install - exit(0x00000000)} 22:04:33.300
     dvi: {DIF_DESTROYPRIVATEDATA} 22:04:33.300
     dvi:      Class installer: Enter 22:04:33.440
     dvi:      Class installer: Exit
     dvi:      Default installer: Enter 22:04:33.456
     dvi:      Default installer: Exit
     dvi: {DIF_DESTROYPRIVATEDATA - exit(0xe000020e)} 22:04:33.456
<<<  Section end 2019/01/18 22:04:33.644
<<<  [Exit status: SUCCESS]


>>>  [Setup online Device Install (Hardware initiated) - HDAUDIO\FUNC_01&VEN_15AD&DEV_1975&SUBSYS_15AD1975&REV_1001\5&217be3d6&0&0001]
>>>  Section start 2019/01/18 22:04:33.003
     dvi: {Build Driver List} 22:04:33.112
     dvi:      Searching for hardware ID(s):
     dvi:           hdaudio\func_01&ven_15ad&dev_1975&subsys_15ad1975&rev_1001
     dvi:           hdaudio\func_01&ven_15ad&dev_1975&subsys_15ad1975
     dvi:      Searching for compatible ID(s):
     dvi:           hdaudio\func_01&ctlr_ven_15ad&ctlr_dev_1977&ven_15ad&dev_1975&rev_1001
     dvi:           hdaudio\func_01&ctlr_ven_15ad&ven_15ad&dev_1975&rev_1001
     dvi:           hdaudio\func_01&ven_15ad&dev_1975&rev_1001
     dvi:           hdaudio\func_01&ctlr_ven_15ad&ctlr_dev_1977&ven_15ad&dev_1975
     dvi:           hdaudio\func_01&ctlr_ven_15ad&ven_15ad&dev_1975
     dvi:           hdaudio\func_01&ven_15ad&dev_1975
     dvi:           hdaudio\func_01&ctlr_ven_15ad&ctlr_dev_1977&ven_15ad
     dvi:           hdaudio\func_01&ctlr_ven_15ad&ven_15ad
     dvi:           hdaudio\func_01&ven_15ad
     dvi:           hdaudio\func_01&ctlr_ven_15ad&ctlr_dev_1977
     dvi:           hdaudio\func_01&ctlr_ven_15ad
     dvi:           hdaudio\func_01&gf&ven_15ad&dev_1975&subsys_15ad1975&rev_1001
     dvi:           hdaudio\func_01
     dvi:      Created Driver Node:
     dvi:           HardwareID   - HDAUDIO\FUNC_01
     dvi:           InfName      - C:\Windows\System32\DriverStore\FileRepository\hdaudio.inf_amd64_a0aad29292cb565f\hdaudio.inf
     dvi:           DevDesc      - High Definition Audio Device
     dvi:           Section      - HdAudModel
     dvi:           Rank         - 0x00ff300c
     dvi:           Signer Score - INBOX
     dvi:           DrvDate      - 09/28/2017
     dvi:           Version      - 10.0.16299.15
     dvi: {Build Driver List - exit(0x00000000)} 22:04:33.519
     dvi: {DIF_SELECTBESTCOMPATDRV} 22:04:33.519
     dvi:      Using exported function 'MediaClassInstaller' in module 'C:\Windows\system32\mmci.dll'.
     dvi:      Class installer == mmci.dll,MediaClassInstaller
     dvi:      Class installer: Enter 22:04:33.597
     dvi:      Class installer: Exit
     dvi:      Default installer: Enter 22:04:33.597
     dvi:           {Select Best Driver}
     dvi:                Class GUID of device changed to: {4d36e96c-e325-11ce-bfc1-08002be10318}.
     dvi:                {DIF_DESTROYPRIVATEDATA} 22:04:33.597
     dvi:                     Class installer: Enter 22:04:33.612
     dvi:                     Class installer: Exit
     dvi:                     Default installer: Enter 22:04:33.612
     dvi:                     Default installer: Exit
     dvi:                {DIF_DESTROYPRIVATEDATA - exit(0xe000020e)} 22:04:33.612
     dvi:                Selected Driver:
     dvi:                     Description - High Definition Audio Device
     dvi:                     InfFile     - c:\windows\system32\driverstore\filerepository\hdaudio.inf_amd64_a0aad29292cb565f\hdaudio.inf
     dvi:                     Section     - HdAudModel
     dvi:           {Select Best Driver - exit(0x00000000)}
     dvi:      Default installer: Exit
     dvi: {DIF_SELECTBESTCOMPATDRV - exit(0x00000000)} 22:04:33.612
     dvi: Waiting for previous device install to complete. 22:04:33.612
     dvi: {Core Device Install} 22:04:34.504
     dvi:      {Install Device - HDAUDIO\FUNC_01&VEN_15AD&DEV_1975&SUBSYS_15AD1975&REV_1001\5&217BE3D6&0&0001} 22:04:34.504
     dvi:           Device Status: 0x01802400, Problem: 0x12 (0xc0000493)
     dvi:           Parent device: PCI\VEN_15AD&DEV_1977&SUBSYS_197715AD&REV_09\4&bbf9765&0&0888
     dvi:           {Configure Device - HDAUDIO\FUNC_01&VEN_15AD&DEV_1975&SUBSYS_15AD1975&REV_1001\5&217BE3D6&0&0001} 22:04:34.519
     dvi:                Device Status: 0x01802400, Problem: 0x12 (0xc0000493)
     dvi:                Parent device: PCI\VEN_15AD&DEV_1977&SUBSYS_197715AD&REV_09\4&bbf9765&0&0888
!    dvi:                Device class {4d36e96c-e325-11ce-bfc1-08002be10318} is not configurable.
     dvi:           {Configure Device - exit(0x00000032)} 22:04:34.519
     dvi:           {DIF_ALLOW_INSTALL} 22:04:34.519
     dvi:                Using exported function 'MediaClassInstaller' in module 'C:\Windows\system32\mmci.dll'.
     dvi:                Class installer == mmci.dll,MediaClassInstaller
     dvi:                Class installer: Enter 22:04:34.519
     dvi:                Class installer: Exit
     dvi:                Default installer: Enter 22:04:34.519
     dvi:                Default installer: Exit
     dvi:           {DIF_ALLOW_INSTALL - exit(0xe000020e)} 22:04:34.519
     dvi:           {DIF_INSTALLDEVICEFILES} 22:04:34.519
     dvi:                Class installer: Enter 22:04:34.519
     dvi:                Class installer: Exit
     dvi:                Default installer: Enter 22:04:34.519
     dvi:                Default installer: Exit
     dvi:           {DIF_INSTALLDEVICEFILES - exit(0x00000000)} 22:04:34.550
     flq:           File 'C:\Windows\system32\DRIVERS\drmk.sys' pruned from copy.
     flq:           File 'C:\Windows\system32\DRIVERS\portcls.sys' pruned from copy.
     flq:           Hardlinking 'C:\Windows\System32\DriverStore\FileRepository\hdaudio.inf_amd64_a0aad29292cb565f\HdAudio.sys' to 'C:\Windows\system32\DRIVERS\HdAudio.sys'.
     flq:           Hardlinking 'C:\Windows\System32\DriverStore\FileRepository\wdmaudio.inf_amd64_6b5a0534c3cf6f82\WMALFXGFXDSP.dll' to 'C:\Windows\system32\WMALFXGFXDSP.dll'.
     flq:           Hardlinking 'C:\Windows\System32\DriverStore\FileRepository\wdmaudio.inf_amd64_6b5a0534c3cf6f82\SysFxUI.dll' to 'C:\Windows\system32\SysFxUI.dll'.
     dvi:           {DIF_REGISTER_COINSTALLERS} 22:04:34.582
     dvi:                Reset Device: Resetting device configuration. 22:04:34.582
     dvi:                Reset Device: Resetting device configuration completed. 22:04:34.582
     dvi:                Class installer: Enter 22:04:34.582
     dvi:                Class installer: Exit
     dvi:                Default installer: Enter 22:04:34.582
     dvi:                Default installer: Exit
     dvi:           {DIF_REGISTER_COINSTALLERS - exit(0x00000000)} 22:04:34.582
     dvi:           {DIF_INSTALLINTERFACES} 22:04:34.582
     dvi:                Class installer: Enter 22:04:34.582
     dvi:                Class installer: Exit
     dvi:                Default installer: Enter 22:04:34.582
     dvi:                Default installer: Exit
     dvi:           {DIF_INSTALLINTERFACES - exit(0x00000000)} 22:04:34.582
     dvi:           {DIF_INSTALLDEVICE} 22:04:34.582
     dvi:                Class installer: Enter 22:04:34.582
     dvi:                     {Install DEVICE}
     dvi:                          {Writing Device Properties}
     dvi:                               Strong Name=hdaudio.inf:db04a16ce4e8d6ee:HdAudModel:10.0.16299.15:hdaudio\func_01
     dvi:                          {Writing Device Properties - Complete}
     inf:                          AddService=HdAudAddService,0x00000002,HdAud_Service_Install  (hdaudio.inf line 91)
     dvi:                          Add Service: Created service 'HdAudAddService'.
     dvi:                     {Install DEVICE exit (0x00000000)}
     sto:                     {Configure Driver Package: c:\windows\system32\driverstore\filerepository\hdaudio.inf_amd64_a0aad29292cb565f\hdaudio.inf}
     sto:                          Source Filter  = HdAudModel
     sto:                          Target Filter  = HDAUDIO\FUNC_01&VEN_15AD&DEV_1975&SUBSYS_15AD1975&REV_1001\5&217BE3D6&0&0001
     inf:                          Class GUID     = {4d36e96c-e325-11ce-bfc1-08002be10318}
     inf:                          {Configure Driver: High Definition Audio Device}
     inf:                               Section Name = HdAudModel
     inf:                               {Configure Device: HDAUDIO\FUNC_01&VEN_15AD&DEV_1975&SUBSYS_15AD1975&REV_1001\5&217BE3D6&0&0001}
     inf:                               {Configure Device: exit(0x00000000)}
     inf:                          {Configure Driver: exit(0x00000000)}
     sto:                     {Configure Driver Package: exit(0x00000000)}
     dvi:                     Install Device: Configuring device class. 22:04:34.941
     dvi:                     Install Device: Configuring device class completed. 22:04:34.941
     dvi:                     Device Status: 0x01802400, Problem: 0x12 (0xc0000493)
     dvi:                     {Restarting Devices} 22:04:34.941
     dvi:                          Start: HDAUDIO\FUNC_01&VEN_15AD&DEV_1975&SUBSYS_15AD1975&REV_1001\5&217BE3D6&0&0001
     dvi:                     {Restarting Devices exit} 22:04:35.019
     dvi:                Class installer: Exit
     dvi:           {DIF_INSTALLDEVICE - exit(0x00000000)} 22:04:35.113
     dvi:           {DIF_NEWDEVICEWIZARD_FINISHINSTALL} 22:04:35.166
     dvi:                Class installer: Enter 22:04:35.175
     dvi:                Class installer: Exit
     dvi:                Default installer: Enter 22:04:35.175
     dvi:                Default installer: Exit
     dvi:           {DIF_NEWDEVICEWIZARD_FINISHINSTALL - exit(0xe000020e)} 22:04:35.175
     dvi:      {Install Device - exit(0x00000000)} 22:04:35.175
     dvi: {Core Device Install - exit(0x00000000)} 22:04:35.191
     dvi: {DIF_DESTROYPRIVATEDATA} 22:04:35.191
     dvi:      Class installer: Enter 22:04:35.191
     dvi:      Class installer: Exit
     dvi:      Default installer: Enter 22:04:35.316
     dvi:      Default installer: Exit
     dvi: {DIF_DESTROYPRIVATEDATA - exit(0xe000020e)} 22:04:35.394
<<<  Section end 2019/01/18 22:04:35.551
<<<  [Exit status: SUCCESS]


>>>  [Setup online Device Install (Hardware initiated) - USB\VID_0E0F&PID_0008\000650268328]
>>>  Section start 2019/01/18 22:04:33.409
     dvi: {Build Driver List} 22:04:33.488
     dvi:      Searching for hardware ID(s):
     dvi:           usb\vid_0e0f&pid_0008&rev_0100
     dvi:           usb\vid_0e0f&pid_0008
     dvi:      Searching for compatible ID(s):
     dvi:           usb\class_e0&subclass_01&prot_01
     dvi:           usb\class_e0&subclass_01
     dvi:           usb\class_e0
     dvi:      Created Driver Node:
     dvi:           HardwareID   - USB\Class_E0&SubClass_01&Prot_01
     dvi:           InfName      - C:\Windows\System32\DriverStore\FileRepository\bth.inf_amd64_2d73ffd8a9122707\bth.inf
     dvi:           DevDesc      - Generic Bluetooth Adapter
     dvi:           Section      - BthUsbGeneric.NT
     dvi:           Rank         - 0x00ff2000
     dvi:           Signer Score - INBOX
     dvi:           DrvDate      - 06/21/2006
     dvi:           Version      - 10.0.16299.64
     dvi: {Build Driver List - exit(0x00000000)} 22:04:33.503
     dvi: {DIF_SELECTBESTCOMPATDRV} 22:04:33.503
     dvi:      Using exported function 'BluetoothClassInstaller' in module 'C:\Windows\system32\bthci.dll'.
     dvi:      Class installer == bthci.dll,BluetoothClassInstaller
     dvi:      Class installer: Enter 22:04:33.566
     dvi:      Class installer: Exit
     dvi:      Default installer: Enter 22:04:33.566
     dvi:           {Select Best Driver}
     dvi:                Class GUID of device changed to: {e0cbf06c-cd8b-4647-bb8a-263b43f0f974}.
     dvi:                {DIF_DESTROYPRIVATEDATA} 22:04:33.581
     dvi:                     Class installer: Enter 22:04:33.581
     dvi:                     Class installer: Exit
     dvi:                     Default installer: Enter 22:04:33.581
     dvi:                     Default installer: Exit
     dvi:                {DIF_DESTROYPRIVATEDATA - exit(0xe000020e)} 22:04:33.581
     dvi:                Selected Driver:
     dvi:                     Description - Generic Bluetooth Adapter
     dvi:                     InfFile     - c:\windows\system32\driverstore\filerepository\bth.inf_amd64_2d73ffd8a9122707\bth.inf
     dvi:                     Section     - BthUsbGeneric
     dvi:           {Select Best Driver - exit(0x00000000)}
     dvi:      Default installer: Exit
     dvi: {DIF_SELECTBESTCOMPATDRV - exit(0x00000000)} 22:04:33.581
     dvi: Waiting for previous device install to complete. 22:04:33.581
     dvi: {Core Device Install} 22:04:33.894
     dvi:      {Install Device - USB\VID_0E0F&PID_0008\000650268328} 22:04:33.894
     dvi:           Device Status: 0x01806400, Problem: 0x12 (0xc0000493)
     dvi:           Parent device: USB\ROOT_HUB30\5&20be2fcd&0&0
     dvi:           {Configure Device - USB\VID_0E0F&PID_0008\000650268328} 22:04:33.909
     dvi:                Device Status: 0x01806400, Problem: 0x12 (0xc0000493)
     dvi:                Parent device: USB\ROOT_HUB30\5&20be2fcd&0&0
!    dvi:                Device class {e0cbf06c-cd8b-4647-bb8a-263b43f0f974} is not configurable.
     dvi:           {Configure Device - exit(0x00000032)} 22:04:33.909
     dvi:           {DIF_ALLOW_INSTALL} 22:04:33.909
     dvi:                Using exported function 'BluetoothClassInstaller' in module 'C:\Windows\system32\bthci.dll'.
     dvi:                Class installer == bthci.dll,BluetoothClassInstaller
     dvi:                Class installer: Enter 22:04:33.925
     dvi:                Class installer: Exit
     dvi:                Default installer: Enter 22:04:33.925
     dvi:                Default installer: Exit
     dvi:           {DIF_ALLOW_INSTALL - exit(0xe000020e)} 22:04:33.925
     dvi:           {DIF_INSTALLDEVICEFILES} 22:04:33.925
     dvi:                Class installer: Enter 22:04:33.925
     dvi:                Class installer: Exit
     dvi:                Default installer: Enter 22:04:33.925
     dvi:                Default installer: Exit
     dvi:           {DIF_INSTALLDEVICEFILES - exit(0x00000000)} 22:04:33.925
     flq:           Hardlinking 'C:\Windows\System32\DriverStore\FileRepository\bth.inf_amd64_2d73ffd8a9122707\BTHUSB.SYS' to 'C:\Windows\system32\DRIVERS\BTHUSB.SYS'.
     flq:           Hardlinking 'C:\Windows\System32\DriverStore\FileRepository\bth.inf_amd64_2d73ffd8a9122707\bthport.sys' to 'C:\Windows\system32\DRIVERS\bthport.sys'.
     dvi:           {DIF_REGISTER_COINSTALLERS} 22:04:33.941
     dvi:                Reset Device: Resetting device configuration. 22:04:33.941
     dvi:                Reset Device: Resetting device configuration completed. 22:04:33.941
     dvi:                Class installer: Enter 22:04:33.941
     dvi:                Class installer: Exit
     dvi:                Default installer: Enter 22:04:33.956
     dvi:                Default installer: Exit
     dvi:           {DIF_REGISTER_COINSTALLERS - exit(0x00000000)} 22:04:33.956
     dvi:           {DIF_INSTALLINTERFACES} 22:04:33.956
     dvi:                Class installer: Enter 22:04:33.956
     dvi:                Class installer: Exit
     dvi:                Default installer: Enter 22:04:33.956
     dvi:                Default installer: Exit
     dvi:           {DIF_INSTALLINTERFACES - exit(0x00000000)} 22:04:33.956
     dvi:           {DIF_INSTALLDEVICE} 22:04:33.956
     dvi:                Class installer: Enter 22:04:33.956
     dvi:                Class installer: Exit
     dvi:                Default installer: Enter 22:04:33.972
     dvi:                     {Install DEVICE}
     dvi:                          {Writing Device Properties}
     dvi:                               Strong Name=bth.inf:6d0a8338b614ca34:BthUsbGeneric:10.0.16299.64:usb\class_e0&subclass_01&prot_01
     dvi:                          {Writing Device Properties - Complete}
     inf:                          Addservice=BTHUSB,0x00000002,BthUsb_Service_Inst,BthUsb_EventLog_Inst  (bth.inf line 212)
     dvi:                          Add Service: Created service 'BTHUSB'.
     inf:                          Addservice=BTHPORT,,BthPort_Service_Inst,BthPort_EventLog_Inst  (bth.inf line 213)
     dvi:                          Add Service: Created service 'BTHPORT'.
     dvi:                     {Install DEVICE exit (0x00000000)}
     dvi:                     Install Device: Configuring device class. 22:04:34.081
     dvi:                     Install Device: Configuring device class completed. 22:04:34.347
     dvi:                     Device Status: 0x01806400, Problem: 0x12 (0xc0000493)
     dvi:                     {Restarting Devices} 22:04:34.347
     dvi:                          Start: USB\VID_0E0F&PID_0008\000650268328
     dvi:                     {Restarting Devices exit} 22:04:34.488
     dvi:                Default installer: Exit
     dvi:           {DIF_INSTALLDEVICE - exit(0x00000000)} 22:04:34.488
     dvi:           {DIF_NEWDEVICEWIZARD_FINISHINSTALL} 22:04:34.488
     dvi:                Class installer: Enter 22:04:34.488
     dvi:                Class installer: Exit
     dvi:                Default installer: Enter 22:04:34.488
     dvi:                Default installer: Exit
     dvi:           {DIF_NEWDEVICEWIZARD_FINISHINSTALL - exit(0xe000020e)} 22:04:34.488
     dvi:      {Install Device - exit(0x00000000)} 22:04:34.504
     dvi: {Core Device Install - exit(0x00000000)} 22:04:34.504
     dvi: {DIF_DESTROYPRIVATEDATA} 22:04:34.566
     dvi:      Class installer: Enter 22:04:34.566
     dvi:      Class installer: Exit
     dvi:      Default installer: Enter 22:04:34.566
     dvi:      Default installer: Exit
     dvi: {DIF_DESTROYPRIVATEDATA - exit(0xe000020e)} 22:04:34.660
<<<  Section end 2019/01/18 22:04:34.675
<<<  [Exit status: SUCCESS]


>>>  [Setup online Device Install (Hardware initiated) - BTH\MS_RFCOMM\7&20f38eb4&0&0]
>>>  Section start 2019/01/18 22:04:34.691
     dvi: {Build Driver List} 22:04:34.722
     dvi:      Searching for hardware ID(s):
     dvi:           bth\ms_rfcomm
     dvi:      Created Driver Node:
     dvi:           HardwareID   - BTH\MS_RFCOMM
     dvi:           InfName      - C:\Windows\System32\DriverStore\FileRepository\tdibth.inf_amd64_dbe21091e108eb78\tdibth.inf
     dvi:           DevDesc      - Bluetooth Device (RFCOMM Protocol TDI)
     dvi:           Section      - RFCOMM.Install
     dvi:           Rank         - 0x00ff0000
     dvi:           Signer Score - INBOX
     dvi:           DrvDate      - 06/21/2006
     dvi:           Version      - 10.0.16299.15
     dvi: {Build Driver List - exit(0x00000000)} 22:04:34.753
     dvi: {DIF_SELECTBESTCOMPATDRV} 22:04:34.753
     dvi:      Default installer: Enter 22:04:34.753
     dvi:           {Select Best Driver}
     dvi:                Class GUID of device changed to: {4d36e972-e325-11ce-bfc1-08002be10318}.
     dvi:                Selected Driver:
     dvi:                     Description - Bluetooth Device (RFCOMM Protocol TDI)
     dvi:                     InfFile     - c:\windows\system32\driverstore\filerepository\tdibth.inf_amd64_dbe21091e108eb78\tdibth.inf
     dvi:                     Section     - RFCOMM.Install
     dvi:           {Select Best Driver - exit(0x00000000)}
     dvi:      Default installer: Exit
     dvi: {DIF_SELECTBESTCOMPATDRV - exit(0x00000000)} 22:04:34.769
     dvi: Waiting for previous device install to complete. 22:04:34.769
     dvi: {Core Device Install} 22:04:35.191
     dvi:      {Install Device - BTH\MS_RFCOMM\7&20F38EB4&0&0} 22:04:35.191
     dvi:           Device Status: 0x01802400, Problem: 0x1 (0xc0000493)
     dvi:           Parent device: USB\VID_0E0F&PID_0008\000650268328
     dvi:           {Configure Device - BTH\MS_RFCOMM\7&20F38EB4&0&0} 22:04:35.191
     dvi:                Device Status: 0x01802400, Problem: 0x1 (0xc0000493)
     dvi:                Parent device: USB\VID_0E0F&PID_0008\000650268328
     sto:                {Configure Driver Package: C:\Windows\System32\DriverStore\FileRepository\tdibth.inf_amd64_dbe21091e108eb78\tdibth.inf}
     sto:                     Source Filter  = bth\ms_rfcomm
     inf:                     Class GUID     = {4d36e972-e325-11ce-bfc1-08002be10318}
     inf:                     Class Options  = Configurable
     inf:                     {Configure Driver: Bluetooth Device (RFCOMM Protocol TDI)}
     inf:                          Section Name = RFCOMM.Install
     inf:                          {Add Service: RFCOMM}
     inf:                               Start Type    = 3
     inf:                               Service Type  = 1
     inf:                               Error Control = 1
     inf:                               Image Path    = \SystemRoot\System32\drivers\rfcomm.sys
     inf:                               Display Name  = Bluetooth Device (RFCOMM Protocol TDI)
     inf:                               Description   = Bluetooth Device (RFCOMM Protocol TDI)
     inf:                               Group         = PNP_TDI
     inf:                               Created new service 'RFCOMM'.
     inf:                          {Add Service: exit(0x00000000)}
     inf:                          {Add Service: BthEnum}
     inf:                               Start Type    = 3
     inf:                               Service Type  = 1
     inf:                               Error Control = 1
     inf:                               Image Path    = \SystemRoot\System32\drivers\BthEnum.sys
     inf:                               Display Name  = Bluetooth Enumerator Service
     inf:                               Created new service 'BthEnum'.
     inf:                          {Add Service: exit(0x00000000)}
     inf:                          Hardware Id  = BTH\MS_RFCOMM
     inf:                          {Configure Driver Configuration: RFCOMM.Install}
     inf:                               Service Name  = RFCOMM
     inf:                               Upper Filters = BthEnum
     inf:                               Included INFs = bth.inf
     inf:                               Config Flags  = 0x00000000
     inf:                          {Configure Driver Configuration: exit(0x00000000)}
     inf:                     {Configure Driver: exit(0x00000000)}
     flq:                     Hardlinking 'C:\Windows\System32\DriverStore\FileRepository\tdibth.inf_amd64_dbe21091e108eb78\rfcomm.sys' to 'C:\Windows\System32\drivers\rfcomm.sys'.
     flq:                     Hardlinking 'C:\Windows\System32\DriverStore\FileRepository\bth.inf_amd64_2d73ffd8a9122707\bthenum.sys' to 'C:\Windows\System32\drivers\bthenum.sys'.
     dvi:                     Existing files modified, may need to restart related services.
     sto:                {Configure Driver Package: exit(0x00000bc3)}
     dvi:                Restart required for any devices using this driver.
     dvi:                Install Device: Configuring device (tdibth.inf:bth\ms_rfcomm,RFCOMM.Install). 22:04:35.238
     dvi:                Install Device: Configuring device completed. 22:04:35.238
     dvi:                Device Status: 0x01802000, Problem: 0x0 (0x00000000)
     dvi:                {Restarting Devices} 22:04:35.238
     dvi:                     Start: BTH\MS_RFCOMM\7&20F38EB4&0&0
!    dvi:                     Device pending start: Device has problem: 0x38 (CM_PROB_NEED_CLASS_CONFIG), problem status: 0x00000000.
     dvi:                {Restarting Devices exit} 22:04:35.253
     dvi:           {Configure Device - exit(0x00000000)} 22:04:35.253
     dvi:           Device Status: 0x01802400, Problem: 0x38
     dvi:      {Install Device - exit(0x00000000)} 22:04:35.269
     dvi: {Core Device Install - exit(0x00000000)} 22:04:35.269
     dvi: Waiting for device post-install to complete. 22:04:35.269
     dvi: Device post-install completed. 22:04:35.707
<<<  Section end 2019/01/18 22:04:35.800
<<<  [Exit status: SUCCESS]


>>>  [Setup online Device Install (Hardware initiated) - BTH\MS_BTHBRB\7&20f38eb4&0&1]
>>>  Section start 2019/01/18 22:04:34.691
     dvi: {Build Driver List} 22:04:34.769
     dvi:      Searching for hardware ID(s):
     dvi:           bth\ms_bthbrb
     dvi:      Created Driver Node:
     dvi:           HardwareID   - BTH\MS_BTHBRB
     dvi:           InfName      - C:\Windows\System32\DriverStore\FileRepository\bth.inf_amd64_2d73ffd8a9122707\bth.inf
     dvi:           DevDesc      - Microsoft Bluetooth Enumerator
     dvi:           Section      - BthEnum.NT
     dvi:           Rank         - 0x00ff0000
     dvi:           Signer Score - INBOX
     dvi:           DrvDate      - 06/21/2006
     dvi:           Version      - 10.0.16299.64
     dvi: {Build Driver List - exit(0x00000000)} 22:04:34.769
     dvi: {DIF_SELECTBESTCOMPATDRV} 22:04:34.769
     dvi:      Using exported function 'BluetoothClassInstaller' in module 'C:\Windows\system32\bthci.dll'.
     dvi:      Class installer == bthci.dll,BluetoothClassInstaller
     dvi:      Class installer: Enter 22:04:34.879
     dvi:      Class installer: Exit
     dvi:      Default installer: Enter 22:04:34.879
     dvi:           {Select Best Driver}
     dvi:                Class GUID of device changed to: {e0cbf06c-cd8b-4647-bb8a-263b43f0f974}.
     dvi:                {DIF_DESTROYPRIVATEDATA} 22:04:34.894
     dvi:                     Class installer: Enter 22:04:34.894
     dvi:                     Class installer: Exit
     dvi:                     Default installer: Enter 22:04:34.894
     dvi:                     Default installer: Exit
     dvi:                {DIF_DESTROYPRIVATEDATA - exit(0xe000020e)} 22:04:34.894
     dvi:                Selected Driver:
     dvi:                     Description - Microsoft Bluetooth Enumerator
     dvi:                     InfFile     - c:\windows\system32\driverstore\filerepository\bth.inf_amd64_2d73ffd8a9122707\bth.inf
     dvi:                     Section     - BthEnum
     dvi:           {Select Best Driver - exit(0x00000000)}
     dvi:      Default installer: Exit
     dvi: {DIF_SELECTBESTCOMPATDRV - exit(0x00000000)} 22:04:34.894
     dvi: Waiting for previous device install to complete. 22:04:34.894
     dvi: {Core Device Install} 22:04:35.379
     dvi:      {Install Device - BTH\MS_BTHBRB\7&20F38EB4&0&1} 22:04:35.379
     dvi:           Device Status: 0x01802400, Problem: 0x1 (0xc0000493)
     dvi:           Parent device: USB\VID_0E0F&PID_0008\000650268328
     dvi:           {Configure Device - BTH\MS_BTHBRB\7&20F38EB4&0&1} 22:04:35.379
     dvi:                Device Status: 0x01802400, Problem: 0x1 (0xc0000493)
     dvi:                Parent device: USB\VID_0E0F&PID_0008\000650268328
!    dvi:                Device class {e0cbf06c-cd8b-4647-bb8a-263b43f0f974} is not configurable.
     dvi:           {Configure Device - exit(0x00000032)} 22:04:35.379
     dvi:           {DIF_ALLOW_INSTALL} 22:04:35.379
     dvi:                Using exported function 'BluetoothClassInstaller' in module 'C:\Windows\system32\bthci.dll'.
     dvi:                Class installer == bthci.dll,BluetoothClassInstaller
     dvi:                Class installer: Enter 22:04:35.379
     dvi:                Class installer: Exit
     dvi:                Default installer: Enter 22:04:35.379
     dvi:                Default installer: Exit
     dvi:           {DIF_ALLOW_INSTALL - exit(0xe000020e)} 22:04:35.379
     dvi:           {DIF_INSTALLDEVICEFILES} 22:04:35.379
     dvi:                Class installer: Enter 22:04:35.394
     dvi:                Class installer: Exit
     dvi:                Default installer: Enter 22:04:35.394
     dvi:                Default installer: Exit
     dvi:           {DIF_INSTALLDEVICEFILES - exit(0x00000000)} 22:04:35.394
     flq:           File 'C:\Windows\system32\DRIVERS\bthenum.sys' pruned from copy.
     dvi:           {DIF_REGISTER_COINSTALLERS} 22:04:35.394
     dvi:                Reset Device: Resetting device configuration. 22:04:35.394
     dvi:                Reset Device: Resetting device configuration completed. 22:04:35.425
     dvi:                Class installer: Enter 22:04:35.425
     dvi:                Class installer: Exit
     dvi:                Default installer: Enter 22:04:35.425
     dvi:                Default installer: Exit
     dvi:           {DIF_REGISTER_COINSTALLERS - exit(0x00000000)} 22:04:35.425
     dvi:           {DIF_INSTALLINTERFACES} 22:04:35.425
     dvi:                Class installer: Enter 22:04:35.425
     dvi:                Class installer: Exit
     dvi:                Default installer: Enter 22:04:35.425
     dvi:                Default installer: Exit
     dvi:           {DIF_INSTALLINTERFACES - exit(0x00000000)} 22:04:35.425
     dvi:           {DIF_INSTALLDEVICE} 22:04:35.425
     dvi:                Class installer: Enter 22:04:35.441
     dvi:                Class installer: Exit
     dvi:                Default installer: Enter 22:04:35.441
     dvi:                     {Install DEVICE}
     dvi:                          {Writing Device Properties}
     dvi:                               Strong Name=bth.inf:00a2c5fc680bd35a:BthEnum:10.0.16299.64:bth\ms_bthbrb
     dvi:                          {Writing Device Properties - Complete}
     inf:                          AddService=BthEnum,0x00000002,BthEnum_Service_Inst,BthEnum_EventLog_Inst  (bth.inf line 388)
     dvi:                          Add Service: Modified existing service 'BthEnum'.
     dvi:                     {Install DEVICE exit (0x00000000)}
     dvi:                     Install Device: Configuring device class. 22:04:35.472
     dvi:                     Install Device: Configuring device class completed. 22:04:35.472
     dvi:                     Device Status: 0x01802400, Problem: 0x1 (0xc0000493)
     dvi:                     Install Device: Starting device 'BTH\MS_BTHBRB\7&20F38EB4&0&1'. 22:04:35.472
     dvi:                     Install Device: Starting device completed. 22:04:35.472
     dvi:                Default installer: Exit
     dvi:           {DIF_INSTALLDEVICE - exit(0x00000000)} 22:04:35.472
     dvi:           {DIF_NEWDEVICEWIZARD_FINISHINSTALL} 22:04:35.472
     dvi:                Class installer: Enter 22:04:35.472
     dvi:                Class installer: Exit
     dvi:                Default installer: Enter 22:04:35.472
     dvi:                Default installer: Exit
     dvi:           {DIF_NEWDEVICEWIZARD_FINISHINSTALL - exit(0xe000020e)} 22:04:35.472
     dvi:      {Install Device - exit(0x00000000)} 22:04:35.488
     dvi: {Core Device Install - exit(0x00000000)} 22:04:35.488
     dvi: {DIF_DESTROYPRIVATEDATA} 22:04:35.488
     dvi:      Class installer: Enter 22:04:35.488
     dvi:      Class installer: Exit
     dvi:      Default installer: Enter 22:04:35.488
     dvi:      Default installer: Exit
     dvi: {DIF_DESTROYPRIVATEDATA - exit(0xe000020e)} 22:04:35.488
<<<  Section end 2019/01/18 22:04:35.519
<<<  [Exit status: SUCCESS]


>>>  [Setup online Device Install (Hardware initiated) - BTH\MS_BTHL2CAP\7&20f38eb4&0&2]
>>>  Section start 2019/01/18 22:04:34.691
     dvi: {Build Driver List} 22:04:34.769
     dvi:      Searching for hardware ID(s):
     dvi:           bth\ms_bthl2cap
     dvi:      Created Driver Node:
     dvi:           HardwareID   - BTH\MS_BTHL2CAP
     dvi:           InfName      - C:\Windows\System32\DriverStore\FileRepository\bthl2cap.inf_amd64_4a368e040ca87769\bthl2cap.inf
     dvi:           DevDesc      - Microsoft Bluetooth Protocol Support Driver
     dvi:           Section      - Bthl2Cap_Inst.NT
     dvi:           Rank         - 0x00ff0000
     dvi:           Signer Score - INBOX
     dvi:           DrvDate      - 06/21/2006
     dvi:           Version      - 10.0.16299.15
     dvi: {Build Driver List - exit(0x00000000)} 22:04:34.800
     dvi: {DIF_SELECTBESTCOMPATDRV} 22:04:34.800
     dvi:      Using exported function 'BluetoothClassInstaller' in module 'C:\Windows\system32\bthci.dll'.
     dvi:      Class installer == bthci.dll,BluetoothClassInstaller
     dvi:      Class installer: Enter 22:04:34.800
     dvi:      Class installer: Exit
     dvi:      Default installer: Enter 22:04:34.800
     dvi:           {Select Best Driver}
     dvi:                Class GUID of device changed to: {e0cbf06c-cd8b-4647-bb8a-263b43f0f974}.
     dvi:                {DIF_DESTROYPRIVATEDATA} 22:04:34.800
     dvi:                     Class installer: Enter 22:04:34.800
     dvi:                     Class installer: Exit
     dvi:                     Default installer: Enter 22:04:34.800
     dvi:                     Default installer: Exit
     dvi:                {DIF_DESTROYPRIVATEDATA - exit(0xe000020e)} 22:04:34.800
     dvi:                Selected Driver:
     dvi:                     Description - Microsoft Bluetooth Protocol Support Driver
     dvi:                     InfFile     - c:\windows\system32\driverstore\filerepository\bthl2cap.inf_amd64_4a368e040ca87769\bthl2cap.inf
     dvi:                     Section     - Bthl2Cap_Inst
     dvi:           {Select Best Driver - exit(0x00000000)}
     dvi:      Default installer: Exit
     dvi: {DIF_SELECTBESTCOMPATDRV - exit(0x00000000)} 22:04:34.800
     dvi: Waiting for previous device install to complete. 22:04:34.816
     dvi: {Core Device Install} 22:04:35.269
     dvi:      {Install Device - BTH\MS_BTHL2CAP\7&20F38EB4&0&2} 22:04:35.269
     dvi:           Device Status: 0x01802400, Problem: 0x1 (0xc0000493)
     dvi:           Parent device: USB\VID_0E0F&PID_0008\000650268328
     dvi:           {Configure Device - BTH\MS_BTHL2CAP\7&20F38EB4&0&2} 22:04:35.269
     dvi:                Device Status: 0x01802400, Problem: 0x1 (0xc0000493)
     dvi:                Parent device: USB\VID_0E0F&PID_0008\000650268328
!    dvi:                Device class {e0cbf06c-cd8b-4647-bb8a-263b43f0f974} is not configurable.
     dvi:           {Configure Device - exit(0x00000032)} 22:04:35.269
     dvi:           {DIF_ALLOW_INSTALL} 22:04:35.269
     dvi:                Using exported function 'BluetoothClassInstaller' in module 'C:\Windows\system32\bthci.dll'.
     dvi:                Class installer == bthci.dll,BluetoothClassInstaller
     dvi:                Class installer: Enter 22:04:35.269
     dvi:                Class installer: Exit
     dvi:                Default installer: Enter 22:04:35.269
     dvi:                Default installer: Exit
     dvi:           {DIF_ALLOW_INSTALL - exit(0xe000020e)} 22:04:35.285
     dvi:           {DIF_INSTALLDEVICEFILES} 22:04:35.285
     dvi:                Class installer: Enter 22:04:35.285
     dvi:                Class installer: Exit
     dvi:                Default installer: Enter 22:04:35.285
     dvi:                Default installer: Exit
     dvi:           {DIF_INSTALLDEVICEFILES - exit(0x00000000)} 22:04:35.285
     flq:           Hardlinking 'C:\Windows\System32\DriverStore\FileRepository\bthl2cap.inf_amd64_4a368e040ca87769\bthl2cap.sys' to 'C:\Windows\system32\DRIVERS\bthl2cap.sys'.
     dvi:           {DIF_REGISTER_COINSTALLERS} 22:04:35.300
     dvi:                Reset Device: Resetting device configuration. 22:04:35.300
     dvi:                Reset Device: Resetting device configuration completed. 22:04:35.300
     dvi:                Class installer: Enter 22:04:35.300
     dvi:                Class installer: Exit
     dvi:                Default installer: Enter 22:04:35.300
     dvi:                Default installer: Exit
     dvi:           {DIF_REGISTER_COINSTALLERS - exit(0x00000000)} 22:04:35.300
     dvi:           {DIF_INSTALLINTERFACES} 22:04:35.300
     dvi:                Class installer: Enter 22:04:35.300
     dvi:                Class installer: Exit
     dvi:                Default installer: Enter 22:04:35.300
     dvi:                Default installer: Exit
     dvi:           {DIF_INSTALLINTERFACES - exit(0x00000000)} 22:04:35.316
     dvi:           {DIF_INSTALLDEVICE} 22:04:35.316
     dvi:                Class installer: Enter 22:04:35.316
     dvi:                Class installer: Exit
     dvi:                Default installer: Enter 22:04:35.316
     dvi:                     {Install DEVICE}
     dvi:                          {Writing Device Properties}
     dvi:                               Strong Name=bthl2cap.inf:00a2c5fcfdce196b:Bthl2Cap_Inst:10.0.16299.15:bth\ms_bthl2cap
     dvi:                          {Writing Device Properties - Complete}
     inf:                          AddService=bthl2cap,0x00000002,BthL2Cap.Service.Install  (bthl2cap.inf line 46)
     dvi:                          Add Service: Created service 'bthl2cap'.
     dvi:                     {Install DEVICE exit (0x00000000)}
     dvi:                     Install Device: Configuring device class. 22:04:35.347
     dvi:                     Install Device: Configuring device class completed. 22:04:35.347
     dvi:                     Device Status: 0x01802400, Problem: 0x1 (0xc0000493)
     dvi:                     {Restarting Devices} 22:04:35.347
     dvi:                          Start: BTH\MS_BTHL2CAP\7&20F38EB4&0&2
     dvi:                     {Restarting Devices exit} 22:04:35.363
     dvi:                Default installer: Exit
     dvi:           {DIF_INSTALLDEVICE - exit(0x00000000)} 22:04:35.363
     dvi:           {DIF_NEWDEVICEWIZARD_FINISHINSTALL} 22:04:35.363
     dvi:                Class installer: Enter 22:04:35.363
     dvi:                Class installer: Exit
     dvi:                Default installer: Enter 22:04:35.363
     dvi:                Default installer: Exit
     dvi:           {DIF_NEWDEVICEWIZARD_FINISHINSTALL - exit(0xe000020e)} 22:04:35.363
     dvi:      {Install Device - exit(0x00000000)} 22:04:35.379
     dvi: {Core Device Install - exit(0x00000000)} 22:04:35.379
     dvi: {DIF_DESTROYPRIVATEDATA} 22:04:35.379
     dvi:      Class installer: Enter 22:04:35.379
     dvi:      Class installer: Exit
     dvi:      Default installer: Enter 22:04:35.379
     dvi:      Default installer: Exit
     dvi: {DIF_DESTROYPRIVATEDATA - exit(0xe000020e)} 22:04:35.472
<<<  Section end 2019/01/18 22:04:35.519
<<<  [Exit status: SUCCESS]


>>>  [Setup online Device Install (Hardware initiated) - BTH\MS_BTHPAN\7&20f38eb4&0&3]
>>>  Section start 2019/01/18 22:04:35.519
     dvi: {Build Driver List} 22:04:35.535
     dvi:      Searching for hardware ID(s):
     dvi:           bth\ms_bthpan
     dvi:      Created Driver Node:
     dvi:           HardwareID   - BTH\MS_BTHPAN
     dvi:           InfName      - C:\Windows\System32\DriverStore\FileRepository\bthpan.inf_amd64_b76964376bcc6ad4\bthpan.inf
     dvi:           DevDesc      - Bluetooth Device (Personal Area Network)
     dvi:           Section      - BthPan.Install
     dvi:           Rank         - 0x00ff0000
     dvi:           Signer Score - INBOX
     dvi:           DrvDate      - 06/21/2006
     dvi:           Version      - 10.0.16299.15
     dvi: {Build Driver List - exit(0x00000000)} 22:04:35.566
     dvi: {DIF_SELECTBESTCOMPATDRV} 22:04:35.566
     dvi:      Default installer: Enter 22:04:35.566
     dvi:           {Select Best Driver}
     dvi:                Class GUID of device changed to: {4d36e972-e325-11ce-bfc1-08002be10318}.
     dvi:                Selected Driver:
     dvi:                     Description - Bluetooth Device (Personal Area Network)
     dvi:                     InfFile     - c:\windows\system32\driverstore\filerepository\bthpan.inf_amd64_b76964376bcc6ad4\bthpan.inf
     dvi:                     Section     - BthPan.Install
     dvi:           {Select Best Driver - exit(0x00000000)}
     dvi:      Default installer: Exit
     dvi: {DIF_SELECTBESTCOMPATDRV - exit(0x00000000)} 22:04:35.582
     dvi: {Core Device Install} 22:04:35.582
     dvi:      {Install Device - BTH\MS_BTHPAN\7&20F38EB4&0&3} 22:04:35.582
     dvi:           Device Status: 0x01802400, Problem: 0x1 (0xc0000493)
     dvi:           Parent device: USB\VID_0E0F&PID_0008\000650268328
     dvi:           {Configure Device - BTH\MS_BTHPAN\7&20F38EB4&0&3} 22:04:35.582
     dvi:                Device Status: 0x01802400, Problem: 0x1 (0xc0000493)
     dvi:                Parent device: USB\VID_0E0F&PID_0008\000650268328
     sto:                {Configure Driver Package: C:\Windows\System32\DriverStore\FileRepository\bthpan.inf_amd64_b76964376bcc6ad4\bthpan.inf}
     sto:                     Source Filter  = bth\ms_bthpan
     inf:                     Class GUID     = {4d36e972-e325-11ce-bfc1-08002be10318}
     inf:                     Class Options  = Configurable
     inf:                     {Configure Driver: Bluetooth Device (Personal Area Network)}
     inf:                          Section Name = BthPan.Install
     inf:                          {Add Service: BthPan}
     inf:                               Start Type    = 3
     inf:                               Service Type  = 1
     inf:                               Error Control = 1
     inf:                               Image Path    = \SystemRoot\System32\drivers\bthpan.sys
     inf:                               Display Name  = Bluetooth Device (Personal Area Network)
     inf:                               Description   = Bluetooth Device (Personal Area Network)
     inf:                               Group         = NDIS
     inf:                               Created new service 'BthPan'.
     inf:                          {Add Service: exit(0x00000000)}
     inf:                          Hardware Id  = BTH\MS_BTHPAN
     inf:                          {Configure Driver Configuration: BthPan.Install}
     inf:                               Service Name  = BthPan
     inf:                               Config Flags  = 0x00000000
     inf:                          {Configure Driver Configuration: exit(0x00000000)}
     inf:                     {Configure Driver: exit(0x00000000)}
     flq:                     Hardlinking 'C:\Windows\System32\DriverStore\FileRepository\bthpan.inf_amd64_b76964376bcc6ad4\bthpan.sys' to 'C:\Windows\System32\drivers\bthpan.sys'.
     dvi:                     Existing files modified, may need to restart related services.
     sto:                {Configure Driver Package: exit(0x00000bc3)}
     dvi:                Restart required for any devices using this driver.
     dvi:                Install Device: Configuring device (bthpan.inf:bth\ms_bthpan,BthPan.Install). 22:04:35.613
     dvi:                Install Device: Configuring device completed. 22:04:35.613
     dvi:                Device Status: 0x01802000, Problem: 0x0 (0x00000000)
     dvi:                {Restarting Devices} 22:04:35.613
     dvi:                     Start: BTH\MS_BTHPAN\7&20F38EB4&0&3
!    dvi:                     Device pending start: Device has problem: 0x38 (CM_PROB_NEED_CLASS_CONFIG), problem status: 0x00000000.
     dvi:                {Restarting Devices exit} 22:04:35.629
     dvi:           {Configure Device - exit(0x00000000)} 22:04:35.629
     dvi:           Device Status: 0x01802400, Problem: 0x38
     dvi:      {Install Device - exit(0x00000000)} 22:04:35.629
     dvi: {Core Device Install - exit(0x00000000)} 22:04:35.629
     dvi: Waiting for device post-install to complete. 22:04:35.629
     dvi: Device post-install completed. 22:04:35.800
<<<  Section end 2019/01/18 22:04:35.910
<<<  [Exit status: SUCCESS]

