[Device Install Log]
     OS Version = 10.0.16299
     Service Pack = 0.0
     Suite = 0x0100
     ProductType = 1
     Architecture = amd64

[BeginLog]

[Boot Session: 2018/03/27 05:11:28.489]

>>>  [Sysprep Specialize - {4c4c4544-0042-3210-804d-c4c04f4e3232}]
>>>  Section start 2018/03/27 05:11:53.228
     set: BIOS Release Date: 12/27/2013
     set: BIOS Vendor: Dell Inc.
     set: BIOS Version: A14
     set: System Family: 
     set: System Manufacturer: Dell Inc.
     set: System Product Name: Latitude E6430
     set: System SKU: Latitude E6430
     set: System Version: 01
<<<  Section end 2018/03/27 05:11:58.628
<<<  [Exit status: SUCCESS]


>>>  [Setup Update Driver Package Signatures]
>>>  Section start 2018/03/27 05:11:53.321
     set: No driver package signatures to update.
<<<  Section end 2018/03/27 05:11:53.384
<<<  [Exit status: SUCCESS]


>>>  [Setup Plug and Play Device Install]
>>>  Section start 2018/03/27 05:11:53.384
     set: PCI\VEN_8086&DEV_1E20&SUBSYS_05341028&REV_04\3&11583659&0&D8 -> Configured [hdaudbus.inf:PCI\CC_0403,HDAudio_Device.NT] and started (ConfigFlags = 0x00000000).
     set: SCSI\DISK&VEN_SAMSUNG&PROD_SSD_850_PRO_512G\4&241BACD1&0&000000 -> Configured [disk.inf:GenDisk,disk_install.NT] and started (ConfigFlags = 0x00000000).
!    set: PCI\VEN_8086&DEV_0166&SUBSYS_05341028&REV_09\3&11583659&0&10 -> Setting CONFIGFLAG_REINSTALL on unstarted device (ProblemCode = 18, ProblemStatus = 0xC0000493).
     set: ACPI\PNP0C01\1 -> Configured [machine.inf:*PNP0C01,NO_DRV_MBRES] (ConfigFlags = 0x00000000).
     set: ACPI\PNP0C01\2 -> Configured [machine.inf:*PNP0C01,NO_DRV_MBRES] (ConfigFlags = 0x00000000).
     set: ACPI\PNP0C02\1 -> Configured [machine.inf:*PNP0C02,NO_DRV_MBRES] (ConfigFlags = 0x00000000).
     set: ACPI\PNP0C02\2 -> Configured [machine.inf:*PNP0C02,NO_DRV_MBRES] (ConfigFlags = 0x00000000).
!    set: PCI\VEN_8086&DEV_1502&SUBSYS_05341028&REV_04\3&11583659&0&C8 -> Setting CONFIGFLAG_REINSTALL on unstarted device (ProblemCode = 18, ProblemStatus = 0xC0000493).
     set: ACPI\PNP0C09\0 -> Configured [machine.inf:*PNP0C09,NO_DRV] and started (ConfigFlags = 0x00000000).
!    set: ACPI\PNP0401\5 -> Configured [msports.inf:*PNP0401,EcpPort.NT] and unstarted (ProblemCode = 31, ProblemStatus = 0xC0000001, ConfigFlags = 0x00000400).
     set: PCI\VEN_8086&DEV_1E31&SUBSYS_05341028&REV_04\3&11583659&0&A0 -> Configured [usbxhci.inf:PCI\CC_0C0330,Generic.Install.NT] and started (ConfigFlags = 0x00000000).
     set: ACPI\PNP0C0A\1 -> Configured [cmbatt.inf:ACPI\PNP0C0A,CmBatt_Inst] and started (ConfigFlags = 0x00000000).
     set: ACPI\PNP0C0A\2 -> Configured [cmbatt.inf:ACPI\PNP0C0A,CmBatt_Inst] and started (ConfigFlags = 0x00000000).
     set: ACPI\PNP0C0A\3 -> Configured [cmbatt.inf:ACPI\PNP0C0A,CmBatt_Inst] and started (ConfigFlags = 0x00000000).
     set: STORAGE\VOLUME\{5C3108AC-31C0-11E8-9B10-806E6F6E6963}#000000001F400000 -> Configured [volume.inf:STORAGE\Volume,volume_install.NT] and started (ConfigFlags = 0x00000000).
     set: USB\VID_0781&PID_5580\AA010215170355310594 -> Configured [usbstor.inf:USB\Class_08&SubClass_06&Prot_50,USBSTOR_BULK.NT] and started (ConfigFlags = 0x00000000).
!    set: PCI\VEN_10DE&DEV_0DFC&SUBSYS_15341028&REV_A1\4&9DC4FCD&0&0008 -> Setting CONFIGFLAG_REINSTALL on unstarted device (ProblemCode = 18, ProblemStatus = 0xC0000493).
     set: ROOT\VOLMGR\0000 -> Configured [volmgr.inf:ROOT\VOLMGR,Volmgr] and started (ConfigFlags = 0x00040000).
     set: ACPI\PNP0C04\4&13BA94AF&0 -> Configured [machine.inf:*PNP0C04,NO_DRV_X] (ConfigFlags = 0x00000000).
!    set: PCI\VEN_8086&DEV_1E3A&SUBSYS_05341028&REV_04\3&11583659&0&B0 -> Configured [null] and unstarted (ProblemCode = 28, ProblemStatus = 0xC0000490, ConfigFlags = 0x00000040).
!    set: PCI\VEN_14E4&DEV_4727&SUBSYS_00151028&REV_01\4&752EA02&0&00E1 -> Setting CONFIGFLAG_REINSTALL on unstarted device (ProblemCode = 18, ProblemStatus = 0xC0000493).
     set: ROOT\BASICDISPLAY\0000 -> Configured [basicdisplay.inf:ROOT\BasicDisplay,MSBDD_Fallback] and started (ConfigFlags = 0x00000000).
     set: PCI\VEN_8086&DEV_282A&SUBSYS_05341028&REV_04\3&11583659&0&FA -> Configured [iastorav.inf:PCI\VEN_8086&DEV_282A&CC_0104,iaStorAV_inst] and started (ConfigFlags = 0x00000000).
     set: ACPI\THERMALZONE\THM_ -> Configured [machine.inf:ACPI\ThermalZone,NO_DRV] and started (ConfigFlags = 0x00000000).
     set: ACPI\PNP0C0E\2&DABA3FF&0 -> Configured [machine.inf:*PNP0C0E,NO_DRV] and started (ConfigFlags = 0x00000000).
     set: PCI\VEN_8086&DEV_1E10&SUBSYS_05341028&REV_C4\3&11583659&0&E0 -> Configured [pci.inf:PCI\CC_0604,PCI_BRIDGE] and started (ConfigFlags = 0x00000000).
     set: ACPI\PNP0C14\0 -> Configured [wmiacpi.inf:*pnp0c14,WMIMAP_Inst.NT] and started (ConfigFlags = 0x00000000).
     set: ACPI\DLLK0534\4&13BA94AF&0 -> Configured [keyboard.inf:*PNP0303,STANDARD_Inst] and started (ConfigFlags = 0x00000000).
     set: ACPI\PNP0103\0 -> Configured [machine.inf:*PNP0103,NO_DRV_HPET] (ConfigFlags = 0x00000000).
     set: USBSTOR\DISK&VEN_SANDISK&PROD_EXTREME&REV_0001\AA010215170355310594&0 -> Configured [disk.inf:GenDisk,disk_install.NT] and started (ConfigFlags = 0x00000000).
     set: ACPI\INT0800\4&13BA94AF&0 -> Configured [machine.inf:*INT0800,NO_DRV_MEM] (ConfigFlags = 0x00000000).
     set: ROOT\COMPOSITEBUS\0000 -> Configured [compositebus.inf:ROOT\CompositeBus,CompositeBus_Device.NT] and started (ConfigFlags = 0x00000000).
     set: PCI\VEN_8086&DEV_1E22&SUBSYS_05341028&REV_04\3&11583659&0&FB -> Configured [machine.inf:PCI\VEN_8086&DEV_1E22,NO_DRV] (ConfigFlags = 0x00000000).
     set: ROOT\VDRVROOT\0000 -> Configured [vdrvroot.inf:ROOT\vdrvroot,VDRVROOT] and started (ConfigFlags = 0x00000000).
     set: ACPI\ACPI0003\2&DABA3FF&0 -> Configured [cmbatt.inf:ACPI\ACPI0003,AcAdapter_Inst] and started (ConfigFlags = 0x00000000).
     set: ROOT\SPACEPORT\0000 -> Configured [spaceport.inf:Root\Spaceport,Spaceport_Install] and started (ConfigFlags = 0x00040000).
!    set: USB\VID_0C45&PID_643F&MI_00\7&2BCA401F&0&0000 -> Setting CONFIGFLAG_REINSTALL on unstarted device (ProblemCode = 18, ProblemStatus = 0xC0000493).
     set: ROOT\KDNIC\0000 -> Configured [kdnic.inf:root\kdnic,KdNic.ndi] and started (ConfigFlags = 0x00000000).
     set: USB\ROOT_HUB20\4&1671A21&0 -> Configured [usbport.inf:USB\ROOT_HUB20,ROOTHUB.Dev.NT] and started (ConfigFlags = 0x00000000).
     set: PCI\VEN_8086&DEV_0154&SUBSYS_05341028&REV_09\3&11583659&0&00 -> Configured [machine.inf:PCI\VEN_8086&DEV_0154,NO_DRV] and started (ConfigFlags = 0x00000000).
     set: ACPI\PNP0C0D\2&DABA3FF&0 -> Configured [machine.inf:*PNP0C0D,NO_DRV] and started (ConfigFlags = 0x00000000).
     set: ACPI\PNP0100\4&13BA94AF&0 -> Configured [machine.inf:*PNP0100,NO_DRV_X] (ConfigFlags = 0x00000000).
     set: USB\VID_8087&PID_0024\5&182C2717&0&1 -> Configured [usb.inf:USB\Class_09,StandardHub.Dev.NT] and started (ConfigFlags = 0x00000000).
     set: DISPLAY\SEC5441\1&8713BCA&0&UID0 -> Configured [monitor.inf:*PNP09FF,PnPMonitor.Install] and started (ConfigFlags = 0x00000000).
     set: PCI\VEN_8086&DEV_1E55&SUBSYS_05341028&REV_04\3&11583659&0&F8 -> Configured [machine.inf:PCI\VEN_8086&DEV_1E55,MSISADRV] and started (ConfigFlags = 0x00000000).
     set: ROOT\UMBUS\0000 -> Configured [umbus.inf:root\umbus,UmBusRoot_Device.NT] and started (ConfigFlags = 0x00000000).
     set: ROOT\CAD\0000 -> Configured [ChargeArbitration.inf:ROOT\CAD,CAD_Inst.NT] and started (ConfigFlags = 0x00000000).
     set: PCI\VEN_8086&DEV_0151&SUBSYS_05341028&REV_09\3&11583659&0&08 -> Configured [pci.inf:PCI\CC_0604,PCI_BRIDGE] and started (ConfigFlags = 0x00000000).
     set: PCI\VEN_8086&DEV_1E12&SUBSYS_05341028&REV_C4\3&11583659&0&E1 -> Configured [pci.inf:PCI\CC_0604,PCI_BRIDGE] and started (ConfigFlags = 0x00000000).
     set: STORAGE\VOLUME\_??_USBSTOR#DISK&VEN_SANDISK&PROD_EXTREME&REV_0001#AA010215170355310594&0#{53F56307-B6BF-11D0-94F2-00A0C91EFB8B} -> Configured [volume.inf:STORAGE\Volume,volume_install.NT] and started (ConfigFlags = 0x00000000).
     set: USB\ROOT_HUB20\4&B21407D&0 -> Configured [usbport.inf:USB\ROOT_HUB20,ROOTHUB.Dev.NT] and started (ConfigFlags = 0x00000000).
!    set: ACPI\DELLABCE\2&DABA3FF&0 -> Configured [null] and unstarted (ProblemCode = 28, ProblemStatus = 0xC0000490, ConfigFlags = 0x00000040).
     set: ROOT\ACPI_HAL\0000 -> Configured [hal.inf:acpiapic,ACPI_AMD64_HAL] and started (ConfigFlags = 0x00040000).
     set: ACPI\PNP0A08\0 -> Configured [pci.inf:*PNP0A08,PCI_ROOT] and started (ConfigFlags = 0x00000000).
     set: ACPI\GENUINEINTEL_-_INTEL64_FAMILY_6_MODEL_58_-________INTEL(R)_CORE(TM)_I5-3340M_CPU_@_2.70GHZ\_1 -> Configured [cpu.inf:ACPI\GenuineIntel_-_Intel64,IntelPPM_Inst.NT] and started (ConfigFlags = 0x00000000).
     set: ACPI\GENUINEINTEL_-_INTEL64_FAMILY_6_MODEL_58_-________INTEL(R)_CORE(TM)_I5-3340M_CPU_@_2.70GHZ\_2 -> Configured [cpu.inf:ACPI\GenuineIntel_-_Intel64,IntelPPM_Inst.NT] and started (ConfigFlags = 0x00000000).
     set: ACPI\GENUINEINTEL_-_INTEL64_FAMILY_6_MODEL_58_-________INTEL(R)_CORE(TM)_I5-3340M_CPU_@_2.70GHZ\_3 -> Configured [cpu.inf:ACPI\GenuineIntel_-_Intel64,IntelPPM_Inst.NT] and started (ConfigFlags = 0x00000000).
     set: ACPI\GENUINEINTEL_-_INTEL64_FAMILY_6_MODEL_58_-________INTEL(R)_CORE(TM)_I5-3340M_CPU_@_2.70GHZ\_4 -> Configured [cpu.inf:ACPI\GenuineIntel_-_Intel64,IntelPPM_Inst.NT] and started (ConfigFlags = 0x00000000).
     set: USB\VID_8087&PID_0024\5&2CD6D949&0&1 -> Configured [usb.inf:USB\Class_09,StandardHub.Dev.NT] and started (ConfigFlags = 0x00000000).
     set: SCSI\CDROM&VEN_PLDS&PROD_DVD-ROM_DU-8D5LH\4&241BACD1&0&010000 -> Configured [cdrom.inf:GenCdRom,cdrom_install] and started (ConfigFlags = 0x00000000).
     set: ACPI\PNP0C0C\2&DABA3FF&0 -> Configured [machine.inf:*PNP0C0C,NO_DRV] and started (ConfigFlags = 0x00000000).
     set: ACPI_HAL\PNP0C08\0 -> Configured [acpi.inf:*PNP0C08,ACPI_Inst.NT] and started (ConfigFlags = 0x00000000).
     set: ROOT\BASICRENDER\0000 -> Configured [BasicRender.inf:ROOT\BasicRender,BasicRender] and started (ConfigFlags = 0x00000000).
!    set: HDAUDIO\FUNC_01&VEN_111D&DEV_76DF&SUBSYS_10280534&REV_1002\4&1A5CB910&0&0001 -> Setting CONFIGFLAG_REINSTALL on unstarted device (ProblemCode = 18, ProblemStatus = 0xC0000493).
     set: STORAGE\VOLUME\{5C3108AC-31C0-11E8-9B10-806E6F6E6963}#0000000026700000 -> Configured [volume.inf:STORAGE\Volume,volume_install.NT] and started (ConfigFlags = 0x00000000).
     set: PCI\VEN_8086&DEV_1E2D&SUBSYS_05341028&REV_04\3&11583659&0&D0 -> Configured [usbport.inf:PCI\VEN_8086&DEV_1E2D,EHCI.Dev.NT] and started (ConfigFlags = 0x00000000).
     set: ACPI\FIXEDBUTTON\2&DABA3FF&0 -> Configured [machine.inf:ACPI\FixedButton,NO_DRV] and started (ConfigFlags = 0x00000000).
     set: ACPI\PNP0C02\10 -> Configured [machine.inf:*PNP0C02,NO_DRV_MBRES] (ConfigFlags = 0x00000000).
     set: USB\ROOT_HUB30\4&2D689036&0&0 -> Configured [usbhub3.inf:USB\ROOT_HUB30,Generic.Install.NT] and started (ConfigFlags = 0x00000000).
     set: PCI\VEN_8086&DEV_1E14&SUBSYS_05341028&REV_C4\3&11583659&0&E2 -> Configured [pci.inf:PCI\CC_0604,PCI_BRIDGE] and started (ConfigFlags = 0x00000000).
     set: PCI\VEN_1217&DEV_8221&SUBSYS_05341028&REV_05\4&2F809FBA&0&00E5 -> Configured [sdbus.inf:PCI\CC_080501,SDHost] and started (ConfigFlags = 0x00000000).
     set: ACPI\DLL0534\4&13BA94AF&0 -> Configured [msmouse.inf:*PNP0F13,PS2_Inst] and started (ConfigFlags = 0x00000000).
     set: STORAGE\VOLUME\{5C3108AC-31C0-11E8-9B10-806E6F6E6963}#0000000025700000 -> Configured [volume.inf:STORAGE\Volume,volume_install.NT] and started (ConfigFlags = 0x00000000).
     set: STORAGE\VOLUME\{5C3108AC-31C0-11E8-9B10-806E6F6E6963}#0000000000100000 -> Configured [volume.inf:STORAGE\Volume,volume_install.NT] and started (ConfigFlags = 0x00000000).
     set: ACPI\PNP0B00\4&13BA94AF&0 -> Configured [machine.inf:*PNP0B00,NO_DRV_X] and started (ConfigFlags = 0x00000000).
     set: PCI\VEN_8086&DEV_1E26&SUBSYS_05341028&REV_04\3&11583659&0&E8 -> Configured [usbport.inf:PCI\VEN_8086&DEV_1E26,EHCI.Dev.NT] and started (ConfigFlags = 0x00000000).
     set: ROOT\NDISVIRTUALBUS\0000 -> Configured [ndisvirtualbus.inf:ROOT\NdisVirtualBus,NdisVirtualBus_Device.NT] and started (ConfigFlags = 0x00000000).
!    set: USB\VID_413C&PID_8197\28E347017777 -> Configured [null] and unstarted (ProblemCode = 28, ProblemStatus = 0xC0000490, ConfigFlags = 0x00000040).
     set: ACPI\PNP0000\4&13BA94AF&0 -> Configured [machine.inf:*PNP0000,NO_DRV_PIC] (ConfigFlags = 0x00000000).
     set: ACPI\INT3F0D\4&13BA94AF&0 -> Configured [machine.inf:*PNP0C02,NO_DRV_MBRES] (ConfigFlags = 0x00000000).
     set: PCI\VEN_8086&DEV_1E1A&SUBSYS_05341028&REV_C4\3&11583659&0&E5 -> Configured [pci.inf:PCI\CC_0604,PCI_BRIDGE] and started (ConfigFlags = 0x00000000).
     set: ROOT\MSSMBIOS\0000 -> Configured [mssmbios.inf:ROOT\mssmbios,MSSMBIOS_DRV] and started (ConfigFlags = 0x00000000).
     set: ACPI\PNP0200\4&13BA94AF&0 -> Configured [machine.inf:*PNP0200,NO_DRV_X] (ConfigFlags = 0x00000000).
     set: ROOT\SYSTEM\0000 -> Configured [swenum.inf:ROOT\SWENUM,SWENUM] and started (ConfigFlags = 0x00000000).
     set: ROOT\RDPBUS\0000 -> Configured [rdpbus.inf:ROOT\RDPBUS,RDPBUS] and started (ConfigFlags = 0x00000000).
     set: PCI\VEN_8086&DEV_1E16&SUBSYS_05341028&REV_C4\3&11583659&0&E3 -> Configured [pci.inf:PCI\CC_0604,PCI_BRIDGE] and started (ConfigFlags = 0x00000000).
!    set: ACPI\SMO8810\1 -> Configured [null] and unstarted (ProblemCode = 28, ProblemStatus = 0xC0000490, ConfigFlags = 0x00000040).
     set: USB\VID_0C45&PID_643F\6&C0F0D73&0&5 -> Configured [usb.inf:USB\COMPOSITE,Composite.Dev.NT] and started (ConfigFlags = 0x00000000).
     set: Devices configured: 82
     set: Devices legacy-installed: 0
     set: Devices need (re)install: 7
     set: Waiting for system services to start... 05:11:53.415
     set: Completed waiting for system services to start. 05:11:54.368
     set: DeviceInstall service already running. 05:11:54.384
     set: Waiting for pending device installs... 05:11:54.384
     set: Completed pending device installs. 05:11:58.599
<<<  Section end 2018/03/27 05:11:58.599
<<<  [Exit status: SUCCESS]


>>>  [Setup online Device Install (Hardware initiated) - PCI\VEN_8086&DEV_0166&SUBSYS_05341028&REV_09\3&11583659&0&10]
>>>  Section start 2018/03/27 05:11:54.384
     dvi: {Build Driver List} 05:11:54.478
     dvi:      Searching for hardware ID(s):
     dvi:           pci\ven_8086&dev_0166&subsys_05341028&rev_09
     dvi:           pci\ven_8086&dev_0166&subsys_05341028
     dvi:           pci\ven_8086&dev_0166&cc_030000
     dvi:           pci\ven_8086&dev_0166&cc_0300
     dvi:      Searching for compatible ID(s):
     dvi:           pci\ven_8086&dev_0166&rev_09
     dvi:           pci\ven_8086&dev_0166
     dvi:           pci\ven_8086&cc_030000
     dvi:           pci\ven_8086&cc_0300
     dvi:           pci\ven_8086
     dvi:           pci\cc_030000
     dvi:           pci\cc_0300
     dvi:      Created Driver Node:
     dvi:           HardwareID   - PCI\CC_0300
     dvi:           InfName      - C:\Windows\System32\DriverStore\FileRepository\display.inf_amd64_60c1a4bf569f6de9\display.inf
     dvi:           DevDesc      - Microsoft Basic Display Adapter
     dvi:           Section      - MSBDA
     dvi:           Rank         - 0x00fb2006
     dvi:           Signer Score - INBOX
     dvi:           DrvDate      - 06/21/2006
     dvi:           Version      - 10.0.16299.15
     dvi: {Build Driver List - exit(0x00000000)} 05:11:54.587
     dvi: {DIF_SELECTBESTCOMPATDRV} 05:11:54.587
     dvi:      Default installer: Enter 05:11:54.587
     dvi:           {Select Best Driver}
     dvi:                Class GUID of device changed to: {4d36e968-e325-11ce-bfc1-08002be10318}.
     dvi:                Selected Driver:
     dvi:                     Description - Microsoft Basic Display Adapter
     dvi:                     InfFile     - c:\windows\system32\driverstore\filerepository\display.inf_amd64_60c1a4bf569f6de9\display.inf
     dvi:                     Section     - MSBDA
     dvi:           {Select Best Driver - exit(0x00000000)}
     dvi:      Default installer: Exit
     dvi: {DIF_SELECTBESTCOMPATDRV - exit(0x00000000)} 05:11:54.587
     dvi: {Core Device Install} 05:11:54.587
     dvi:      {Install Device - PCI\VEN_8086&DEV_0166&SUBSYS_05341028&REV_09\3&11583659&0&10} 05:11:54.618
     dvi:           Device Status: 0x01802400, Problem: 0x12 (0xc0000493)
     dvi:           Parent device: ACPI\PNP0A08\0
     dvi:           {Configure Device - PCI\VEN_8086&DEV_0166&SUBSYS_05341028&REV_09\3&11583659&0&10} 05:11:54.759
     dvi:                Device Status: 0x01802400, Problem: 0x12 (0xc0000493)
     dvi:                Parent device: ACPI\PNP0A08\0
     sto:                {Configure Driver Package: C:\Windows\System32\DriverStore\FileRepository\display.inf_amd64_60c1a4bf569f6de9\display.inf}
     sto:                     Source Filter  = pci\cc_0300
     inf:                     Class GUID     = {4d36e968-e325-11ce-bfc1-08002be10318}
     inf:                     Class Options  = Configurable
     inf:                     {Configure Driver: Microsoft Basic Display Adapter}
     inf:                          Section Name = MSBDA
     inf:                          {Add Service: BasicDisplay}
     inf:                               Start Type    = 1
     inf:                               Service Type  = 1
     inf:                               Error Control = 0
     inf:                               Image Path    = \SystemRoot\System32\drivers\BasicDisplay.sys
     inf:                               Group         = Video
     inf:                               Updated service 'BasicDisplay'.
     inf:                          {Add Service: exit(0x00000000)}
     inf:                          Hardware Id  = PCI\CC_0300
     inf:                          {Configure Driver Configuration: MSBDA}
     inf:                               Service Name  = BasicDisplay
     inf:                               Exclude IDs   = PCI\VEN_1414&DEV_5353
     inf:                               Included INFs = basicdisplay.inf
     inf:                               Config Flags  = 0x00000000
     inf:                          {Configure Driver Configuration: exit(0x00000000)}
     inf:                     {Configure Driver: exit(0x00000000)}
     sto:                {Configure Driver Package: exit(0x00000000)}
     dvi:                Install Device: Configuring device (display.inf:pci\cc_0300,MSBDA). 05:11:54.806
     dvi:                Install Device: Configuring device completed. 05:11:54.806
     dvi:                Device Status: 0x01802000, Problem: 0x0 (0x00000000)
!    dvi:                Device restart was skipped (DONOTCALLCONFIGMG).
     dvi:           {Configure Device - exit(0x00000000)} 05:11:54.806
     dvi:      {Install Device - exit(0x00000000)} 05:11:54.806
     dvi:      Device Status: 0x01802000, Problem: 0x0 (0x00000000)
     dvi:      Install Device: Starting device 'PCI\VEN_8086&DEV_0166&SUBSYS_05341028&REV_09\3&11583659&0&10'. 05:11:54.806
     dvi:      Install Device: Starting device completed. 05:11:54.868
     dvi: {Core Device Install - exit(0x00000000)} 05:11:54.868
<<<  Section end 2018/03/27 05:11:54.868
<<<  [Exit status: SUCCESS]


>>>  [Setup online Device Install (Hardware initiated) - ACPI\PNP0401\5]
>>>  Section start 2018/03/27 05:11:54.384
     dvi: {Build Driver List} 05:11:54.478
     dvi:      Searching for hardware ID(s):
     dvi:           acpi\ven_pnp&dev_0401
     dvi:           acpi\pnp0401
     dvi:           *pnp0401
     dvi:      Created Driver Node:
     dvi:           HardwareID   - *PNP0401
     dvi:           InfName      - C:\Windows\System32\DriverStore\FileRepository\msports.inf_amd64_0310aabbba631e19\msports.inf
     dvi:           DevDesc      - ECP Printer Port
     dvi:           Section      - EcpPort.NT
     dvi:           Rank         - 0x00ff0002
     dvi:           Signer Score - INBOX
     dvi:           DrvDate      - 06/21/2006
     dvi:           Version      - 10.0.16299.15
     dvi: {Build Driver List - exit(0x00000000)} 05:11:54.649
     dvi: {DIF_SELECTBESTCOMPATDRV} 05:11:54.649
     dvi:      Using exported function 'PortsClassInstaller' in module 'C:\Windows\system32\MsPorts.Dll'.
     dvi:      Class installer == MsPorts.Dll,PortsClassInstaller
     dvi:      Class installer: Enter 05:11:54.681
     dvi:      Class installer: Exit
     dvi:      Default installer: Enter 05:11:54.696
     dvi:           {Select Best Driver}
     dvi:                Class GUID of device remains: {4d36e978-e325-11ce-bfc1-08002be10318}.
     dvi:                Selected Driver:
     dvi:                     Description - ECP Printer Port
     dvi:                     InfFile     - c:\windows\system32\driverstore\filerepository\msports.inf_amd64_0310aabbba631e19\msports.inf
     dvi:                     Section     - EcpPort
     dvi:           {Select Best Driver - exit(0x00000000)}
     dvi:      Default installer: Exit
     dvi: {DIF_SELECTBESTCOMPATDRV - exit(0x00000000)} 05:11:54.696
     dvi: Waiting for previous device install to complete. 05:11:54.696
     dvi: {Core Device Install} 05:11:55.097
     dvi:      {Install Device - ACPI\PNP0401\5} 05:11:55.097
     dvi:           Device Status: 0x01802400, Problem: 0x1f (0xc0000001)
     dvi:           Parent device: PCI\VEN_8086&DEV_1E55&SUBSYS_05341028&REV_04\3&11583659&0&F8
     dvi:           {Configure Device - ACPI\PNP0401\5} 05:11:55.113
     dvi:                Device Status: 0x01802400, Problem: 0x1f (0xc0000001)
     dvi:                Parent device: PCI\VEN_8086&DEV_1E55&SUBSYS_05341028&REV_04\3&11583659&0&F8
!    dvi:                Device class {4d36e978-e325-11ce-bfc1-08002be10318} is not configurable.
     dvi:           {Configure Device - exit(0x00000032)} 05:11:55.113
     dvi:           {DIF_ALLOW_INSTALL} 05:11:55.113
     dvi:                Class installer: Enter 05:11:55.113
     dvi:                Class installer: Exit
     dvi:                Default installer: Enter 05:11:55.113
     dvi:                Default installer: Exit
     dvi:           {DIF_ALLOW_INSTALL - exit(0xe000020e)} 05:11:55.113
     dvi:           {DIF_INSTALLDEVICEFILES} 05:11:55.113
     dvi:                Class installer: Enter 05:11:55.128
     dvi:                Class installer: Exit
     dvi:                Default installer: Enter 05:11:55.128
     dvi:                Default installer: Exit
     dvi:           {DIF_INSTALLDEVICEFILES - exit(0x00000000)} 05:11:55.128
     flq:           File 'C:\Windows\system32\DRIVERS\parport.sys' pruned from copy.
     dvi:           {DIF_REGISTER_COINSTALLERS} 05:11:55.165
     dvi:                Reset Device: Resetting device configuration. 05:11:55.165
     dvi:                Reset Device: Resetting device configuration completed. 05:11:55.165
     dvi:                Class installer: Enter 05:11:55.165
     dvi:                Class installer: Exit
     dvi:                Default installer: Enter 05:11:55.165
     dvi:                Default installer: Exit
     dvi:           {DIF_REGISTER_COINSTALLERS - exit(0x00000000)} 05:11:55.165
     dvi:           {DIF_INSTALLINTERFACES} 05:11:55.165
     dvi:                Class installer: Enter 05:11:55.165
     dvi:                Class installer: Exit
     dvi:                Default installer: Enter 05:11:55.165
     dvi:                Default installer: Exit
     dvi:           {DIF_INSTALLINTERFACES - exit(0x00000000)} 05:11:55.165
     dvi:           {DIF_INSTALLDEVICE} 05:11:55.165
     dvi:                Class installer: Enter 05:11:55.165
     dvi:                     {Install DEVICE}
     dvi:                          {Writing Device Properties}
     dvi:                               Strong Name=msports.inf:108090478d9f25a2:EcpPort:10.0.16299.15:*pnp0401
     dvi:                          {Writing Device Properties - Complete}
     inf:                          AddService=Parport,0x00000002,Parport_Service_Inst,Parport_EventLog_Inst  (msports.inf line 151)
     dvi:                          Add Service: Modified existing service 'Parport'.
     dvi:                     {Install DEVICE exit (0x00000000)}
     dvi:                     Install Device: Configuring device class. 05:11:55.181
     dvi:                     Install Device: Configuring device class completed. 05:11:55.181
     dvi:                     Device Status: 0x01802400, Problem: 0x1f (0xc0000001)
     dvi:                     Install Device: Starting device 'ACPI\PNP0401\5'. 05:11:55.181
     dvi:                     Install Device: Starting device completed. 05:11:55.398
     dvi:                Class installer: Exit
     dvi:           {DIF_INSTALLDEVICE - exit(0x00000000)} 05:11:55.398
     dvi:           {DIF_NEWDEVICEWIZARD_FINISHINSTALL} 05:11:55.398
     dvi:                Class installer: Enter 05:11:55.398
     dvi:                Class installer: Exit
     dvi:                Default installer: Enter 05:11:55.398
     dvi:                Default installer: Exit
     dvi:           {DIF_NEWDEVICEWIZARD_FINISHINSTALL - exit(0xe000020e)} 05:11:55.398
     dvi:      {Install Device - exit(0x00000000)} 05:11:55.398
     dvi: {Core Device Install - exit(0x00000000)} 05:11:55.398
     dvi: {DIF_DESTROYPRIVATEDATA} 05:11:55.413
     dvi:      Class installer: Enter 05:11:55.413
     dvi:      Class installer: Exit
     dvi:      Default installer: Enter 05:11:55.413
     dvi:      Default installer: Exit
     dvi: {DIF_DESTROYPRIVATEDATA - exit(0xe000020e)} 05:11:55.413
<<<  Section end 2018/03/27 05:11:55.413
<<<  [Exit status: SUCCESS]


>>>  [Setup online Device Install (Hardware initiated) - PCI\VEN_10DE&DEV_0DFC&SUBSYS_15341028&REV_A1\4&9dc4fcd&0&0008]
>>>  Section start 2018/03/27 05:11:54.384
     dvi: {Build Driver List} 05:11:54.478
     dvi:      Searching for hardware ID(s):
     dvi:           pci\ven_10de&dev_0dfc&subsys_15341028&rev_a1
     dvi:           pci\ven_10de&dev_0dfc&subsys_15341028
     dvi:           pci\ven_10de&dev_0dfc&cc_030000
     dvi:           pci\ven_10de&dev_0dfc&cc_0300
     dvi:      Searching for compatible ID(s):
     dvi:           pci\ven_10de&dev_0dfc&rev_a1
     dvi:           pci\ven_10de&dev_0dfc
     dvi:           pci\ven_10de&cc_030000
     dvi:           pci\ven_10de&cc_0300
     dvi:           pci\ven_10de
     dvi:           pci\cc_030000
     dvi:           pci\cc_0300
     dvi:      Created Driver Node:
     dvi:           HardwareID   - PCI\CC_0300
     dvi:           InfName      - C:\Windows\System32\DriverStore\FileRepository\display.inf_amd64_60c1a4bf569f6de9\display.inf
     dvi:           DevDesc      - Microsoft Basic Display Adapter
     dvi:           Section      - MSBDA
     dvi:           Rank         - 0x00fb2006
     dvi:           Signer Score - INBOX
     dvi:           DrvDate      - 06/21/2006
     dvi:           Version      - 10.0.16299.15
     dvi: {Build Driver List - exit(0x00000000)} 05:11:54.665
     dvi: {DIF_SELECTBESTCOMPATDRV} 05:11:54.665
     dvi:      Default installer: Enter 05:11:54.665
     dvi:           {Select Best Driver}
     dvi:                Class GUID of device changed to: {4d36e968-e325-11ce-bfc1-08002be10318}.
     dvi:                Selected Driver:
     dvi:                     Description - Microsoft Basic Display Adapter
     dvi:                     InfFile     - c:\windows\system32\driverstore\filerepository\display.inf_amd64_60c1a4bf569f6de9\display.inf
     dvi:                     Section     - MSBDA
     dvi:           {Select Best Driver - exit(0x00000000)}
     dvi:      Default installer: Exit
     dvi: {DIF_SELECTBESTCOMPATDRV - exit(0x00000000)} 05:11:54.665
     dvi: Waiting for previous device install to complete. 05:11:54.665
     dvi: {Core Device Install} 05:11:54.868
     dvi:      {Install Device - PCI\VEN_10DE&DEV_0DFC&SUBSYS_15341028&REV_A1\4&9DC4FCD&0&0008} 05:11:54.962
     dvi:           Device Status: 0x01802400, Problem: 0x12 (0xc0000493)
     dvi:           Parent device: PCI\VEN_8086&DEV_0151&SUBSYS_05341028&REV_09\3&11583659&0&08
     dvi:           {Configure Device - PCI\VEN_10DE&DEV_0DFC&SUBSYS_15341028&REV_A1\4&9DC4FCD&0&0008} 05:11:54.962
     dvi:                Device Status: 0x01802400, Problem: 0x12 (0xc0000493)
     dvi:                Parent device: PCI\VEN_8086&DEV_0151&SUBSYS_05341028&REV_09\3&11583659&0&08
     sto:                {Configure Driver Package: C:\Windows\System32\DriverStore\FileRepository\display.inf_amd64_60c1a4bf569f6de9\display.inf}
     sto:                     Source Filter  = pci\cc_0300
     inf:                     Class GUID     = {4d36e968-e325-11ce-bfc1-08002be10318}
     inf:                     Class Options  = Configurable
     inf:                     {Configure Driver: Microsoft Basic Display Adapter}
     inf:                          Section Name = MSBDA
     inf:                          {Add Service: BasicDisplay}
     inf:                               Start Type    = 1
     inf:                               Service Type  = 1
     inf:                               Error Control = 0
     inf:                               Image Path    = \SystemRoot\System32\drivers\BasicDisplay.sys
     inf:                               Group         = Video
     inf:                               Updated service 'BasicDisplay'.
     inf:                          {Add Service: exit(0x00000000)}
     inf:                          Hardware Id  = PCI\CC_0300
     inf:                          {Configure Driver Configuration: MSBDA}
     inf:                               Service Name  = BasicDisplay
     inf:                               Exclude IDs   = PCI\VEN_1414&DEV_5353
     inf:                               Included INFs = basicdisplay.inf
     inf:                               Config Flags  = 0x00000000
     inf:                          {Configure Driver Configuration: exit(0x00000000)}
     inf:                     {Configure Driver: exit(0x00000000)}
     sto:                {Configure Driver Package: exit(0x00000000)}
     dvi:                Install Device: Configuring device (display.inf:pci\cc_0300,MSBDA). 05:11:55.061
     dvi:                Install Device: Configuring device completed. 05:11:55.063
     dvi:                Device Status: 0x01802000, Problem: 0x0 (0x00000000)
!    dvi:                Device restart was skipped (DONOTCALLCONFIGMG).
     dvi:           {Configure Device - exit(0x00000000)} 05:11:55.064
     dvi:      {Install Device - exit(0x00000000)} 05:11:55.065
     dvi:      Device Status: 0x01802000, Problem: 0x0 (0x00000000)
     dvi:      Install Device: Starting device 'PCI\VEN_10DE&DEV_0DFC&SUBSYS_15341028&REV_A1\4&9DC4FCD&0&0008'. 05:11:55.065
     dvi:      Install Device: Starting device completed. 05:11:55.097
!!!  dvi:      Device not started: Device has problem: 0x1f (CM_PROB_FAILED_ADD), problem status: 0xc01e0438.
     dvi: {Core Device Install - exit(0x00000000)} 05:11:55.097
<<<  Section end 2018/03/27 05:11:55.113
<<<  [Exit status: SUCCESS]


>>>  [Setup online Device Install (Hardware initiated) - PCI\VEN_8086&DEV_1502&SUBSYS_05341028&REV_04\3&11583659&0&C8]
>>>  Section start 2018/03/27 05:11:54.446
     dvi: {Build Driver List} 05:11:54.478
     dvi:      Searching for hardware ID(s):
     dvi:           pci\ven_8086&dev_1502&subsys_05341028&rev_04
     dvi:           pci\ven_8086&dev_1502&subsys_05341028
     dvi:           pci\ven_8086&dev_1502&cc_020000
     dvi:           pci\ven_8086&dev_1502&cc_0200
     dvi:      Searching for compatible ID(s):
     dvi:           pci\ven_8086&dev_1502&rev_04
     dvi:           pci\ven_8086&dev_1502
     dvi:           pci\ven_8086&cc_020000
     dvi:           pci\ven_8086&cc_0200
     dvi:           pci\ven_8086
     dvi:           pci\cc_020000
     dvi:           pci\cc_0200
     dvi:      Created Driver Node:
     dvi:           HardwareID   - PCI\VEN_8086&DEV_1502
     dvi:           InfName      - C:\Windows\System32\DriverStore\FileRepository\net1ic64.inf_amd64_6d54118cb65f3bfe\net1ic64.inf
     dvi:           DevDesc      - Intel(R) 82579LM Gigabit Network Connection
     dvi:           Section      - E1502.6.2
     dvi:           Rank         - 0x00ff2001
     dvi:           Signer Score - INBOX
     dvi:           DrvDate      - 04/05/2016
     dvi:           Version      - 12.15.22.6
     dvi: {Build Driver List - exit(0x00000000)} 05:11:54.712
     dvi: {DIF_SELECTBESTCOMPATDRV} 05:11:54.712
     dvi:      Default installer: Enter 05:11:54.712
     dvi:           {Select Best Driver}
     dvi:                Class GUID of device changed to: {4d36e972-e325-11ce-bfc1-08002be10318}.
     dvi:                Selected Driver:
     dvi:                     Description - Intel(R) 82579LM Gigabit Network Connection
     dvi:                     InfFile     - c:\windows\system32\driverstore\filerepository\net1ic64.inf_amd64_6d54118cb65f3bfe\net1ic64.inf
     dvi:                     Section     - E1502.6.2
     dvi:           {Select Best Driver - exit(0x00000000)}
     dvi:      Default installer: Exit
     dvi: {DIF_SELECTBESTCOMPATDRV - exit(0x00000000)} 05:11:54.712
     dvi: Waiting for previous device install to complete. 05:11:54.712
     dvi: {Core Device Install} 05:11:55.476
     dvi:      {Install Device - PCI\VEN_8086&DEV_1502&SUBSYS_05341028&REV_04\3&11583659&0&C8} 05:11:55.476
     dvi:           Device Status: 0x01802400, Problem: 0x12 (0xc0000493)
     dvi:           Parent device: ACPI\PNP0A08\0
     dvi:           {Configure Device - PCI\VEN_8086&DEV_1502&SUBSYS_05341028&REV_04\3&11583659&0&C8} 05:11:55.492
     dvi:                Device Status: 0x01802400, Problem: 0x12 (0xc0000493)
     dvi:                Parent device: ACPI\PNP0A08\0
     sto:                {Configure Driver Package: C:\Windows\System32\DriverStore\FileRepository\net1ic64.inf_amd64_6d54118cb65f3bfe\net1ic64.inf}
     sto:                     Source Filter  = pci\ven_8086&dev_1502
     inf:                     Class GUID     = {4d36e972-e325-11ce-bfc1-08002be10318}
     inf:                     Class Options  = Configurable
!    inf:                     Needed section [PciIoSpaceNotRequired] found in included INF "pci.inf", not referenced from [E10DF.6.2.Hw]. Code = 1313, Line = 205
!    inf:                     Needed section [PciIoSpaceNotRequired] found in included INF "pci.inf", not referenced from [E10EA.6.2.Hw]. Code = 1313, Line = 227
!    inf:                     Needed section [PciIoSpaceNotRequired] found in included INF "pci.inf", not referenced from [E10EB.6.2.Hw]. Code = 1313, Line = 248
!    inf:                     Needed section [PciIoSpaceNotRequired] found in included INF "pci.inf", not referenced from [E10EF.6.2.Hw]. Code = 1313, Line = 270
!    inf:                     Needed section [PciIoSpaceNotRequired] found in included INF "pci.inf", not referenced from [E10F0.6.2.Hw]. Code = 1313, Line = 291
!    inf:                     Needed section [PciIoSpaceNotRequired] found in included INF "pci.inf", not referenced from [E1502.6.2.Hw]. Code = 1313, Line = 315
     inf:                     {Configure Driver: Intel(R) 82579LM Gigabit Network Connection}
     inf:                          Section Name = E1502.6.2
     inf:                          {Add Service: e1iexpress}
     inf:                               Start Type    = 3
     inf:                               Service Type  = 1
     inf:                               Error Control = 1
     inf:                               Image Path    = \SystemRoot\System32\drivers\e1i63x64.sys
     inf:                               Display Name  = Intel(R) PRO/1000 PCI Express Network Connection Driver I
     inf:                               Group         = NDIS
     inf:                               Created new service 'e1iexpress'.
     inf:                          {Add Service: exit(0x00000000)}
     inf:                          Hardware Id  = PCI\VEN_8086&DEV_1502
     inf:                          {Configure Driver Configuration: E1502.6.2}
     inf:                               Service Name  = e1iexpress
     inf:                               Included INFs = machine.inf
     inf:                                               pci.inf
     inf:                               Config Flags  = 0x00000000
     inf:                          {Configure Driver Configuration: exit(0x00000000)}
     inf:                     {Configure Driver: exit(0x00000000)}
!    inf:                     Needed section [PciIoSpaceNotRequired] found in included INF "pci.inf", not referenced from [E1503.6.2.Hw]. Code = 1313, Line = 339
!    inf:                     Needed section [PciIoSpaceNotRequired] found in included INF "pci.inf", not referenced from [E153A.6.2.Hw]. Code = 1313, Line = 363
!    inf:                     Needed section [PciIoSpaceNotRequired] found in included INF "pci.inf", not referenced from [E153B.6.2.Hw]. Code = 1313, Line = 479
!    inf:                     Needed section [PciIoSpaceNotRequired] found in included INF "pci.inf", not referenced from [E155A.6.2.Hw]. Code = 1313, Line = 503
!    inf:                     Needed section [PciIoSpaceNotRequired] found in included INF "pci.inf", not referenced from [E1559.6.2.Hw]. Code = 1313, Line = 527
!    inf:                     Needed section [PciIoSpaceNotRequired] found in included INF "pci.inf", not referenced from [E156F.6.2.Hw]. Code = 1313, Line = 642
!    inf:                     Needed section [PciIoSpaceNotRequired] found in included INF "pci.inf", not referenced from [E1570.6.2.Hw]. Code = 1313, Line = 386
!    inf:                     Needed section [PciIoSpaceNotRequired] found in included INF "pci.inf", not referenced from [E15B7.6.2.Hw]. Code = 1313, Line = 596
!    inf:                     Needed section [PciIoSpaceNotRequired] found in included INF "pci.inf", not referenced from [E15B8.6.2.Hw]. Code = 1313, Line = 409
!    inf:                     Needed section [PciIoSpaceNotRequired] found in included INF "pci.inf", not referenced from [E15B9.6.2.Hw]. Code = 1313, Line = 619
!    inf:                     Needed section [PciIoSpaceNotRequired] found in included INF "pci.inf", not referenced from [E15D7.6.2.Hw]. Code = 1313, Line = 550
!    inf:                     Needed section [PciIoSpaceNotRequired] found in included INF "pci.inf", not referenced from [E15D8.6.2.Hw]. Code = 1313, Line = 432
!    inf:                     Needed section [PciIoSpaceNotRequired] found in included INF "pci.inf", not referenced from [E15E3.6.2.Hw]. Code = 1313, Line = 573
!    inf:                     Needed section [PciIoSpaceNotRequired] found in included INF "pci.inf", not referenced from [E15D6.6.2.Hw]. Code = 1313, Line = 455
!    inf:                     Needed section [PciIoSpaceNotRequired] found in included INF "pci.inf", not referenced from [E10A7.6.2.Hw]. Code = 1313, Line = 665
!    inf:                     Needed section [PciIoSpaceNotRequired] found in included INF "pci.inf", not referenced from [E10A9.6.2.Hw]. Code = 1313, Line = 686
!    inf:                     Needed section [PciIoSpaceNotRequired] found in included INF "pci.inf", not referenced from [E10D3.6.2.Hw]. Code = 1313, Line = 710
!    inf:                     Needed section [PciIoSpaceNotRequired] found in included INF "pci.inf", not referenced from [E10C9.6.2.Hw]. Code = 1313, Line = 758
!    inf:                     Needed section [PciIoSpaceNotRequired] found in included INF "pci.inf", not referenced from [E10E6.6.2.Hw]. Code = 1313, Line = 828
!    inf:                     Needed section [PciIoSpaceNotRequired] found in included INF "pci.inf", not referenced from [E10C9PM.6.2.Hw]. Code = 1313, Line = 876
!    inf:                     Needed section [PciIoSpaceNotRequired] found in included INF "pci.inf", not referenced from [E10E6PM.6.2.Hw]. Code = 1313, Line = 851
!    inf:                     Needed section [PciIoSpaceNotRequired] found in included INF "pci.inf", not referenced from [E10E8PM.6.2.Hw]. Code = 1313, Line = 900
!    inf:                     Needed section [PciIoSpaceNotRequired] found in included INF "pci.inf", not referenced from [E150A.6.2.Hw]. Code = 1313, Line = 782
!    inf:                     Needed section [PciIoSpaceNotRequired] found in included INF "pci.inf", not referenced from [E1518.6.2.Hw]. Code = 1313, Line = 805
!    inf:                     Needed section [PciIoSpaceNotRequired] found in included INF "pci.inf", not referenced from [E150C.6.2.Hw]. Code = 1313, Line = 733
!    inf:                     Needed section [PciIoSpaceNotRequired] found in included INF "pci.inf", not referenced from [E150AFTS.6.2.Hw]. Code = 1313, Line = 923
!    inf:                     Needed section [PciIoSpaceNotRequired] found in included INF "pci.inf", not referenced from [E150E.6.2.Hw]. Code = 1313, Line = 946
!    inf:                     Needed section [PciIoSpaceNotRequired] found in included INF "pci.inf", not referenced from [E150F.6.2.Hw]. Code = 1313, Line = 968
!    inf:                     Needed section [PciIoSpaceNotRequired] found in included INF "pci.inf", not referenced from [E1527NC.6.2.Hw]. Code = 1313, Line = 1036
!    inf:                     Needed section [PciIoSpaceNotRequired] found in included INF "pci.inf", not referenced from [E150EPM.6.2.Hw]. Code = 1313, Line = 991
!    inf:                     Needed section [PciIoSpaceNotRequired] found in included INF "pci.inf", not referenced from [E1516PM.6.2.Hw]. Code = 1313, Line = 1014
!    inf:                     Needed section [PciIoSpaceNotRequired] found in included INF "pci.inf", not referenced from [E1521.6.2.Hw]. Code = 1313, Line = 1060
!    inf:                     Needed section [PciIoSpaceNotRequired] found in included INF "pci.inf", not referenced from [E1522.6.2.Hw]. Code = 1313, Line = 1083
!    inf:                     Needed section [PciIoSpaceNotRequired] found in included INF "pci.inf", not referenced from [E1521PM.6.2.Hw]. Code = 1313, Line = 1107
!    inf:                     Needed section [PciIoSpaceNotRequired] found in included INF "pci.inf", not referenced from [E1522PM.6.2.Hw]. Code = 1313, Line = 1130
!    inf:                     Needed section [PciIoSpaceNotRequired] found in included INF "pci.inf", not referenced from [E1524.6.2.Hw]. Code = 1313, Line = 1154
!    inf:                     Needed section [PciIoSpaceNotRequired] found in included INF "pci.inf", not referenced from [E1533.6.2.Hw]. Code = 1313, Line = 1177
!    inf:                     Needed section [PciIoSpaceNotRequired] found in included INF "pci.inf", not referenced from [E1536.6.2.Hw]. Code = 1313, Line = 1199
!    inf:                     Needed section [PciIoSpaceNotRequired] found in included INF "pci.inf", not referenced from [E1538.6.2.Hw]. Code = 1313, Line = 1222
!    inf:                     Needed section [PciIoSpaceNotRequired] found in included INF "pci.inf", not referenced from [E1539.6.2.Hw]. Code = 1313, Line = 1245
     flq:                     Hardlinking 'C:\Windows\System32\DriverStore\FileRepository\net1ic64.inf_amd64_6d54118cb65f3bfe\e1i63x64.sys' to 'C:\Windows\System32\drivers\e1i63x64.sys'.
     dvi:                     Existing files modified, may need to restart related services.
     sto:                {Configure Driver Package: exit(0x00000bc3)}
     dvi:                Restart required for any devices using this driver.
     dvi:                Install Device: Configuring device (net1ic64.inf:pci\ven_8086&dev_1502,E1502.6.2). 05:11:55.679
     dvi:                Install Device: Configuring device completed. 05:11:55.679
     dvi:                Device Status: 0x01802000, Problem: 0x0 (0x00000000)
     dvi:                {Restarting Devices} 05:11:55.695
     dvi:                     Start: PCI\VEN_8086&DEV_1502&SUBSYS_05341028&REV_04\3&11583659&0&C8
!    dvi:                     Device pending start: Device has problem: 0x38 (CM_PROB_NEED_CLASS_CONFIG), problem status: 0x00000000.
     dvi:                {Restarting Devices exit} 05:11:55.760
     dvi:           {Configure Device - exit(0x00000000)} 05:11:55.761
     dvi:           Device Status: 0x01802400, Problem: 0x38
     dvi:      {Install Device - exit(0x00000000)} 05:11:55.784
     dvi: {Core Device Install - exit(0x00000000)} 05:11:55.785
     dvi: Waiting for device post-install to complete. 05:11:55.793
     dvi: Device post-install completed. 05:11:56.210
<<<  Section end 2018/03/27 05:11:56.210
<<<  [Exit status: SUCCESS]


>>>  [Setup online Device Install (Hardware initiated) - SWD\WPDBUSENUM\_??_USBSTOR#Disk&Ven_SanDisk&Prod_Extreme&Rev_0001#AA010215170355310594&0#{53f56307-b6bf-11d0-94f2-00a0c91efb8b}]
>>>  Section start 2018/03/27 05:11:54.868
     dvi: {Build Driver List} 05:11:54.900
     dvi:      Searching for compatible ID(s):
     dvi:           wpdbusenum\fs
     dvi:           swd\generic
     dvi:      Created Driver Node:
     dvi:           HardwareID   - wpdbusenum\fs
     dvi:           InfName      - C:\Windows\System32\DriverStore\FileRepository\wpdfs.inf_amd64_86b72dac27e0ea83\wpdfs.inf
     dvi:           DevDesc      - WPD FileSystem Volume Driver
     dvi:           Section      - Basic_Install
     dvi:           Rank         - 0x00ff2000
     dvi:           Signer Score - INBOX
     dvi:           DrvDate      - 06/21/2006
     dvi:           Version      - 10.0.16299.15
     dvi: {Build Driver List - exit(0x00000000)} 05:11:54.931
     dvi: {DIF_SELECTBESTCOMPATDRV} 05:11:54.931
     dvi:      Using exported function 'WpdClassInstaller' in module 'C:\Windows\system32\wpd_ci.dll'.
     dvi:      Class installer == wpd_ci.dll,WpdClassInstaller
     dvi:      Class installer: Enter 05:11:54.978
     dvi:      Class installer: Exit
     dvi:      Default installer: Enter 05:11:54.978
     dvi:           {Select Best Driver}
     dvi:                Class GUID of device changed to: {eec5ad98-8080-425f-922a-dabf3de3f69a}.
     dvi:                {DIF_DESTROYPRIVATEDATA} 05:11:54.978
     dvi:                     Class installer: Enter 05:11:54.978
     dvi:                     Class installer: Exit
     dvi:                     Default installer: Enter 05:11:54.978
     dvi:                     Default installer: Exit
     dvi:                {DIF_DESTROYPRIVATEDATA - exit(0xe000020e)} 05:11:54.978
     dvi:                Selected Driver:
     dvi:                     Description - WPD FileSystem Volume Driver
     dvi:                     InfFile     - c:\windows\system32\driverstore\filerepository\wpdfs.inf_amd64_86b72dac27e0ea83\wpdfs.inf
     dvi:                     Section     - Basic_Install
     dvi:           {Select Best Driver - exit(0x00000000)}
     dvi:      Default installer: Exit
     dvi: {DIF_SELECTBESTCOMPATDRV - exit(0x00000000)} 05:11:54.993
     dvi: Waiting for previous device install to complete. 05:11:54.993
     dvi: {Core Device Install} 05:11:55.786
     dvi:      {Install Device - SWD\WPDBUSENUM\_??_USBSTOR#DISK&VEN_SANDISK&PROD_EXTREME&REV_0001#AA010215170355310594&0#{53F56307-B6BF-11D0-94F2-00A0C91EFB8B}} 05:11:55.787
     dvi:           Device Status: 0x01802400, Problem: 0x1 (0xc0000493)
     dvi:           Parent device: STORAGE\Volume\_??_USBSTOR#Disk&Ven_SanDisk&Prod_Extreme&Rev_0001#AA010215170355310594&0#{53f56307-b6bf-11d0-94f2-00a0c91efb8b}
     dvi:           {Configure Device - SWD\WPDBUSENUM\_??_USBSTOR#DISK&VEN_SANDISK&PROD_EXTREME&REV_0001#AA010215170355310594&0#{53F56307-B6BF-11D0-94F2-00A0C91EFB8B}} 05:11:55.796
     dvi:                Device Status: 0x01802400, Problem: 0x1 (0xc0000493)
     dvi:                Parent device: STORAGE\Volume\_??_USBSTOR#Disk&Ven_SanDisk&Prod_Extreme&Rev_0001#AA010215170355310594&0#{53f56307-b6bf-11d0-94f2-00a0c91efb8b}
!    dvi:                Device class {eec5ad98-8080-425f-922a-dabf3de3f69a} is not configurable.
     dvi:           {Configure Device - exit(0x00000032)} 05:11:55.796
     dvi:           {DIF_ALLOW_INSTALL} 05:11:55.796
     dvi:                Using exported function 'WpdClassInstaller' in module 'C:\Windows\system32\wpd_ci.dll'.
     dvi:                Class installer == wpd_ci.dll,WpdClassInstaller
     dvi:                Using exported function 'CoDeviceInstall' in module 'C:\Windows\system32\WUDFCoinstaller.dll'.
     dvi:                CoInstaller 1 == WUDFCoinstaller.dll
     dvi:                CoInstaller 1: Enter 05:11:55.827
     dvi:                CoInstaller 1: Exit
     dvi:                Class installer: Enter 05:11:55.827
     dvi:                Class installer: Exit
     dvi:                Default installer: Enter 05:11:55.827
     dvi:                Default installer: Exit
     dvi:           {DIF_ALLOW_INSTALL - exit(0xe000020e)} 05:11:55.827
     dvi:           {DIF_INSTALLDEVICEFILES} 05:11:55.827
     dvi:                CoInstaller 1: Enter 05:11:55.827
     dvi:                CoInstaller 1: Exit
     dvi:                Class installer: Enter 05:11:55.827
     dvi:                Class installer: Exit
     dvi:                Default installer: Enter 05:11:55.827
     dvi:                Default installer: Exit
     dvi:           {DIF_INSTALLDEVICEFILES - exit(0x00000000)} 05:11:55.843
     flq:           Hardlinking 'C:\Windows\System32\DriverStore\FileRepository\wpdfs.inf_amd64_86b72dac27e0ea83\WpdFs.dll' to 'C:\Windows\system32\DRIVERS\UMDF\WpdFs.dll'.
     dvi:           {DIF_REGISTER_COINSTALLERS} 05:11:55.858
     dvi:                Reset Device: Resetting device configuration. 05:11:55.858
     dvi:                Reset Device: Resetting device configuration completed. 05:11:56.147
     dvi:                CoInstaller 1: Enter 05:11:56.147
     dvi:                CoInstaller 1: Exit
     dvi:                Class installer: Enter 05:11:56.147
     dvi:                Class installer: Exit
     dvi:                Default installer: Enter 05:11:56.147
     dvi:                     {DIF_DESTROYPRIVATEDATA} 05:11:56.147
     dvi:                          CoInstaller 1: Enter 05:11:56.147
     dvi:                          CoInstaller 1: Exit
     dvi:                          Class installer: Enter 05:11:56.147
     dvi:                          Class installer: Exit
     dvi:                          Default installer: Enter 05:11:56.147
     dvi:                          Default installer: Exit
     dvi:                     {DIF_DESTROYPRIVATEDATA - exit(0xe000020e)} 05:11:56.147
     dvi:                Default installer: Exit
     dvi:           {DIF_REGISTER_COINSTALLERS - exit(0x00000000)} 05:11:56.147
     dvi:           {DIF_INSTALLINTERFACES} 05:11:56.147
     dvi:                Using exported function 'CoDeviceInstall' in module 'C:\Windows\system32\WUDFCoInstaller.dll'.
     dvi:                CoInstaller 1 == WUDFCoInstaller.dll
     dvi:                CoInstaller 1: Enter 05:11:56.147
     dvi:                CoInstaller 1: Exit
     dvi:                Class installer: Enter 05:11:56.147
     dvi:                Class installer: Exit
     dvi:                Default installer: Enter 05:11:56.147
     dvi:                Default installer: Exit
     dvi:           {DIF_INSTALLINTERFACES - exit(0x00000000)} 05:11:56.147
     dvi:           {DIF_INSTALLDEVICE} 05:11:56.147
     dvi:                CoInstaller 1: Enter 05:11:56.147
     dvi:                CoInstaller 1: Exit
     dvi:                Class installer: Enter 05:11:56.210
     dvi:                     {Install DEVICE}
     dvi:                          {Writing Device Properties}
     dvi:                               Strong Name=wpdfs.inf:0c0663c081fd6f5b:Basic_Install:10.0.16299.15:wpdbusenum\fs
     dvi:                          {Writing Device Properties - Complete}
     inf:                          AddService=WUDFWpdFs,0x000001fa,WUDFWpdFs_ServiceInstall  (wpdfs.inf line 38)
     dvi:                          Add Service: Created service 'WUDFWpdFs'.
     dvi:                     {Install DEVICE exit (0x00000000)}
     dvi:                     Install Device: Configuring device class. 05:11:56.225
     dvi:                     Install Device: Configuring device class completed. 05:11:56.225
     dvi:                     Device Status: 0x01802400, Problem: 0x1 (0xc0000493)
     dvi:                     Install Device: Starting device 'SWD\WPDBUSENUM\_??_USBSTOR#DISK&VEN_SANDISK&PROD_EXTREME&REV_0001#AA010215170355310594&0#{53F56307-B6BF-11D0-94F2-00A0C91EFB8B}'. 05:11:56.225
     dvi:                     Install Device: Starting device completed. 05:11:56.507
     dvi:                Class installer: Exit
     dvi:                CoInstaller 1: Enter (Post Processing) 05:11:56.522
     dvi:                CoInstaller 1: Exit (Post Processing)
     dvi:           {DIF_INSTALLDEVICE - exit(0x00000000)} 05:11:56.538
     dvi:           {DIF_NEWDEVICEWIZARD_FINISHINSTALL} 05:11:56.538
     dvi:                CoInstaller 1: Enter 05:11:56.538
     dvi:                CoInstaller 1: Exit
     dvi:                Class installer: Enter 05:11:56.538
     dvi:                Class installer: Exit
     dvi:           {DIF_NEWDEVICEWIZARD_FINISHINSTALL - exit(0x00000000)} 05:11:56.725
     dvi:      {Install Device - exit(0x00000000)} 05:11:56.725
     dvi: {Core Device Install - exit(0x00000000)} 05:11:56.725
     dvi: {DIF_DESTROYPRIVATEDATA} 05:11:56.788
     dvi:      CoInstaller 1: Enter 05:11:56.788
     dvi:      CoInstaller 1: Exit
     dvi:      Class installer: Enter 05:11:56.788
     dvi:      Class installer: Exit
     dvi:      Default installer: Enter 05:11:56.850
     dvi:      Default installer: Exit
     dvi: {DIF_DESTROYPRIVATEDATA - exit(0xe000020e)} 05:11:56.850
<<<  Section end 2018/03/27 05:11:56.850
<<<  [Exit status: SUCCESS]


>>>  [Setup online Device Install (Hardware initiated) - PCI\VEN_14E4&DEV_4727&SUBSYS_00151028&REV_01\4&752ea02&0&00E1]
>>>  Section start 2018/03/27 05:11:55.181
     dvi: {Build Driver List} 05:11:55.197
     dvi:      Searching for hardware ID(s):
     dvi:           pci\ven_14e4&dev_4727&subsys_00151028&rev_01
     dvi:           pci\ven_14e4&dev_4727&subsys_00151028
     dvi:           pci\ven_14e4&dev_4727&cc_028000
     dvi:           pci\ven_14e4&dev_4727&cc_0280
     dvi:      Searching for compatible ID(s):
     dvi:           pci\ven_14e4&dev_4727&rev_01
     dvi:           pci\ven_14e4&dev_4727
     dvi:           pci\ven_14e4&cc_028000
     dvi:           pci\ven_14e4&cc_0280
     dvi:           pci\ven_14e4
     dvi:           pci\cc_028000
     dvi:           pci\cc_0280
     dvi:      Created Driver Node:
     dvi:           HardwareID   - PCI\VEN_14E4&DEV_4727
     dvi:           InfName      - C:\Windows\System32\DriverStore\FileRepository\netbc64.inf_amd64_b96cdf411c43c00c\netbc64.inf
     dvi:           DevDesc      - Broadcom 802.11n Network Adapter
     dvi:           Section      - BCM43XNG_NT63.NTamd64
     dvi:           Rank         - 0x00ff2001
     dvi:           Signer Score - INBOX
     dvi:           DrvDate      - 06/02/2013
     dvi:           Version      - 6.30.223.256
     dvi: {Build Driver List - exit(0x00000000)} 05:11:55.244
     dvi: {DIF_SELECTBESTCOMPATDRV} 05:11:55.244
     dvi:      Default installer: Enter 05:11:55.244
     dvi:           {Select Best Driver}
     dvi:                Class GUID of device changed to: {4d36e972-e325-11ce-bfc1-08002be10318}.
     dvi:                Selected Driver:
     dvi:                     Description - Broadcom 802.11n Network Adapter
     dvi:                     InfFile     - c:\windows\system32\driverstore\filerepository\netbc64.inf_amd64_b96cdf411c43c00c\netbc64.inf
     dvi:                     Section     - BCM43XNG_NT63
     dvi:           {Select Best Driver - exit(0x00000000)}
     dvi:      Default installer: Exit
     dvi: {DIF_SELECTBESTCOMPATDRV - exit(0x00000000)} 05:11:55.263
     dvi: Waiting for previous device install to complete. 05:11:55.264
     dvi: {Core Device Install} 05:11:56.725
     dvi:      {Install Device - PCI\VEN_14E4&DEV_4727&SUBSYS_00151028&REV_01\4&752EA02&0&00E1} 05:11:56.725
     dvi:           Device Status: 0x01802400, Problem: 0x12 (0xc0000493)
     dvi:           Parent device: PCI\VEN_8086&DEV_1E12&SUBSYS_05341028&REV_C4\3&11583659&0&E1
     dvi:           {Configure Device - PCI\VEN_14E4&DEV_4727&SUBSYS_00151028&REV_01\4&752EA02&0&00E1} 05:11:56.741
     dvi:                Device Status: 0x01802400, Problem: 0x12 (0xc0000493)
     dvi:                Parent device: PCI\VEN_8086&DEV_1E12&SUBSYS_05341028&REV_C4\3&11583659&0&E1
     dvi:           {Configure Device - exit(0x00000032)} 05:11:56.741
     dvi:           {DIF_ALLOW_INSTALL} 05:11:56.741
     dvi:                Default installer: Enter 05:11:56.741
     dvi:                Default installer: Exit
     dvi:           {DIF_ALLOW_INSTALL - exit(0xe000020e)} 05:11:56.741
     dvi:           {DIF_INSTALLDEVICEFILES} 05:11:56.741
     dvi:                Default installer: Enter 05:11:56.741
     dvi:                Default installer: Exit
     dvi:           {DIF_INSTALLDEVICEFILES - exit(0x00000000)} 05:11:56.757
     flq:           Hardlinking 'C:\Windows\System32\DriverStore\FileRepository\netbc64.inf_amd64_b96cdf411c43c00c\BCMWL63a.SYS' to 'C:\Windows\system32\DRIVERS\BCMWL63a.SYS'.
     dvi:           {DIF_REGISTER_COINSTALLERS} 05:11:56.757
     dvi:                Reset Device: Resetting device configuration. 05:11:56.757
     dvi:                Reset Device: Resetting device configuration completed. 05:11:56.757
     dvi:                Default installer: Enter 05:11:56.757
     dvi:                Default installer: Exit
     dvi:           {DIF_REGISTER_COINSTALLERS - exit(0x00000000)} 05:11:56.772
     dvi:           {DIF_INSTALLINTERFACES} 05:11:56.772
     dvi:                Default installer: Enter 05:11:56.772
     dvi:                Default installer: Exit
     dvi:           {DIF_INSTALLINTERFACES - exit(0x00000000)} 05:11:56.772
     dvi:           {DIF_INSTALLDEVICE} 05:11:56.772
     dvi:                Default installer: Enter 05:11:56.772
     dvi:                     {Install DEVICE}
     dvi:                          {Writing Device Properties}
     dvi:                               Strong Name=netbc64.inf:bbe15847960d9523:BCM43XNG_NT63:6.30.223.256:pci\ven_14e4&dev_4727
     dvi:                          {Writing Device Properties - Complete}
     inf:                          AddService=BCM43XX,2,BCM43XX_NT63.Service.NTamd64,common.EventLog  (netbc64.inf line 116)
     dvi:                          Add Service: Created service 'BCM43XX'.
     inf:                          AddService=vwifibus,,vwifibus_Service_Inst  (netvwifibus.inf line 76)
     dvi:                          Add Service: Modified existing service 'vwifibus'.
     dvi:                     {Install DEVICE exit (0x00000000)}
     sto:                     {Configure Driver Package: c:\windows\system32\driverstore\filerepository\netbc64.inf_amd64_b96cdf411c43c00c\netbc64.inf}
     sto:                          Source Filter  = BCM43XNG_NT63.NTamd64
     sto:                          Target Filter  = PCI\VEN_14E4&DEV_4727&SUBSYS_00151028&REV_01\4&752EA02&0&00E1
     inf:                          Class GUID     = {4d36e972-e325-11ce-bfc1-08002be10318}
     inf:                          Class Options  = Configurable
     inf:                          {Configure Driver: Broadcom 802.11n Network Adapter}
     inf:                               Section Name = BCM43XNG_NT63.NTamd64
     inf:                          {Configure Driver: exit(0x00000000)}
     inf:                          {Configure Driver: Broadcom 802.11n Network Adapter}
     inf:                               Section Name = BCM43XNG_NT63.NTamd64
     inf:                          {Configure Driver: exit(0x00000000)}
     inf:                          {Configure Driver: Broadcom 802.11n Network Adapter}
     inf:                               Section Name = BCM43XNG_NT63.NTamd64
     inf:                               {Configure Device: PCI\VEN_14E4&DEV_4727&SUBSYS_00151028&REV_01\4&752EA02&0&00E1}
     inf:                               {Configure Device: exit(0x00000000)}
     inf:                          {Configure Driver: exit(0x00000000)}
     inf:                          {Configure Driver: Broadcom 802.11n Network Adapter}
     inf:                               Section Name = BCM43XNG_NT63.NTamd64
     inf:                          {Configure Driver: exit(0x00000000)}
     sto:                     {Configure Driver Package: exit(0x00000000)}
     dvi:                     Install Device: Configuring device class. 05:11:56.819
     dvi:                     Install Device: Configuring device class completed. 05:11:56.819
     dvi:                     Device Status: 0x01802400, Problem: 0x12 (0xc0000493)
     dvi:                     {Restarting Devices} 05:11:56.819
     dvi:                          Start: PCI\VEN_14E4&DEV_4727&SUBSYS_00151028&REV_01\4&752EA02&0&00E1
     dvi:                     {Restarting Devices exit} 05:11:56.928
     dvi:                Default installer: Exit
     dvi:           {DIF_INSTALLDEVICE - exit(0x00000000)} 05:11:56.928
     dvi:           {DIF_NEWDEVICEWIZARD_FINISHINSTALL} 05:11:56.928
     dvi:                Default installer: Enter 05:11:56.928
     dvi:                Default installer: Exit
     dvi:           {DIF_NEWDEVICEWIZARD_FINISHINSTALL - exit(0xe000020e)} 05:11:56.928
     dvi:      {Install Device - exit(0x00000000)} 05:11:56.944
     dvi: {Core Device Install - exit(0x00000000)} 05:11:56.944
     dvi: Waiting for device post-install to complete. 05:11:56.944
     dvi: Device post-install completed. 05:11:57.272
<<<  Section end 2018/03/27 05:11:57.288
<<<  [Exit status: SUCCESS]


>>>  [Setup online Device Install (Hardware initiated) - HDAUDIO\FUNC_01&VEN_111D&DEV_76DF&SUBSYS_10280534&REV_1002\4&1a5cb910&0&0001]
>>>  Section start 2018/03/27 05:11:55.413
     dvi: {Build Driver List} 05:11:55.429
     dvi:      Searching for hardware ID(s):
     dvi:           hdaudio\func_01&ven_111d&dev_76df&subsys_10280534&rev_1002
     dvi:           hdaudio\func_01&ven_111d&dev_76df&subsys_10280534
     dvi:      Searching for compatible ID(s):
     dvi:           hdaudio\func_01&ctlr_ven_8086&ctlr_dev_1e20&ven_111d&dev_76df&rev_1002
     dvi:           hdaudio\func_01&ctlr_ven_8086&ven_111d&dev_76df&rev_1002
     dvi:           hdaudio\func_01&ven_111d&dev_76df&rev_1002
     dvi:           hdaudio\func_01&ctlr_ven_8086&ctlr_dev_1e20&ven_111d&dev_76df
     dvi:           hdaudio\func_01&ctlr_ven_8086&ven_111d&dev_76df
     dvi:           hdaudio\func_01&ven_111d&dev_76df
     dvi:           hdaudio\func_01&ctlr_ven_8086&ctlr_dev_1e20&ven_111d
     dvi:           hdaudio\func_01&ctlr_ven_8086&ven_111d
     dvi:           hdaudio\func_01&ven_111d
     dvi:           hdaudio\func_01&ctlr_ven_8086&ctlr_dev_1e20
     dvi:           hdaudio\func_01&ctlr_ven_8086
     dvi:           hdaudio\func_01&gf&ven_111d&dev_76df&subsys_10280534&rev_1002
     dvi:           hdaudio\func_01
     dvi:      Created Driver Node:
     dvi:           HardwareID   - HDAUDIO\FUNC_01
     dvi:           InfName      - C:\Windows\System32\DriverStore\FileRepository\hdaudio.inf_amd64_a0aad29292cb565f\hdaudio.inf
     dvi:           DevDesc      - High Definition Audio Device
     dvi:           Section      - HdAudModel
     dvi:           Rank         - 0x00ff300c
     dvi:           Signer Score - INBOX
     dvi:           DrvDate      - 09/28/2017
     dvi:           Version      - 10.0.16299.15
     dvi: {Build Driver List - exit(0x00000000)} 05:11:55.476
     dvi: {DIF_SELECTBESTCOMPATDRV} 05:11:55.476
     dvi:      Using exported function 'MediaClassInstaller' in module 'C:\Windows\system32\mmci.dll'.
     dvi:      Class installer == mmci.dll,MediaClassInstaller
     dvi:      Class installer: Enter 05:11:55.538
     dvi:      Class installer: Exit
     dvi:      Default installer: Enter 05:11:55.538
     dvi:           {Select Best Driver}
     dvi:                Class GUID of device changed to: {4d36e96c-e325-11ce-bfc1-08002be10318}.
     dvi:                {DIF_DESTROYPRIVATEDATA} 05:11:55.538
     dvi:                     Class installer: Enter 05:11:55.538
     dvi:                     Class installer: Exit
     dvi:                     Default installer: Enter 05:11:55.538
     dvi:                     Default installer: Exit
     dvi:                {DIF_DESTROYPRIVATEDATA - exit(0xe000020e)} 05:11:55.538
     dvi:                Selected Driver:
     dvi:                     Description - High Definition Audio Device
     dvi:                     InfFile     - c:\windows\system32\driverstore\filerepository\hdaudio.inf_amd64_a0aad29292cb565f\hdaudio.inf
     dvi:                     Section     - HdAudModel
     dvi:           {Select Best Driver - exit(0x00000000)}
     dvi:      Default installer: Exit
     dvi: {DIF_SELECTBESTCOMPATDRV - exit(0x00000000)} 05:11:55.538
     dvi: Waiting for previous device install to complete. 05:11:55.538
     dvi: {Core Device Install} 05:11:56.944
     dvi:      {Install Device - HDAUDIO\FUNC_01&VEN_111D&DEV_76DF&SUBSYS_10280534&REV_1002\4&1A5CB910&0&0001} 05:11:56.944
     dvi:           Device Status: 0x01802400, Problem: 0x12 (0xc0000493)
     dvi:           Parent device: PCI\VEN_8086&DEV_1E20&SUBSYS_05341028&REV_04\3&11583659&0&D8
     dvi:           {Configure Device - HDAUDIO\FUNC_01&VEN_111D&DEV_76DF&SUBSYS_10280534&REV_1002\4&1A5CB910&0&0001} 05:11:56.960
     dvi:                Device Status: 0x01802400, Problem: 0x12 (0xc0000493)
     dvi:                Parent device: PCI\VEN_8086&DEV_1E20&SUBSYS_05341028&REV_04\3&11583659&0&D8
!    dvi:                Device class {4d36e96c-e325-11ce-bfc1-08002be10318} is not configurable.
     dvi:           {Configure Device - exit(0x00000032)} 05:11:56.960
     dvi:           {DIF_ALLOW_INSTALL} 05:11:56.960
     dvi:                Using exported function 'MediaClassInstaller' in module 'C:\Windows\system32\mmci.dll'.
     dvi:                Class installer == mmci.dll,MediaClassInstaller
     dvi:                Class installer: Enter 05:11:56.960
     dvi:                Class installer: Exit
     dvi:                Default installer: Enter 05:11:56.960
     dvi:                Default installer: Exit
     dvi:           {DIF_ALLOW_INSTALL - exit(0xe000020e)} 05:11:56.960
     dvi:           {DIF_INSTALLDEVICEFILES} 05:11:56.960
     dvi:                Class installer: Enter 05:11:56.960
     dvi:                Class installer: Exit
     dvi:                Default installer: Enter 05:11:56.960
     dvi:                Default installer: Exit
     dvi:           {DIF_INSTALLDEVICEFILES - exit(0x00000000)} 05:11:57.022
     flq:           File 'C:\Windows\system32\DRIVERS\drmk.sys' pruned from copy.
     flq:           File 'C:\Windows\system32\DRIVERS\portcls.sys' pruned from copy.
     flq:           Hardlinking 'C:\Windows\System32\DriverStore\FileRepository\hdaudio.inf_amd64_a0aad29292cb565f\HdAudio.sys' to 'C:\Windows\system32\DRIVERS\HdAudio.sys'.
     flq:           Hardlinking 'C:\Windows\System32\DriverStore\FileRepository\wdmaudio.inf_amd64_6b5a0534c3cf6f82\WMALFXGFXDSP.dll' to 'C:\Windows\system32\WMALFXGFXDSP.dll'.
     flq:           Hardlinking 'C:\Windows\System32\DriverStore\FileRepository\wdmaudio.inf_amd64_6b5a0534c3cf6f82\SysFxUI.dll' to 'C:\Windows\system32\SysFxUI.dll'.
     dvi:           {DIF_REGISTER_COINSTALLERS} 05:11:57.069
     dvi:                Reset Device: Resetting device configuration. 05:11:57.069
     dvi:                Reset Device: Resetting device configuration completed. 05:11:57.272
     dvi:                Class installer: Enter 05:11:57.272
     dvi:                Class installer: Exit
     dvi:                Default installer: Enter 05:11:57.272
     dvi:                Default installer: Exit
     dvi:           {DIF_REGISTER_COINSTALLERS - exit(0x00000000)} 05:11:57.288
     dvi:           {DIF_INSTALLINTERFACES} 05:11:57.288
     dvi:                Class installer: Enter 05:11:57.288
     dvi:                Class installer: Exit
     dvi:                Default installer: Enter 05:11:57.288
     dvi:                Default installer: Exit
     dvi:           {DIF_INSTALLINTERFACES - exit(0x00000000)} 05:11:57.288
     dvi:           {DIF_INSTALLDEVICE} 05:11:57.288
     dvi:                Class installer: Enter 05:11:57.288
     dvi:                     {Install DEVICE}
     dvi:                          {Writing Device Properties}
     dvi:                               Strong Name=hdaudio.inf:db04a16ce4e8d6ee:HdAudModel:10.0.16299.15:hdaudio\func_01
     dvi:                          {Writing Device Properties - Complete}
     inf:                          AddService=HdAudAddService,0x00000002,HdAud_Service_Install  (hdaudio.inf line 91)
     dvi:                          Add Service: Created service 'HdAudAddService'.
     dvi:                     {Install DEVICE exit (0x00000000)}
     sto:                     {Configure Driver Package: c:\windows\system32\driverstore\filerepository\hdaudio.inf_amd64_a0aad29292cb565f\hdaudio.inf}
     sto:                          Source Filter  = HdAudModel
     sto:                          Target Filter  = HDAUDIO\FUNC_01&VEN_111D&DEV_76DF&SUBSYS_10280534&REV_1002\4&1A5CB910&0&0001
     inf:                          Class GUID     = {4d36e96c-e325-11ce-bfc1-08002be10318}
     inf:                          {Configure Driver: High Definition Audio Device}
     inf:                               Section Name = HdAudModel
     inf:                               {Configure Device: HDAUDIO\FUNC_01&VEN_111D&DEV_76DF&SUBSYS_10280534&REV_1002\4&1A5CB910&0&0001}
     inf:                               {Configure Device: exit(0x00000000)}
     inf:                          {Configure Driver: exit(0x00000000)}
     sto:                     {Configure Driver Package: exit(0x00000000)}
     dvi:                     Install Device: Configuring device class. 05:11:57.678
     dvi:                     Install Device: Configuring device class completed. 05:11:57.678
     dvi:                     Device Status: 0x01802400, Problem: 0x12 (0xc0000493)
     dvi:                     {Restarting Devices} 05:11:57.678
     dvi:                          Start: HDAUDIO\FUNC_01&VEN_111D&DEV_76DF&SUBSYS_10280534&REV_1002\4&1A5CB910&0&0001
     dvi:                     {Restarting Devices exit} 05:11:57.741
     dvi:                Class installer: Exit
     dvi:           {DIF_INSTALLDEVICE - exit(0x00000000)} 05:11:57.788
     dvi:           {DIF_NEWDEVICEWIZARD_FINISHINSTALL} 05:11:57.803
     dvi:                Class installer: Enter 05:11:57.803
     dvi:                Class installer: Exit
     dvi:                Default installer: Enter 05:11:57.819
     dvi:                Default installer: Exit
     dvi:           {DIF_NEWDEVICEWIZARD_FINISHINSTALL - exit(0xe000020e)} 05:11:57.819
     dvi:      {Install Device - exit(0x00000000)} 05:11:57.835
     dvi: {Core Device Install - exit(0x00000000)} 05:11:57.835
     dvi: {DIF_DESTROYPRIVATEDATA} 05:11:57.835
     dvi:      Class installer: Enter 05:11:57.835
     dvi:      Class installer: Exit
     dvi:      Default installer: Enter 05:11:57.835
     dvi:      Default installer: Exit
     dvi: {DIF_DESTROYPRIVATEDATA - exit(0xe000020e)} 05:11:57.835
<<<  Section end 2018/03/27 05:11:57.835
<<<  [Exit status: SUCCESS]


>>>  [Setup online Device Install (Hardware initiated) - USB\VID_0C45&PID_643F&MI_00\7&2bca401f&0&0000]
>>>  Section start 2018/03/27 05:11:56.210
     dvi: {Build Driver List} 05:11:56.210
     dvi:      Searching for hardware ID(s):
     dvi:           usb\vid_0c45&pid_643f&rev_2806&mi_00
     dvi:           usb\vid_0c45&pid_643f&mi_00
     dvi:      Searching for compatible ID(s):
     dvi:           usb\class_0e&subclass_03&prot_00
     dvi:           usb\class_0e&subclass_03
     dvi:           usb\class_0e
     dvi:      Created Driver Node:
     dvi:           HardwareID   - USB\CLASS_0E
     dvi:           InfName      - C:\Windows\System32\DriverStore\FileRepository\usbvideo.inf_amd64_24cfe085f164e292\usbvideo.inf
     dvi:           DevDesc      - USB Video Device
     dvi:           Section      - USBVideo.NT
     dvi:           Rank         - 0x00ff2002
     dvi:           Signer Score - INBOX
     dvi:           DrvDate      - 06/21/2006
     dvi:           Version      - 10.0.16299.15
     dvi: {Build Driver List - exit(0x00000000)} 05:11:56.257
     dvi: {DIF_SELECTBESTCOMPATDRV} 05:11:56.257
     dvi:      Default installer: Enter 05:11:56.257
     dvi:           {Select Best Driver}
     dvi:                Class GUID of device changed to: {ca3e7ab9-b4c3-4ae6-8251-579ef933890f}.
     dvi:                Selected Driver:
     dvi:                     Description - USB Video Device
     dvi:                     InfFile     - c:\windows\system32\driverstore\filerepository\usbvideo.inf_amd64_24cfe085f164e292\usbvideo.inf
     dvi:                     Section     - USBVideo
     dvi:           {Select Best Driver - exit(0x00000000)}
     dvi:      Default installer: Exit
     dvi: {DIF_SELECTBESTCOMPATDRV - exit(0x00000000)} 05:11:56.257
     dvi: Waiting for previous device install to complete. 05:11:56.257
     dvi: {Core Device Install} 05:11:57.835
     dvi:      {Install Device - USB\VID_0C45&PID_643F&MI_00\7&2BCA401F&0&0000} 05:11:57.897
     dvi:           Device Status: 0x01802400, Problem: 0x12 (0xc0000493)
     dvi:           Parent device: USB\VID_0C45&PID_643F\6&c0f0d73&0&5
     dvi:           {Configure Device - USB\VID_0C45&PID_643F&MI_00\7&2BCA401F&0&0000} 05:11:57.897
     dvi:                Device Status: 0x01802400, Problem: 0x12 (0xc0000493)
     dvi:                Parent device: USB\VID_0C45&PID_643F\6&c0f0d73&0&5
     sto:                {Configure Driver Package: C:\Windows\System32\DriverStore\FileRepository\usbvideo.inf_amd64_24cfe085f164e292\usbvideo.inf}
     sto:                     Source Filter  = usb\class_0e
     inf:                     Class GUID     = {ca3e7ab9-b4c3-4ae6-8251-579ef933890f}
     inf:                     Class Options  = Configurable
     inf:                     {Configure Driver: USB Video Device}
     inf:                          Section Name = USBVideo.NT
     inf:                          {Add Service: usbvideo}
     inf:                               Start Type    = 3
     inf:                               Service Type  = 1
     inf:                               Error Control = 1
     inf:                               Image Path    = \SystemRoot\System32\Drivers\usbvideo.sys
     inf:                               Display Name  = USB Video Device (WDM)
     inf:                               Created new service 'usbvideo'.
     inf:                          {Add Service: exit(0x00000000)}
     inf:                          Hardware Id  = USB\CLASS_0E
     inf:                          {Configure Driver Configuration: USBVideo.NT}
     inf:                               Service Name  = usbvideo
     inf:                               Included INFs = ks.inf
     inf:                                               kscaptur.inf
     inf:                                               pci.inf
     inf:                               Include Scope = Services
     inf:                               Config Flags  = 0x00000000
     inf:                          {Configure Driver Configuration: exit(0x00000000)}
     inf:                     {Configure Driver: exit(0x00000000)}
     flq:                     Hardlinking 'C:\Windows\System32\DriverStore\FileRepository\usbvideo.inf_amd64_24cfe085f164e292\usbvideo.sys' to 'C:\Windows\system32\drivers\usbvideo.sys'.
     dvi:                     Existing files modified, may need to restart related services.
     sto:                {Configure Driver Package: exit(0x00000bc3)}
     dvi:                Restart required for any devices using this driver.
     dvi:                Install Device: Configuring device (usbvideo.inf:usb\class_0e,USBVideo.NT). 05:11:58.022
     dvi:                Install Device: Configuring device completed. 05:11:58.022
     dvi:                Device Status: 0x01802000, Problem: 0x0 (0x00000000)
     dvi:                {Restarting Devices} 05:11:58.022
     dvi:                     Start: USB\VID_0C45&PID_643F&MI_00\7&2BCA401F&0&0000
     dvi:                {Restarting Devices exit} 05:11:58.394
     dvi:           {Configure Device - exit(0x00000000)} 05:11:58.394
     dvi:      {Install Device - exit(0x00000000)} 05:11:58.394
     dvi: {Core Device Install - exit(0x00000000)} 05:11:58.394
<<<  Section end 2018/03/27 05:11:58.394
<<<  [Exit status: SUCCESS]


>>>  [Setup online Device Install (Hardware initiated) - {5d624f94-8850-40c3-a3fa-a4fd2080baf3}\vwifimp_wfd\5&2b14fa57&0&11]
>>>  Section start 2018/03/27 05:11:57.319
     dvi: {Build Driver List} 05:11:57.319
     dvi:      Searching for hardware ID(s):
     dvi:           {5d624f94-8850-40c3-a3fa-a4fd2080baf3}\vwifimp_wfd
     dvi:      Searching for compatible ID(s):
     dvi:           {5d624f94-8850-40c3-a3fa-a4fd2080baf3}\vwifimp_wfd
     dvi:      Created Driver Node:
     dvi:           HardwareID   - {5d624f94-8850-40c3-a3fa-a4fd2080baf3}\vwifimp_wfd
     dvi:           InfName      - C:\Windows\System32\DriverStore\FileRepository\netvwifimp.inf_amd64_6329c29098c07306\netvwifimp.inf
     dvi:           DevDesc      - Microsoft Wi-Fi Direct Virtual Adapter
     dvi:           Section      - vwifimp_wfd.ndi
     dvi:           Rank         - 0x00ff0000
     dvi:           Signer Score - INBOX
     dvi:           DrvDate      - 06/21/2006
     dvi:           Version      - 10.0.16299.15
     dvi: {Build Driver List - exit(0x00000000)} 05:11:57.553
     dvi: {DIF_SELECTBESTCOMPATDRV} 05:11:57.553
     dvi:      Default installer: Enter 05:11:57.553
     dvi:           {Select Best Driver}
     dvi:                Class GUID of device changed to: {4d36e972-e325-11ce-bfc1-08002be10318}.
     dvi:                Selected Driver:
     dvi:                     Description - Microsoft Wi-Fi Direct Virtual Adapter
     dvi:                     InfFile     - c:\windows\system32\driverstore\filerepository\netvwifimp.inf_amd64_6329c29098c07306\netvwifimp.inf
     dvi:                     Section     - vwifimp_wfd.ndi
     dvi:           {Select Best Driver - exit(0x00000000)}
     dvi:      Default installer: Exit
     dvi: {DIF_SELECTBESTCOMPATDRV - exit(0x00000000)} 05:11:57.553
     dvi: Waiting for previous device install to complete. 05:11:57.553
     dvi: {Core Device Install} 05:11:58.394
     dvi:      {Install Device - {5D624F94-8850-40C3-A3FA-A4FD2080BAF3}\VWIFIMP_WFD\5&2B14FA57&0&11} 05:11:58.394
     dvi:           Device Status: 0x01802400, Problem: 0x1 (0xc0000493)
     dvi:           Parent device: PCI\VEN_14E4&DEV_4727&SUBSYS_00151028&REV_01\4&752ea02&0&00E1
     dvi:           {Configure Device - {5D624F94-8850-40C3-A3FA-A4FD2080BAF3}\VWIFIMP_WFD\5&2B14FA57&0&11} 05:11:58.394
     dvi:                Device Status: 0x01802400, Problem: 0x1 (0xc0000493)
     dvi:                Parent device: PCI\VEN_14E4&DEV_4727&SUBSYS_00151028&REV_01\4&752ea02&0&00E1
     sto:                {Configure Driver Package: C:\Windows\System32\DriverStore\FileRepository\netvwifimp.inf_amd64_6329c29098c07306\netvwifimp.inf}
     sto:                     Source Filter  = {5d624f94-8850-40c3-a3fa-a4fd2080baf3}\vwifimp_wfd
     inf:                     Class GUID     = {4d36e972-e325-11ce-bfc1-08002be10318}
     inf:                     Class Options  = Configurable
     inf:                     {Configure Driver: Microsoft Wi-Fi Direct Virtual Adapter}
     inf:                          Section Name = vwifimp_wfd.ndi
     inf:                          {Add Service: vwifimp}
     inf:                               Start Type    = 3
     inf:                               Service Type  = 1
     inf:                               Error Control = 1
     inf:                               Image Path    = \SystemRoot\System32\drivers\vwifimp.sys
     inf:                               Display Name  = @%SystemRoot%\System32\drivers\vwifimp.sys,-261
     inf:                               Group         = NDIS
     inf:                               Created new service 'vwifimp'.
     inf:                          {Add Service: exit(0x00000000)}
     inf:                          Hardware Id  = {5d624f94-8850-40c3-a3fa-a4fd2080baf3}\vwifimp_wfd
     inf:                          {Configure Driver Configuration: vwifimp_wfd.ndi}
     inf:                               Service Name  = vwifimp
     inf:                               Config Flags  = 0x00000000
     inf:                          {Configure Driver Configuration: exit(0x00000000)}
     inf:                     {Configure Driver: exit(0x00000000)}
     sto:                {Configure Driver Package: exit(0x00000000)}
     dvi:                Install Device: Configuring device (netvwifimp.inf:{5d624f94-8850-40c3-a3fa-a4fd2080baf3}\vwifimp_wfd,vwifimp_wfd.ndi). 05:11:58.409
     dvi:                Install Device: Configuring device completed. 05:11:58.425
     dvi:                Device Status: 0x01802000, Problem: 0x0 (0x00000000)
     dvi:                Install Device: Starting device '{5D624F94-8850-40C3-A3FA-A4FD2080BAF3}\VWIFIMP_WFD\5&2B14FA57&0&11'. 05:11:58.425
     dvi:                Install Device: Starting device completed. 05:11:58.441
!    dvi:                Device pending start: Device has problem: 0x38 (CM_PROB_NEED_CLASS_CONFIG), problem status: 0x00000000.
     dvi:           {Configure Device - exit(0x00000000)} 05:11:58.441
     dvi:           Device Status: 0x01802400, Problem: 0x38
     dvi:      {Install Device - exit(0x00000000)} 05:11:58.441
     dvi: {Core Device Install - exit(0x00000000)} 05:11:58.441
     dvi: Waiting for device post-install to complete. 05:11:58.441
     dvi: Device post-install completed. 05:11:58.584
<<<  Section end 2018/03/27 05:11:58.599
<<<  [Exit status: SUCCESS]

